<?xml version="1.0" encoding="utf-8"?>
<TestRun id="8e3d42a6-3d67-4dc5-961e-cbd1d95cb68f" name="Niroshana@LAPTOP-23VGHTR6 2026-06-04 19:23:37" runUser="LAPTOP-23VGHTR6\Niroshana" xmlns="http://microsoft.com/schemas/VisualStudio/TeamTest/2010">
  <Times creation="2026-06-04T19:23:37.1947942-04:00" queuing="2026-06-04T19:23:37.1947945-04:00" start="2026-06-04T19:23:34.6222884-04:00" finish="2026-06-04T19:23:37.3490307-04:00" />
  <TestSettings name="default" id="98bf188b-27e9-485e-a090-effb8cdbdffd">
    <Deployment runDeploymentRoot="Niroshana_LAPTOP-23VGHTR6_2026-06-04_19_23_37" />
  </TestSettings>
  <Results>
    <UnitTestResult executionId="24a68313-62e1-417b-9ef9-bc5f148c6977" testId="1ed93cdd-5aff-5e1a-b2dc-dc3b2fcc4172" testName="LankaConnect.BuildingBlocks.Infrastructure.Tests.BaseDbContextMultiTenantTests.Insert_RespectsExplicitTenantAssignment_DoesNotForceCurrentTenant" computerName="LAPTOP-23VGHTR6" duration="00:00:00.0042422" startTime="2026-06-04T19:23:37.2626580-04:00" endTime="2026-06-04T19:23:37.2626582-04:00" testType="13cdc9d9-ddb5-4fa4-a97d-d965ccfc6d4b" outcome="Passed" testListId="8c84fa94-04c1-424b-9868-57a2d4851a1d" relativeResultsDirectory="24a68313-62e1-417b-9ef9-bc5f148c6977" />
    <UnitTestResult executionId="3a580f74-8fa8-4a63-89cf-d86d9e748532" testId="d868f616-e5b3-ec28-4ef5-37ec4e1fa681" testName="LankaConnect.BuildingBlocks.Infrastructure.Tests.BaseDbContextMultiTenantTests.Query_AfterTenantFlip_ReturnsRowsForNewTenant" computerName="LAPTOP-23VGHTR6" duration="00:00:00.0174387" startTime="2026-06-04T19:23:37.2592057-04:00" endTime="2026-06-04T19:23:37.2592058-04:00" testType="13cdc9d9-ddb5-4fa4-a97d-d965ccfc6d4b" outcome="Failed" testListId="8c84fa94-04c1-424b-9868-57a2d4851a1d" relativeResultsDirectory="3a580f74-8fa8-4a63-89cf-d86d9e748532">
      <Output>
        <ErrorInfo>
          <Message>Expected rows to contain 2 item(s) because after flip, only B-tenant rows visible, but found 0: {empty}.</Message>
          <StackTrace>   at FluentAssertions.Execution.XUnit2TestFramework.Throw(String message)&#xD;
   at FluentAssertions.Execution.TestFrameworkProvider.Throw(String message)&#xD;
   at FluentAssertions.Execution.DefaultAssertionStrategy.HandleFailure(String message)&#xD;
   at FluentAssertions.Execution.AssertionScope.FailWith(Func`1 failReasonFunc)&#xD;
   at FluentAssertions.Execution.AssertionScope.FailWith(Func`1 failReasonFunc)&#xD;
   at FluentAssertions.Execution.AssertionScope.FailWith(String message, Object[] args)&#xD;
   at FluentAssertions.Collections.GenericCollectionAssertions`3.HaveCount(Int32 expected, String because, Object[] becauseArgs)&#xD;
   at LankaConnect.BuildingBlocks.Infrastructure.Tests.BaseDbContextMultiTenantTests.Query_AfterTenantFlip_ReturnsRowsForNewTenant() in C:\Work\LankaConnect\tests\LankaConnect.BuildingBlocks.Infrastructure.Tests\BaseDbContextMultiTenantTests.cs:line 45&#xD;
--- End of stack trace from previous location ---</StackTrace>
        </ErrorInfo>
      </Output>
    </UnitTestResult>
    <UnitTestResult executionId="ded2769c-580d-4461-b969-68938ea0856a" testId="cc201a63-1879-243c-0cc1-db982583db9d" testName="LankaConnect.BuildingBlocks.Infrastructure.Tests.BaseDbContextMultiTenantTests.Query_IgnoreQueryFilters_ReturnsAllRowsAcrossTenants" computerName="LAPTOP-23VGHTR6" duration="00:00:00.7520882" startTime="2026-06-04T19:23:37.0423336-04:00" endTime="2026-06-04T19:23:37.0423940-04:00" testType="13cdc9d9-ddb5-4fa4-a97d-d965ccfc6d4b" outcome="Passed" testListId="8c84fa94-04c1-424b-9868-57a2d4851a1d" relativeResultsDirectory="ded2769c-580d-4461-b969-68938ea0856a" />
    <UnitTestResult executionId="3c059e7d-7509-4d3e-b1b8-fce751bb0d89" testId="5fccb224-25dc-f076-e17c-c88a5f4dc81f" testName="LankaConnect.BuildingBlocks.Infrastructure.Tests.BaseDbContextMultiTenantTests.Query_ReturnsOnlyRowsForCurrentTenant" computerName="LAPTOP-23VGHTR6" duration="00:00:00.1975953" startTime="2026-06-04T19:23:37.2456313-04:00" endTime="2026-06-04T19:23:37.2456315-04:00" testType="13cdc9d9-ddb5-4fa4-a97d-d965ccfc6d4b" outcome="Failed" testListId="8c84fa94-04c1-424b-9868-57a2d4851a1d" relativeResultsDirectory="3c059e7d-7509-4d3e-b1b8-fce751bb0d89">
      <Output>
        <ErrorInfo>
          <Message>Expected rows to contain 2 item(s) because current tenant is A; B-tenant rows must be filtered out, but found 0: {empty}.</Message>
          <StackTrace>   at FluentAssertions.Execution.XUnit2TestFramework.Throw(String message)&#xD;
   at FluentAssertions.Execution.TestFrameworkProvider.Throw(String message)&#xD;
   at FluentAssertions.Execution.DefaultAssertionStrategy.HandleFailure(String message)&#xD;
   at FluentAssertions.Execution.AssertionScope.FailWith(Func`1 failReasonFunc)&#xD;
   at FluentAssertions.Execution.AssertionScope.FailWith(Func`1 failReasonFunc)&#xD;
   at FluentAssertions.Execution.AssertionScope.FailWith(String message, Object[] args)&#xD;
   at FluentAssertions.Collections.GenericCollectionAssertions`3.HaveCount(Int32 expected, String because, Object[] becauseArgs)&#xD;
   at LankaConnect.BuildingBlocks.Infrastructure.Tests.BaseDbContextMultiTenantTests.Query_ReturnsOnlyRowsForCurrentTenant() in C:\Work\LankaConnect\tests\LankaConnect.BuildingBlocks.Infrastructure.Tests\BaseDbContextMultiTenantTests.cs:line 24&#xD;
--- End of stack trace from previous location ---</StackTrace>
        </ErrorInfo>
      </Output>
    </UnitTestResult>
  </Results>
  <TestDefinitions>
    <UnitTest name="LankaConnect.BuildingBlocks.Infrastructure.Tests.BaseDbContextMultiTenantTests.Query_IgnoreQueryFilters_ReturnsAllRowsAcrossTenants" storage="c:\work\lankaconnect\tests\lankaconnect.buildingblocks.infrastructure.tests\bin\debug\net8.0\lankaconnect.buildingblocks.infrastructure.tests.dll" id="cc201a63-1879-243c-0cc1-db982583db9d">
      <Execution id="ded2769c-580d-4461-b969-68938ea0856a" />
      <TestMethod codeBase="C:\Work\LankaConnect\tests\LankaConnect.BuildingBlocks.Infrastructure.Tests\bin\Debug\net8.0\LankaConnect.BuildingBlocks.Infrastructure.Tests.dll" adapterTypeName="executor://xunit/VsTestRunner2/netcoreapp" className="LankaConnect.BuildingBlocks.Infrastructure.Tests.BaseDbContextMultiTenantTests" name="Query_IgnoreQueryFilters_ReturnsAllRowsAcrossTenants" />
    </UnitTest>
    <UnitTest name="LankaConnect.BuildingBlocks.Infrastructure.Tests.BaseDbContextMultiTenantTests.Query_AfterTenantFlip_ReturnsRowsForNewTenant" storage="c:\work\lankaconnect\tests\lankaconnect.buildingblocks.infrastructure.tests\bin\debug\net8.0\lankaconnect.buildingblocks.infrastructure.tests.dll" id="d868f616-e5b3-ec28-4ef5-37ec4e1fa681">
      <Execution id="3a580f74-8fa8-4a63-89cf-d86d9e748532" />
      <TestMethod codeBase="C:\Work\LankaConnect\tests\LankaConnect.BuildingBlocks.Infrastructure.Tests\bin\Debug\net8.0\LankaConnect.BuildingBlocks.Infrastructure.Tests.dll" adapterTypeName="executor://xunit/VsTestRunner2/netcoreapp" className="LankaConnect.BuildingBlocks.Infrastructure.Tests.BaseDbContextMultiTenantTests" name="Query_AfterTenantFlip_ReturnsRowsForNewTenant" />
    </UnitTest>
    <UnitTest name="LankaConnect.BuildingBlocks.Infrastructure.Tests.BaseDbContextMultiTenantTests.Query_ReturnsOnlyRowsForCurrentTenant" storage="c:\work\lankaconnect\tests\lankaconnect.buildingblocks.infrastructure.tests\bin\debug\net8.0\lankaconnect.buildingblocks.infrastructure.tests.dll" id="5fccb224-25dc-f076-e17c-c88a5f4dc81f">
      <Execution id="3c059e7d-7509-4d3e-b1b8-fce751bb0d89" />
      <TestMethod codeBase="C:\Work\LankaConnect\tests\LankaConnect.BuildingBlocks.Infrastructure.Tests\bin\Debug\net8.0\LankaConnect.BuildingBlocks.Infrastructure.Tests.dll" adapterTypeName="executor://xunit/VsTestRunner2/netcoreapp" className="LankaConnect.BuildingBlocks.Infrastructure.Tests.BaseDbContextMultiTenantTests" name="Query_ReturnsOnlyRowsForCurrentTenant" />
    </UnitTest>
    <UnitTest name="LankaConnect.BuildingBlocks.Infrastructure.Tests.BaseDbContextMultiTenantTests.Insert_RespectsExplicitTenantAssignment_DoesNotForceCurrentTenant" storage="c:\work\lankaconnect\tests\lankaconnect.buildingblocks.infrastructure.tests\bin\debug\net8.0\lankaconnect.buildingblocks.infrastructure.tests.dll" id="1ed93cdd-5aff-5e1a-b2dc-dc3b2fcc4172">
      <Execution id="24a68313-62e1-417b-9ef9-bc5f148c6977" />
      <TestMethod codeBase="C:\Work\LankaConnect\tests\LankaConnect.BuildingBlocks.Infrastructure.Tests\bin\Debug\net8.0\LankaConnect.BuildingBlocks.Infrastructure.Tests.dll" adapterTypeName="executor://xunit/VsTestRunner2/netcoreapp" className="LankaConnect.BuildingBlocks.Infrastructure.Tests.BaseDbContextMultiTenantTests" name="Insert_RespectsExplicitTenantAssignment_DoesNotForceCurrentTenant" />
    </UnitTest>
  </TestDefinitions>
  <TestEntries>
    <TestEntry testId="1ed93cdd-5aff-5e1a-b2dc-dc3b2fcc4172" executionId="24a68313-62e1-417b-9ef9-bc5f148c6977" testListId="8c84fa94-04c1-424b-9868-57a2d4851a1d" />
    <TestEntry testId="d868f616-e5b3-ec28-4ef5-37ec4e1fa681" executionId="3a580f74-8fa8-4a63-89cf-d86d9e748532" testListId="8c84fa94-04c1-424b-9868-57a2d4851a1d" />
    <TestEntry testId="cc201a63-1879-243c-0cc1-db982583db9d" executionId="ded2769c-580d-4461-b969-68938ea0856a" testListId="8c84fa94-04c1-424b-9868-57a2d4851a1d" />
    <TestEntry testId="5fccb224-25dc-f076-e17c-c88a5f4dc81f" executionId="3c059e7d-7509-4d3e-b1b8-fce751bb0d89" testListId="8c84fa94-04c1-424b-9868-57a2d4851a1d" />
  </TestEntries>
  <TestLists>
    <TestList name="Results Not in a List" id="8c84fa94-04c1-424b-9868-57a2d4851a1d" />
    <TestList name="All Loaded Results" id="19431567-8539-422a-85d7-44ee4e166bda" />
  </TestLists>
  <ResultSummary outcome="Failed">
    <Counters total="4" executed="4" passed="2" failed="2" error="0" timeout="0" aborted="0" inconclusive="0" passedButRunAborted="0" notRunnable="0" notExecuted="0" disconnected="0" warning="0" completed="0" inProgress="0" pending="0" />
    <Output>
      <StdOut>[xUnit.net 00:00:00.00] xUnit.net VSTest Adapter v2.5.3.1+6b60a9e56a (64-bit .NET 8.0.27)&#xD;
[xUnit.net 00:00:00.21]   Discovering: LankaConnect.BuildingBlocks.Infrastructure.Tests&#xD;
[xUnit.net 00:00:00.36]   Discovered:  LankaConnect.BuildingBlocks.Infrastructure.Tests&#xD;
[xUnit.net 00:00:00.37]   Starting:    LankaConnect.BuildingBlocks.Infrastructure.Tests&#xD;
[xUnit.net 00:00:01.47]       Expected rows to contain 2 item(s) because current tenant is A; B-tenant rows must be filtered out, but found 0: {empty}.&#xD;
[xUnit.net 00:00:01.47]       Stack Trace:&#xD;
[xUnit.net 00:00:01.47]            at FluentAssertions.Execution.XUnit2TestFramework.Throw(String message)&#xD;
[xUnit.net 00:00:01.47]            at FluentAssertions.Execution.TestFrameworkProvider.Throw(String message)&#xD;
[xUnit.net 00:00:01.47]            at FluentAssertions.Execution.DefaultAssertionStrategy.HandleFailure(String message)&#xD;
[xUnit.net 00:00:01.47]            at FluentAssertions.Execution.AssertionScope.FailWith(Func`1 failReasonFunc)&#xD;
[xUnit.net 00:00:01.47]            at FluentAssertions.Execution.AssertionScope.FailWith(Func`1 failReasonFunc)&#xD;
[xUnit.net 00:00:01.47]            at FluentAssertions.Execution.AssertionScope.FailWith(String message, Object[] args)&#xD;
[xUnit.net 00:00:01.47]            at FluentAssertions.Collections.GenericCollectionAssertions`3.HaveCount(Int32 expected, String because, Object[] becauseArgs)&#xD;
[xUnit.net 00:00:01.47]         C:\Work\LankaConnect\tests\LankaConnect.BuildingBlocks.Infrastructure.Tests\BaseDbContextMultiTenantTests.cs(24,0): at LankaConnect.BuildingBlocks.Infrastructure.Tests.BaseDbContextMultiTenantTests.Query_ReturnsOnlyRowsForCurrentTenant()&#xD;
[xUnit.net 00:00:01.47]         --- End of stack trace from previous location ---&#xD;
[xUnit.net 00:00:01.49]       Expected rows to contain 2 item(s) because after flip, only B-tenant rows visible, but found 0: {empty}.&#xD;
[xUnit.net 00:00:01.49]       Stack Trace:&#xD;
[xUnit.net 00:00:01.49]            at FluentAssertions.Execution.XUnit2TestFramework.Throw(String message)&#xD;
[xUnit.net 00:00:01.49]            at FluentAssertions.Execution.TestFrameworkProvider.Throw(String message)&#xD;
[xUnit.net 00:00:01.49]            at FluentAssertions.Execution.DefaultAssertionStrategy.HandleFailure(String message)&#xD;
[xUnit.net 00:00:01.49]            at FluentAssertions.Execution.AssertionScope.FailWith(Func`1 failReasonFunc)&#xD;
[xUnit.net 00:00:01.49]            at FluentAssertions.Execution.AssertionScope.FailWith(Func`1 failReasonFunc)&#xD;
[xUnit.net 00:00:01.49]            at FluentAssertions.Execution.AssertionScope.FailWith(String message, Object[] args)&#xD;
[xUnit.net 00:00:01.49]            at FluentAssertions.Collections.GenericCollectionAssertions`3.HaveCount(Int32 expected, String because, Object[] becauseArgs)&#xD;
[xUnit.net 00:00:01.49]         C:\Work\LankaConnect\tests\LankaConnect.BuildingBlocks.Infrastructure.Tests\BaseDbContextMultiTenantTests.cs(45,0): at LankaConnect.BuildingBlocks.Infrastructure.Tests.BaseDbContextMultiTenantTests.Query_AfterTenantFlip_ReturnsRowsForNewTenant()&#xD;
[xUnit.net 00:00:01.49]         --- End of stack trace from previous location ---&#xD;
[xUnit.net 00:00:01.50]   Finished:    LankaConnect.BuildingBlocks.Infrastructure.Tests&#xD;
</StdOut>
    </Output>
    <RunInfos>
      <RunInfo computerName="LAPTOP-23VGHTR6" outcome="Error" timestamp="2026-06-04T19:23:37.2434294-04:00">
        <Text>[xUnit.net 00:00:01.47]     LankaConnect.BuildingBlocks.Infrastructure.Tests.BaseDbContextMultiTenantTests.Query_ReturnsOnlyRowsForCurrentTenant [FAIL]</Text>
      </RunInfo>
      <RunInfo computerName="LAPTOP-23VGHTR6" outcome="Error" timestamp="2026-06-04T19:23:37.2587754-04:00">
        <Text>[xUnit.net 00:00:01.49]     LankaConnect.BuildingBlocks.Infrastructure.Tests.BaseDbContextMultiTenantTests.Query_AfterTenantFlip_ReturnsRowsForNewTenant [FAIL]</Text>
      </RunInfo>
    </RunInfos>
  </ResultSummary>
</TestRun>