  Determining projects to restore...
  All projects are up-to-date for restore.
  LankaConnect.Domain -> C:\Work\LankaConnect\src\LankaConnect.Domain\bin\Debug\net8.0\LankaConnect.Domain.dll
  LankaConnect.Application -> C:\Work\LankaConnect\src\LankaConnect.Application\bin\Debug\net8.0\LankaConnect.Application.dll
  LankaConnect.Infrastructure -> C:\Work\LankaConnect\src\LankaConnect.Infrastructure\bin\Debug\net8.0\LankaConnect.Infrastructure.dll
  LankaConnect.TestUtilities -> C:\Work\LankaConnect\tests\LankaConnect.TestUtilities\bin\Debug\net8.0\LankaConnect.TestUtilities.dll
  LankaConnect.API -> C:\Work\LankaConnect\src\LankaConnect.API\bin\Debug\net8.0\LankaConnect.API.dll
C:\Work\LankaConnect\tests\LankaConnect.Domain.Tests\Common\Monitoring\ComplianceValidationResultTests.cs(14,6): error CS0246: The type or namespace name 'TestAttribute' could not be found (are you missing a using directive or an assembly reference?) [C:\Work\LankaConnect\tests\LankaConnect.Domain.Tests\LankaConnect.Domain.Tests.csproj]
C:\Work\LankaConnect\tests\LankaConnect.Domain.Tests\Common\Monitoring\ComplianceValidationResultTests.cs(14,6): error CS0246: The type or namespace name 'Test' could not be found (are you missing a using directive or an assembly reference?) [C:\Work\LankaConnect\tests\LankaConnect.Domain.Tests\LankaConnect.Domain.Tests.csproj]
C:\Work\LankaConnect\tests\LankaConnect.Domain.Tests\Common\Monitoring\ComplianceValidationResultTests.cs(50,6): error CS0246: The type or namespace name 'TestAttribute' could not be found (are you missing a using directive or an assembly reference?) [C:\Work\LankaConnect\tests\LankaConnect.Domain.Tests\LankaConnect.Domain.Tests.csproj]
C:\Work\LankaConnect\tests\LankaConnect.Domain.Tests\Common\Monitoring\ComplianceValidationResultTests.cs(50,6): error CS0246: The type or namespace name 'Test' could not be found (are you missing a using directive or an assembly reference?) [C:\Work\LankaConnect\tests\LankaConnect.Domain.Tests\LankaConnect.Domain.Tests.csproj]
C:\Work\LankaConnect\tests\LankaConnect.Domain.Tests\Common\Monitoring\ComplianceValidationResultTests.cs(71,6): error CS0246: The type or namespace name 'TestAttribute' could not be found (are you missing a using directive or an assembly reference?) [C:\Work\LankaConnect\tests\LankaConnect.Domain.Tests\LankaConnect.Domain.Tests.csproj]
C:\Work\LankaConnect\tests\LankaConnect.Domain.Tests\Common\Monitoring\ComplianceValidationResultTests.cs(71,6): error CS0246: The type or namespace name 'Test' could not be found (are you missing a using directive or an assembly reference?) [C:\Work\LankaConnect\tests\LankaConnect.Domain.Tests\LankaConnect.Domain.Tests.csproj]
C:\Work\LankaConnect\tests\LankaConnect.Domain.Tests\Common\Monitoring\ComplianceValidationResultTests.cs(98,6): error CS0246: The type or namespace name 'TestAttribute' could not be found (are you missing a using directive or an assembly reference?) [C:\Work\LankaConnect\tests\LankaConnect.Domain.Tests\LankaConnect.Domain.Tests.csproj]
C:\Work\LankaConnect\tests\LankaConnect.Domain.Tests\Common\Monitoring\ComplianceValidationResultTests.cs(98,6): error CS0246: The type or namespace name 'Test' could not be found (are you missing a using directive or an assembly reference?) [C:\Work\LankaConnect\tests\LankaConnect.Domain.Tests\LankaConnect.Domain.Tests.csproj]
C:\Work\LankaConnect\tests\LankaConnect.Domain.Tests\Common\Monitoring\ComplianceValidationResultTests.cs(132,6): error CS0246: The type or namespace name 'TestAttribute' could not be found (are you missing a using directive or an assembly reference?) [C:\Work\LankaConnect\tests\LankaConnect.Domain.Tests\LankaConnect.Domain.Tests.csproj]
C:\Work\LankaConnect\tests\LankaConnect.Domain.Tests\Common\Monitoring\ComplianceValidationResultTests.cs(132,6): error CS0246: The type or namespace name 'Test' could not be found (are you missing a using directive or an assembly reference?) [C:\Work\LankaConnect\tests\LankaConnect.Domain.Tests\LankaConnect.Domain.Tests.csproj]
C:\Work\LankaConnect\tests\LankaConnect.Domain.Tests\Common\Monitoring\ComplianceValidationResultTests.cs(163,6): error CS0246: The type or namespace name 'TestAttribute' could not be found (are you missing a using directive or an assembly reference?) [C:\Work\LankaConnect\tests\LankaConnect.Domain.Tests\LankaConnect.Domain.Tests.csproj]
C:\Work\LankaConnect\tests\LankaConnect.Domain.Tests\Common\Monitoring\ComplianceValidationResultTests.cs(163,6): error CS0246: The type or namespace name 'Test' could not be found (are you missing a using directive or an assembly reference?) [C:\Work\LankaConnect\tests\LankaConnect.Domain.Tests\LankaConnect.Domain.Tests.csproj]
C:\Work\LankaConnect\tests\LankaConnect.Domain.Tests\Common\Monitoring\ComplianceValidationResultTests.cs(181,6): error CS0246: The type or namespace name 'TestAttribute' could not be found (are you missing a using directive or an assembly reference?) [C:\Work\LankaConnect\tests\LankaConnect.Domain.Tests\LankaConnect.Domain.Tests.csproj]
C:\Work\LankaConnect\tests\LankaConnect.Domain.Tests\Common\Monitoring\ComplianceValidationResultTests.cs(181,6): error CS0246: The type or namespace name 'Test' could not be found (are you missing a using directive or an assembly reference?) [C:\Work\LankaConnect\tests\LankaConnect.Domain.Tests\LankaConnect.Domain.Tests.csproj]
C:\Work\LankaConnect\tests\LankaConnect.Domain.Tests\Common\Performance\AutoScalingDecisionTests.cs(14,6): error CS0246: The type or namespace name 'TestAttribute' could not be found (are you missing a using directive or an assembly reference?) [C:\Work\LankaConnect\tests\LankaConnect.Domain.Tests\LankaConnect.Domain.Tests.csproj]
C:\Work\LankaConnect\tests\LankaConnect.Domain.Tests\Common\Performance\AutoScalingDecisionTests.cs(14,6): error CS0246: The type or namespace name 'Test' could not be found (are you missing a using directive or an assembly reference?) [C:\Work\LankaConnect\tests\LankaConnect.Domain.Tests\LankaConnect.Domain.Tests.csproj]
C:\Work\LankaConnect\tests\LankaConnect.Domain.Tests\Common\Performance\AutoScalingDecisionTests.cs(41,6): error CS0246: The type or namespace name 'TestAttribute' could not be found (are you missing a using directive or an assembly reference?) [C:\Work\LankaConnect\tests\LankaConnect.Domain.Tests\LankaConnect.Domain.Tests.csproj]
C:\Work\LankaConnect\tests\LankaConnect.Domain.Tests\Common\Performance\AutoScalingDecisionTests.cs(41,6): error CS0246: The type or namespace name 'Test' could not be found (are you missing a using directive or an assembly reference?) [C:\Work\LankaConnect\tests\LankaConnect.Domain.Tests\LankaConnect.Domain.Tests.csproj]
C:\Work\LankaConnect\tests\LankaConnect.Domain.Tests\Common\Performance\AutoScalingDecisionTests.cs(66,6): error CS0246: The type or namespace name 'TestAttribute' could not be found (are you missing a using directive or an assembly reference?) [C:\Work\LankaConnect\tests\LankaConnect.Domain.Tests\LankaConnect.Domain.Tests.csproj]
C:\Work\LankaConnect\tests\LankaConnect.Domain.Tests\Common\Performance\AutoScalingDecisionTests.cs(66,6): error CS0246: The type or namespace name 'Test' could not be found (are you missing a using directive or an assembly reference?) [C:\Work\LankaConnect\tests\LankaConnect.Domain.Tests\LankaConnect.Domain.Tests.csproj]
C:\Work\LankaConnect\tests\LankaConnect.Domain.Tests\Common\Performance\AutoScalingDecisionTests.cs(84,6): error CS0246: The type or namespace name 'TestAttribute' could not be found (are you missing a using directive or an assembly reference?) [C:\Work\LankaConnect\tests\LankaConnect.Domain.Tests\LankaConnect.Domain.Tests.csproj]
C:\Work\LankaConnect\tests\LankaConnect.Domain.Tests\Common\Performance\AutoScalingDecisionTests.cs(84,6): error CS0246: The type or namespace name 'Test' could not be found (are you missing a using directive or an assembly reference?) [C:\Work\LankaConnect\tests\LankaConnect.Domain.Tests\LankaConnect.Domain.Tests.csproj]
C:\Work\LankaConnect\tests\LankaConnect.Domain.Tests\Common\Performance\AutoScalingDecisionTests.cs(101,6): error CS0246: The type or namespace name 'TestAttribute' could not be found (are you missing a using directive or an assembly reference?) [C:\Work\LankaConnect\tests\LankaConnect.Domain.Tests\LankaConnect.Domain.Tests.csproj]
C:\Work\LankaConnect\tests\LankaConnect.Domain.Tests\Common\Performance\AutoScalingDecisionTests.cs(101,6): error CS0246: The type or namespace name 'Test' could not be found (are you missing a using directive or an assembly reference?) [C:\Work\LankaConnect\tests\LankaConnect.Domain.Tests\LankaConnect.Domain.Tests.csproj]
C:\Work\LankaConnect\tests\LankaConnect.Domain.Tests\Common\Performance\AutoScalingDecisionTests.cs(118,6): error CS0246: The type or namespace name 'TestAttribute' could not be found (are you missing a using directive or an assembly reference?) [C:\Work\LankaConnect\tests\LankaConnect.Domain.Tests\LankaConnect.Domain.Tests.csproj]
C:\Work\LankaConnect\tests\LankaConnect.Domain.Tests\Common\Performance\AutoScalingDecisionTests.cs(118,6): error CS0246: The type or namespace name 'Test' could not be found (are you missing a using directive or an assembly reference?) [C:\Work\LankaConnect\tests\LankaConnect.Domain.Tests\LankaConnect.Domain.Tests.csproj]
C:\Work\LankaConnect\tests\LankaConnect.Domain.Tests\Common\Performance\AutoScalingDecisionTests.cs(147,6): error CS0246: The type or namespace name 'TestAttribute' could not be found (are you missing a using directive or an assembly reference?) [C:\Work\LankaConnect\tests\LankaConnect.Domain.Tests\LankaConnect.Domain.Tests.csproj]
C:\Work\LankaConnect\tests\LankaConnect.Domain.Tests\Common\Performance\AutoScalingDecisionTests.cs(147,6): error CS0246: The type or namespace name 'Test' could not be found (are you missing a using directive or an assembly reference?) [C:\Work\LankaConnect\tests\LankaConnect.Domain.Tests\LankaConnect.Domain.Tests.csproj]
C:\Work\LankaConnect\tests\LankaConnect.Domain.Tests\Communications\Entities\EmailMessageStateMachineTests.cs(23,27): error CS0246: The type or namespace name 'ICulturalCalendarService' could not be found (are you missing a using directive or an assembly reference?) [C:\Work\LankaConnect\tests\LankaConnect.Domain.Tests\LankaConnect.Domain.Tests.csproj]
C:\Work\LankaConnect\tests\LankaConnect.Domain.Tests\Communications\Entities\EmailMessageStateMachineTests.cs(24,27): error CS0246: The type or namespace name 'IEmailTemplateCulturalSelector' could not be found (are you missing a using directive or an assembly reference?) [C:\Work\LankaConnect\tests\LankaConnect.Domain.Tests\LankaConnect.Domain.Tests.csproj]
C:\Work\LankaConnect\tests\LankaConnect.Domain.Tests\Communications\Entities\EmailMessageStateMachineTests.cs(25,27): error CS0246: The type or namespace name 'IMultiRecipientTracker' could not be found (are you missing a using directive or an assembly reference?) [C:\Work\LankaConnect\tests\LankaConnect.Domain.Tests\LankaConnect.Domain.Tests.csproj]
C:\Work\LankaConnect\tests\LankaConnect.Domain.Tests\Communications\EventsAggregateIntegrationTests.cs(28,27): error CS0246: The type or namespace name 'IEmailTemplateService' could not be found (are you missing a using directive or an assembly reference?) [C:\Work\LankaConnect\tests\LankaConnect.Domain.Tests\LankaConnect.Domain.Tests.csproj]
C:\Work\LankaConnect\tests\LankaConnect.Domain.Tests\Communications\EventsAggregateIntegrationTests.cs(29,27): error CS0246: The type or namespace name 'IEventNotificationService' could not be found (are you missing a using directive or an assembly reference?) [C:\Work\LankaConnect\tests\LankaConnect.Domain.Tests\LankaConnect.Domain.Tests.csproj]
C:\Work\LankaConnect\tests\LankaConnect.Domain.Tests\Events\TestHelpers\RecommendationTestHelpers.cs(84,21): error CS0101: The namespace 'LankaConnect.Domain.Tests.Events.TestHelpers' already contains a definition for 'EventTestHelpers' [C:\Work\LankaConnect\tests\LankaConnect.Domain.Tests\LankaConnect.Domain.Tests.csproj]
C:\Work\LankaConnect\tests\LankaConnect.Domain.Tests\Events\EventTests.cs(3555,13): error CS0246: The type or namespace name 'TestUser' could not be found (are you missing a using directive or an assembly reference?) [C:\Work\LankaConnect\tests\LankaConnect.Domain.Tests\LankaConnect.Domain.Tests.csproj]
C:\Work\LankaConnect\tests\LankaConnect.Domain.Tests\Events\EventTests.cs(3565,52): error CS0246: The type or namespace name 'Coordinates' could not be found (are you missing a using directive or an assembly reference?) [C:\Work\LankaConnect\tests\LankaConnect.Domain.Tests\LankaConnect.Domain.Tests.csproj]
C:\Work\LankaConnect\tests\LankaConnect.Domain.Tests\Events\EventTests.cs(3565,13): error CS0246: The type or namespace name 'TestUser' could not be found (are you missing a using directive or an assembly reference?) [C:\Work\LankaConnect\tests\LankaConnect.Domain.Tests\LankaConnect.Domain.Tests.csproj]
C:\Work\LankaConnect\tests\LankaConnect.Domain.Tests\Events\TestHelpers\RecommendationTestHelpers.cs(300,26): error CS0111: Type 'EventTestHelpers' already defines a member called 'CreateTestEvent' with the same parameter types [C:\Work\LankaConnect\tests\LankaConnect.Domain.Tests\LankaConnect.Domain.Tests.csproj]
C:\Work\LankaConnect\tests\LankaConnect.Application.Tests\Auth\LoginUserHandlerTests.cs(47,21): error CS0103: The name 'Email' does not exist in the current context [C:\Work\LankaConnect\tests\LankaConnect.Application.Tests\LankaConnect.Application.Tests.csproj]
C:\Work\LankaConnect\tests\LankaConnect.Application.Tests\Auth\RegisterUserHandlerTests.cs(47,21): error CS0103: The name 'Email' does not exist in the current context [C:\Work\LankaConnect\tests\LankaConnect.Application.Tests\LankaConnect.Application.Tests.csproj]
C:\Work\LankaConnect\tests\LankaConnect.Application.Tests\Auth\RegisterUserHandlerTests.cs(105,21): error CS0103: The name 'Email' does not exist in the current context [C:\Work\LankaConnect\tests\LankaConnect.Application.Tests\LankaConnect.Application.Tests.csproj]
C:\Work\LankaConnect\tests\LankaConnect.Application.Tests\Auth\RegisterUserHandlerTests.cs(131,21): error CS0103: The name 'Email' does not exist in the current context [C:\Work\LankaConnect\tests\LankaConnect.Application.Tests\LankaConnect.Application.Tests.csproj]
C:\Work\LankaConnect\tests\LankaConnect.Application.Tests\Auth\RegisterUserHandlerTests.cs(159,21): error CS0103: The name 'Email' does not exist in the current context [C:\Work\LankaConnect\tests\LankaConnect.Application.Tests\LankaConnect.Application.Tests.csproj]
C:\Work\LankaConnect\tests\LankaConnect.Application.Tests\Auth\LoginUserHandlerTests.cs(58,21): error CS0103: The name 'Email' does not exist in the current context [C:\Work\LankaConnect\tests\LankaConnect.Application.Tests\LankaConnect.Application.Tests.csproj]
C:\Work\LankaConnect\tests\LankaConnect.Application.Tests\Auth\RegisterUserHandlerTests.cs(208,21): error CS0103: The name 'Email' does not exist in the current context [C:\Work\LankaConnect\tests\LankaConnect.Application.Tests\LankaConnect.Application.Tests.csproj]
C:\Work\LankaConnect\tests\LankaConnect.Application.Tests\Auth\LoginUserHandlerTests.cs(111,21): error CS0103: The name 'Email' does not exist in the current context [C:\Work\LankaConnect\tests\LankaConnect.Application.Tests\LankaConnect.Application.Tests.csproj]
C:\Work\LankaConnect\tests\LankaConnect.Application.Tests\Auth\RegisterUserHandlerTests.cs(245,21): error CS0103: The name 'Email' does not exist in the current context [C:\Work\LankaConnect\tests\LankaConnect.Application.Tests\LankaConnect.Application.Tests.csproj]
C:\Work\LankaConnect\tests\LankaConnect.Application.Tests\Users\Commands\CreateUserCommandHandlerTests.cs(61,21): error CS0103: The name 'Email' does not exist in the current context [C:\Work\LankaConnect\tests\LankaConnect.Application.Tests\LankaConnect.Application.Tests.csproj]
C:\Work\LankaConnect\tests\LankaConnect.Application.Tests\Auth\LoginUserHandlerTests.cs(129,21): error CS0103: The name 'Email' does not exist in the current context [C:\Work\LankaConnect\tests\LankaConnect.Application.Tests\LankaConnect.Application.Tests.csproj]
C:\Work\LankaConnect\tests\LankaConnect.Application.Tests\Auth\RegisterUserHandlerTests.cs(282,21): error CS0103: The name 'Email' does not exist in the current context [C:\Work\LankaConnect\tests\LankaConnect.Application.Tests\LankaConnect.Application.Tests.csproj]
C:\Work\LankaConnect\tests\LankaConnect.Application.Tests\Auth\LoginUserHandlerTests.cs(153,21): error CS0103: The name 'Email' does not exist in the current context [C:\Work\LankaConnect\tests\LankaConnect.Application.Tests\LankaConnect.Application.Tests.csproj]
C:\Work\LankaConnect\tests\LankaConnect.Application.Tests\Auth\LoginUserHandlerTests.cs(173,21): error CS0103: The name 'Email' does not exist in the current context [C:\Work\LankaConnect\tests\LankaConnect.Application.Tests\LankaConnect.Application.Tests.csproj]
C:\Work\LankaConnect\tests\LankaConnect.Application.Tests\Users\Commands\CreateUserCommandHandlerTests.cs(176,68): error CS0246: The type or namespace name 'Email' could not be found (are you missing a using directive or an assembly reference?) [C:\Work\LankaConnect\tests\LankaConnect.Application.Tests\LankaConnect.Application.Tests.csproj]
C:\Work\LankaConnect\tests\LankaConnect.Application.Tests\Users\Commands\CreateUserCommandHandlerTests.cs(177,23): error CS0246: The type or namespace name 'Email' could not be found (are you missing a using directive or an assembly reference?) [C:\Work\LankaConnect\tests\LankaConnect.Application.Tests\LankaConnect.Application.Tests.csproj]
C:\Work\LankaConnect\tests\LankaConnect.Application.Tests\Auth\LoginUserHandlerTests.cs(201,21): error CS0103: The name 'Email' does not exist in the current context [C:\Work\LankaConnect\tests\LankaConnect.Application.Tests\LankaConnect.Application.Tests.csproj]
C:\Work\LankaConnect\tests\LankaConnect.Application.Tests\Auth\LoginUserHandlerTests.cs(206,67): error CS0246: The type or namespace name 'Email' could not be found (are you missing a using directive or an assembly reference?) [C:\Work\LankaConnect\tests\LankaConnect.Application.Tests\LankaConnect.Application.Tests.csproj]
C:\Work\LankaConnect\tests\LankaConnect.Application.Tests\Auth\LoginUserHandlerTests.cs(225,21): error CS0103: The name 'Email' does not exist in the current context [C:\Work\LankaConnect\tests\LankaConnect.Application.Tests\LankaConnect.Application.Tests.csproj]
C:\Work\LankaConnect\tests\LankaConnect.Application.Tests\Auth\LoginUserHandlerTests.cs(246,21): error CS0103: The name 'Email' does not exist in the current context [C:\Work\LankaConnect\tests\LankaConnect.Application.Tests\LankaConnect.Application.Tests.csproj]
C:\Work\LankaConnect\tests\LankaConnect.Application.Tests\Auth\LoginUserHandlerTests.cs(270,21): error CS0103: The name 'Email' does not exist in the current context [C:\Work\LankaConnect\tests\LankaConnect.Application.Tests\LankaConnect.Application.Tests.csproj]
C:\Work\LankaConnect\tests\LankaConnect.Application.Tests\TestHelpers\MockRepository.cs(19,57): error CS0246: The type or namespace name 'Email' could not be found (are you missing a using directive or an assembly reference?) [C:\Work\LankaConnect\tests\LankaConnect.Application.Tests\LankaConnect.Application.Tests.csproj]
C:\Work\LankaConnect\tests\LankaConnect.Application.Tests\Auth\LoginUserHandlerTests.cs(297,21): error CS0103: The name 'Email' does not exist in the current context [C:\Work\LankaConnect\tests\LankaConnect.Application.Tests\LankaConnect.Application.Tests.csproj]
C:\Work\LankaConnect\tests\LankaConnect.Application.Tests\Auth\LoginUserHandlerTests.cs(330,21): error CS0103: The name 'Email' does not exist in the current context [C:\Work\LankaConnect\tests\LankaConnect.Application.Tests\LankaConnect.Application.Tests.csproj]
C:\Work\LankaConnect\tests\LankaConnect.Application.Tests\Auth\LoginUserHandlerTests.cs(348,21): error CS0103: The name 'Email' does not exist in the current context [C:\Work\LankaConnect\tests\LankaConnect.Application.Tests\LankaConnect.Application.Tests.csproj]
C:\Work\LankaConnect\tests\LankaConnect.Application.Tests\ComplianceTypesCompilationVerification.cs(51,27): error CS9035: Required member 'SOC2Gap.GapId' must be set in the object initializer or attribute constructor. [C:\Work\LankaConnect\tests\LankaConnect.Application.Tests\LankaConnect.Application.Tests.csproj]
C:\Work\LankaConnect\tests\LankaConnect.Application.Tests\ComplianceTypesCompilationVerification.cs(51,27): error CS9035: Required member 'SOC2Gap.GapCategory' must be set in the object initializer or attribute constructor. [C:\Work\LankaConnect\tests\LankaConnect.Application.Tests\LankaConnect.Application.Tests.csproj]
C:\Work\LankaConnect\tests\LankaConnect.Application.Tests\ComplianceTypesCompilationVerification.cs(51,27): error CS9035: Required member 'SOC2Gap.Description' must be set in the object initializer or attribute constructor. [C:\Work\LankaConnect\tests\LankaConnect.Application.Tests\LankaConnect.Application.Tests.csproj]
C:\Work\LankaConnect\tests\LankaConnect.Application.Tests\ComplianceTypesCompilationVerification.cs(51,27): error CS9035: Required member 'SOC2Gap.Severity' must be set in the object initializer or attribute constructor. [C:\Work\LankaConnect\tests\LankaConnect.Application.Tests\LankaConnect.Application.Tests.csproj]
C:\Work\LankaConnect\tests\LankaConnect.Application.Tests\ComplianceTypesCompilationVerification.cs(51,27): error CS9035: Required member 'SOC2Gap.IdentifiedDate' must be set in the object initializer or attribute constructor. [C:\Work\LankaConnect\tests\LankaConnect.Application.Tests\LankaConnect.Application.Tests.csproj]
C:\Work\LankaConnect\tests\LankaConnect.Application.Tests\ComplianceTypesCompilationVerification.cs(51,27): error CS9035: Required member 'SOC2Gap.ResponsibleTeam' must be set in the object initializer or attribute constructor. [C:\Work\LankaConnect\tests\LankaConnect.Application.Tests\LankaConnect.Application.Tests.csproj]
C:\Work\LankaConnect\tests\LankaConnect.Application.Tests\Common\Security\SecurityFoundationTypesTests.cs(311,56): error CS0103: The name 'SecurityLevel' does not exist in the current context [C:\Work\LankaConnect\tests\LankaConnect.Application.Tests\LankaConnect.Application.Tests.csproj]
C:\Work\LankaConnect\tests\LankaConnect.Application.Tests\Common\Security\CrossRegionSecurityTypesTests.cs(48,60): error CS0103: The name 'SecurityLevel' does not exist in the current context [C:\Work\LankaConnect\tests\LankaConnect.Application.Tests\LankaConnect.Application.Tests.csproj]
C:\Work\LankaConnect\tests\LankaConnect.Application.Tests\Common\Security\CrossRegionSecurityTypesTests.cs(122,66): error CS0103: The name 'SecurityLevel' does not exist in the current context [C:\Work\LankaConnect\tests\LankaConnect.Application.Tests\LankaConnect.Application.Tests.csproj]
C:\Work\LankaConnect\tests\LankaConnect.Application.Tests\Common\Security\CrossRegionSecurityTypesTests.cs(175,32): error CS0103: The name 'IncidentSeverity' does not exist in the current context [C:\Work\LankaConnect\tests\LankaConnect.Application.Tests\LankaConnect.Application.Tests.csproj]
C:\Work\LankaConnect\tests\LankaConnect.Application.Tests\Common\Security\CrossRegionSecurityTypesTests.cs(214,32): error CS0103: The name 'IncidentSeverity' does not exist in the current context [C:\Work\LankaConnect\tests\LankaConnect.Application.Tests\LankaConnect.Application.Tests.csproj]
C:\Work\LankaConnect\tests\LankaConnect.Application.Tests\Common\DisasterRecovery\RevenueProtectionTypesTests.cs(20,28): error CS0246: The type or namespace name 'DynamicAdjustmentTriggers' could not be found (are you missing a using directive or an assembly reference?) [C:\Work\LankaConnect\tests\LankaConnect.Application.Tests\LankaConnect.Application.Tests.csproj]
C:\Work\LankaConnect\tests\LankaConnect.Application.Tests\Common\DisasterRecovery\RevenueProtectionTypesTests.cs(28,30): error CS0246: The type or namespace name 'AdjustmentParameters' could not be found (are you missing a using directive or an assembly reference?) [C:\Work\LankaConnect\tests\LankaConnect.Application.Tests\LankaConnect.Application.Tests.csproj]
C:\Work\LankaConnect\tests\LankaConnect.Application.Tests\Common\DisasterRecovery\RevenueProtectionTypesTests.cs(37,54): error CS0117: 'DynamicRecoveryAdjustmentResult' does not contain a definition for 'Success' [C:\Work\LankaConnect\tests\LankaConnect.Application.Tests\LankaConnect.Application.Tests.csproj]
C:\Work\LankaConnect\tests\LankaConnect.Application.Tests\Common\DisasterRecovery\RevenueProtectionTypesTests.cs(51,28): error CS0246: The type or namespace name 'DynamicAdjustmentTriggers' could not be found (are you missing a using directive or an assembly reference?) [C:\Work\LankaConnect\tests\LankaConnect.Application.Tests\LankaConnect.Application.Tests.csproj]
C:\Work\LankaConnect\tests\LankaConnect.Application.Tests\Common\DisasterRecovery\RevenueProtectionTypesTests.cs(59,30): error CS0246: The type or namespace name 'AdjustmentParameters' could not be found (are you missing a using directive or an assembly reference?) [C:\Work\LankaConnect\tests\LankaConnect.Application.Tests\LankaConnect.Application.Tests.csproj]
C:\Work\LankaConnect\tests\LankaConnect.Application.Tests\Common\DisasterRecovery\RevenueProtectionTypesTests.cs(68,54): error CS0117: 'DynamicRecoveryAdjustmentResult' does not contain a definition for 'Success' [C:\Work\LankaConnect\tests\LankaConnect.Application.Tests\LankaConnect.Application.Tests.csproj]
C:\Work\LankaConnect\tests\LankaConnect.Application.Tests\Common\DisasterRecovery\DisasterRecoveryResultTypesTests.cs(73,9): error CS8602: Dereference of a possibly null reference. [C:\Work\LankaConnect\tests\LankaConnect.Application.Tests\LankaConnect.Application.Tests.csproj]
C:\Work\LankaConnect\tests\LankaConnect.Application.Tests\Common\DisasterRecovery\RevenueProtectionTypesTests.cs(83,41): error CS0246: The type or namespace name 'RevenueProtectionSummary' could not be found (are you missing a using directive or an assembly reference?) [C:\Work\LankaConnect\tests\LankaConnect.Application.Tests\LankaConnect.Application.Tests.csproj]
C:\Work\LankaConnect\tests\LankaConnect.Application.Tests\Common\DisasterRecovery\RevenueProtectionTypesTests.cs(89,49): error CS0103: The name 'ProtectionLevel' does not exist in the current context [C:\Work\LankaConnect\tests\LankaConnect.Application.Tests\LankaConnect.Application.Tests.csproj]
C:\Work\LankaConnect\tests\LankaConnect.Application.Tests\Common\DisasterRecovery\RevenueProtectionTypesTests.cs(93,60): error CS0117: 'RevenueProtectionImplementationResult' does not contain a definition for 'Success' [C:\Work\LankaConnect\tests\LankaConnect.Application.Tests\LankaConnect.Application.Tests.csproj]
C:\Work\LankaConnect\tests\LankaConnect.Application.Tests\Common\DisasterRecovery\RevenueProtectionTypesTests.cs(108,39): error CS0246: The type or namespace name 'RevenueProtectionSummary' could not be found (are you missing a using directive or an assembly reference?) [C:\Work\LankaConnect\tests\LankaConnect.Application.Tests\LankaConnect.Application.Tests.csproj]
C:\Work\LankaConnect\tests\LankaConnect.Application.Tests\Common\DisasterRecovery\RevenueProtectionTypesTests.cs(114,49): error CS0103: The name 'ProtectionLevel' does not exist in the current context [C:\Work\LankaConnect\tests\LankaConnect.Application.Tests\LankaConnect.Application.Tests.csproj]
C:\Work\LankaConnect\tests\LankaConnect.Application.Tests\Common\DisasterRecovery\RevenueProtectionTypesTests.cs(118,60): error CS0117: 'RevenueProtectionImplementationResult' does not contain a definition for 'Success' [C:\Work\LankaConnect\tests\LankaConnect.Application.Tests\LankaConnect.Application.Tests.csproj]
C:\Work\LankaConnect\tests\LankaConnect.Application.Tests\Common\DisasterRecovery\RevenueProtectionTypesTests.cs(136,13): error CS0117: 'RevenueImpactMonitoringConfiguration' does not contain a definition for 'MonitoringIntervalSeconds' [C:\Work\LankaConnect\tests\LankaConnect.Application.Tests\LankaConnect.Application.Tests.csproj]
C:\Work\LankaConnect\tests\LankaConnect.Application.Tests\Common\DisasterRecovery\RevenueProtectionTypesTests.cs(137,13): error CS0117: 'RevenueImpactMonitoringConfiguration' does not contain a definition for 'RevenueDeclineAlertThreshold' [C:\Work\LankaConnect\tests\LankaConnect.Application.Tests\LankaConnect.Application.Tests.csproj]
C:\Work\LankaConnect\tests\LankaConnect.Application.Tests\Common\DisasterRecovery\RevenueProtectionTypesTests.cs(138,13): error CS0117: 'RevenueImpactMonitoringConfiguration' does not contain a definition for 'CulturalEngagementMonitoring' [C:\Work\LankaConnect\tests\LankaConnect.Application.Tests\LankaConnect.Application.Tests.csproj]
C:\Work\LankaConnect\tests\LankaConnect.Application.Tests\Common\DisasterRecovery\RevenueProtectionTypesTests.cs(139,13): error CS0117: 'RevenueImpactMonitoringConfiguration' does not contain a definition for 'DiasporaRevenueTracking' [C:\Work\LankaConnect\tests\LankaConnect.Application.Tests\LankaConnect.Application.Tests.csproj]
C:\Work\LankaConnect\tests\LankaConnect.Application.Tests\Common\DisasterRecovery\RevenueProtectionTypesTests.cs(140,13): error CS0117: 'RevenueImpactMonitoringConfiguration' does not contain a definition for 'RealTimeAlertsEnabled' [C:\Work\LankaConnect\tests\LankaConnect.Application.Tests\LankaConnect.Application.Tests.csproj]
C:\Work\LankaConnect\tests\LankaConnect.Application.Tests\Common\DisasterRecovery\RevenueProtectionTypesTests.cs(134,26): error CS9035: Required member 'RevenueImpactMonitoringConfiguration.ConfigurationId' must be set in the object initializer or attribute constructor. [C:\Work\LankaConnect\tests\LankaConnect.Application.Tests\LankaConnect.Application.Tests.csproj]
C:\Work\LankaConnect\tests\LankaConnect.Application.Tests\Common\DisasterRecovery\RevenueProtectionTypesTests.cs(134,26): error CS9035: Required member 'RevenueImpactMonitoringConfiguration.ConfigurationName' must be set in the object initializer or attribute constructor. [C:\Work\LankaConnect\tests\LankaConnect.Application.Tests\LankaConnect.Application.Tests.csproj]
C:\Work\LankaConnect\tests\LankaConnect.Application.Tests\Common\DisasterRecovery\RevenueProtectionTypesTests.cs(134,26): error CS9035: Required member 'RevenueImpactMonitoringConfiguration.MonitoringScope' must be set in the object initializer or attribute constructor. [C:\Work\LankaConnect\tests\LankaConnect.Application.Tests\LankaConnect.Application.Tests.csproj]
C:\Work\LankaConnect\tests\LankaConnect.Application.Tests\Common\DisasterRecovery\RevenueProtectionTypesTests.cs(134,26): error CS9035: Required member 'RevenueImpactMonitoringConfiguration.RevenueStreamConfigs' must be set in the object initializer or attribute constructor. [C:\Work\LankaConnect\tests\LankaConnect.Application.Tests\LankaConnect.Application.Tests.csproj]
C:\Work\LankaConnect\tests\LankaConnect.Application.Tests\Common\DisasterRecovery\RevenueProtectionTypesTests.cs(134,26): error CS9035: Required member 'RevenueImpactMonitoringConfiguration.ImpactThresholds' must be set in the object initializer or attribute constructor. [C:\Work\LankaConnect\tests\LankaConnect.Application.Tests\LankaConnect.Application.Tests.csproj]
C:\Work\LankaConnect\tests\LankaConnect.Application.Tests\Common\DisasterRecovery\RevenueProtectionTypesTests.cs(134,26): error CS9035: Required member 'RevenueImpactMonitoringConfiguration.MonitoringInterval' must be set in the object initializer or attribute constructor. [C:\Work\LankaConnect\tests\LankaConnect.Application.Tests\LankaConnect.Application.Tests.csproj]
C:\Work\LankaConnect\tests\LankaConnect.Application.Tests\Common\DisasterRecovery\RevenueProtectionTypesTests.cs(134,26): error CS9035: Required member 'RevenueImpactMonitoringConfiguration.AlertingConfig' must be set in the object initializer or attribute constructor. [C:\Work\LankaConnect\tests\LankaConnect.Application.Tests\LankaConnect.Application.Tests.csproj]
C:\Work\LankaConnect\tests\LankaConnect.Application.Tests\Common\DisasterRecovery\RevenueProtectionTypesTests.cs(134,26): error CS9035: Required member 'RevenueImpactMonitoringConfiguration.MonitoredComponents' must be set in the object initializer or attribute constructor. [C:\Work\LankaConnect\tests\LankaConnect.Application.Tests\LankaConnect.Application.Tests.csproj]
C:\Work\LankaConnect\tests\LankaConnect.Application.Tests\Common\DisasterRecovery\RevenueProtectionTypesTests.cs(134,26): error CS9035: Required member 'RevenueImpactMonitoringConfiguration.MonitoringParameters' must be set in the object initializer or attribute constructor. [C:\Work\LankaConnect\tests\LankaConnect.Application.Tests\LankaConnect.Application.Tests.csproj]
C:\Work\LankaConnect\tests\LankaConnect.Application.Tests\Common\DisasterRecovery\RevenueProtectionTypesTests.cs(143,37): error CS0246: The type or namespace name 'RevenueMonitoringSummary' could not be found (are you missing a using directive or an assembly reference?) [C:\Work\LankaConnect\tests\LankaConnect.Application.Tests\LankaConnect.Application.Tests.csproj]
C:\Work\LankaConnect\tests\LankaConnect.Application.Tests\Common\DisasterRecovery\RevenueProtectionTypesTests.cs(153,52): error CS0117: 'RevenueImpactMonitoringResult' does not contain a definition for 'Success' [C:\Work\LankaConnect\tests\LankaConnect.Application.Tests\LankaConnect.Application.Tests.csproj]
C:\Work\LankaConnect\tests\LankaConnect.Application.Tests\Common\DisasterRecovery\RevenueProtectionTypesTests.cs(170,13): error CS0117: 'RevenueImpactMonitoringConfiguration' does not contain a definition for 'MonitoringIntervalSeconds' [C:\Work\LankaConnect\tests\LankaConnect.Application.Tests\LankaConnect.Application.Tests.csproj]
C:\Work\LankaConnect\tests\LankaConnect.Application.Tests\Common\DisasterRecovery\RevenueProtectionTypesTests.cs(171,13): error CS0117: 'RevenueImpactMonitoringConfiguration' does not contain a definition for 'RevenueDeclineAlertThreshold' [C:\Work\LankaConnect\tests\LankaConnect.Application.Tests\LankaConnect.Application.Tests.csproj]
C:\Work\LankaConnect\tests\LankaConnect.Application.Tests\Common\DisasterRecovery\RevenueProtectionTypesTests.cs(172,13): error CS0117: 'RevenueImpactMonitoringConfiguration' does not contain a definition for 'CulturalEngagementMonitoring' [C:\Work\LankaConnect\tests\LankaConnect.Application.Tests\LankaConnect.Application.Tests.csproj]
C:\Work\LankaConnect\tests\LankaConnect.Application.Tests\Common\DisasterRecovery\RevenueProtectionTypesTests.cs(173,13): error CS0117: 'RevenueImpactMonitoringConfiguration' does not contain a definition for 'DiasporaRevenueTracking' [C:\Work\LankaConnect\tests\LankaConnect.Application.Tests\LankaConnect.Application.Tests.csproj]
C:\Work\LankaConnect\tests\LankaConnect.Application.Tests\Common\DisasterRecovery\RevenueProtectionTypesTests.cs(174,13): error CS0117: 'RevenueImpactMonitoringConfiguration' does not contain a definition for 'RealTimeAlertsEnabled' [C:\Work\LankaConnect\tests\LankaConnect.Application.Tests\LankaConnect.Application.Tests.csproj]
C:\Work\LankaConnect\tests\LankaConnect.Application.Tests\Common\DisasterRecovery\RevenueProtectionTypesTests.cs(168,26): error CS9035: Required member 'RevenueImpactMonitoringConfiguration.ConfigurationId' must be set in the object initializer or attribute constructor. [C:\Work\LankaConnect\tests\LankaConnect.Application.Tests\LankaConnect.Application.Tests.csproj]
C:\Work\LankaConnect\tests\LankaConnect.Application.Tests\Common\DisasterRecovery\RevenueProtectionTypesTests.cs(168,26): error CS9035: Required member 'RevenueImpactMonitoringConfiguration.ConfigurationName' must be set in the object initializer or attribute constructor. [C:\Work\LankaConnect\tests\LankaConnect.Application.Tests\LankaConnect.Application.Tests.csproj]
C:\Work\LankaConnect\tests\LankaConnect.Application.Tests\Common\DisasterRecovery\RevenueProtectionTypesTests.cs(168,26): error CS9035: Required member 'RevenueImpactMonitoringConfiguration.MonitoringScope' must be set in the object initializer or attribute constructor. [C:\Work\LankaConnect\tests\LankaConnect.Application.Tests\LankaConnect.Application.Tests.csproj]
C:\Work\LankaConnect\tests\LankaConnect.Application.Tests\Common\DisasterRecovery\RevenueProtectionTypesTests.cs(168,26): error CS9035: Required member 'RevenueImpactMonitoringConfiguration.RevenueStreamConfigs' must be set in the object initializer or attribute constructor. [C:\Work\LankaConnect\tests\LankaConnect.Application.Tests\LankaConnect.Application.Tests.csproj]
C:\Work\LankaConnect\tests\LankaConnect.Application.Tests\Common\DisasterRecovery\RevenueProtectionTypesTests.cs(168,26): error CS9035: Required member 'RevenueImpactMonitoringConfiguration.ImpactThresholds' must be set in the object initializer or attribute constructor. [C:\Work\LankaConnect\tests\LankaConnect.Application.Tests\LankaConnect.Application.Tests.csproj]
C:\Work\LankaConnect\tests\LankaConnect.Application.Tests\Common\DisasterRecovery\RevenueProtectionTypesTests.cs(168,26): error CS9035: Required member 'RevenueImpactMonitoringConfiguration.MonitoringInterval' must be set in the object initializer or attribute constructor. [C:\Work\LankaConnect\tests\LankaConnect.Application.Tests\LankaConnect.Application.Tests.csproj]
C:\Work\LankaConnect\tests\LankaConnect.Application.Tests\Common\DisasterRecovery\RevenueProtectionTypesTests.cs(168,26): error CS9035: Required member 'RevenueImpactMonitoringConfiguration.AlertingConfig' must be set in the object initializer or attribute constructor. [C:\Work\LankaConnect\tests\LankaConnect.Application.Tests\LankaConnect.Application.Tests.csproj]
C:\Work\LankaConnect\tests\LankaConnect.Application.Tests\Common\DisasterRecovery\RevenueProtectionTypesTests.cs(168,26): error CS9035: Required member 'RevenueImpactMonitoringConfiguration.MonitoredComponents' must be set in the object initializer or attribute constructor. [C:\Work\LankaConnect\tests\LankaConnect.Application.Tests\LankaConnect.Application.Tests.csproj]
C:\Work\LankaConnect\tests\LankaConnect.Application.Tests\Common\DisasterRecovery\RevenueProtectionTypesTests.cs(168,26): error CS9035: Required member 'RevenueImpactMonitoringConfiguration.MonitoringParameters' must be set in the object initializer or attribute constructor. [C:\Work\LankaConnect\tests\LankaConnect.Application.Tests\LankaConnect.Application.Tests.csproj]
C:\Work\LankaConnect\tests\LankaConnect.Application.Tests\Common\DisasterRecovery\RevenueProtectionTypesTests.cs(177,35): error CS0246: The type or namespace name 'RevenueMonitoringSummary' could not be found (are you missing a using directive or an assembly reference?) [C:\Work\LankaConnect\tests\LankaConnect.Application.Tests\LankaConnect.Application.Tests.csproj]
C:\Work\LankaConnect\tests\LankaConnect.Application.Tests\Common\DisasterRecovery\RevenueProtectionTypesTests.cs(187,52): error CS0117: 'RevenueImpactMonitoringResult' does not contain a definition for 'Success' [C:\Work\LankaConnect\tests\LankaConnect.Application.Tests\LankaConnect.Application.Tests.csproj]
C:\Work\LankaConnect\tests\LankaConnect.Application.Tests\Common\DisasterRecovery\RevenueProtectionTypesTests.cs(205,13): error CS0117: 'RevenueContinuityStrategy' does not contain a definition for 'PrimaryRevenueChannel' [C:\Work\LankaConnect\tests\LankaConnect.Application.Tests\LankaConnect.Application.Tests.csproj]
C:\Work\LankaConnect\tests\LankaConnect.Application.Tests\Common\DisasterRecovery\RevenueProtectionTypesTests.cs(206,13): error CS0117: 'RevenueContinuityStrategy' does not contain a definition for 'BackupRevenueChannels' [C:\Work\LankaConnect\tests\LankaConnect.Application.Tests\LankaConnect.Application.Tests.csproj]
C:\Work\LankaConnect\tests\LankaConnect.Application.Tests\Common\DisasterRecovery\RevenueProtectionTypesTests.cs(207,13): error CS0117: 'RevenueContinuityStrategy' does not contain a definition for 'FailoverTriggerThreshold' [C:\Work\LankaConnect\tests\LankaConnect.Application.Tests\LankaConnect.Application.Tests.csproj]
C:\Work\LankaConnect\tests\LankaConnect.Application.Tests\Common\DisasterRecovery\RevenueProtectionTypesTests.cs(208,13): error CS0117: 'RevenueContinuityStrategy' does not contain a definition for 'ExpectedContinuityLevel' [C:\Work\LankaConnect\tests\LankaConnect.Application.Tests\LankaConnect.Application.Tests.csproj]
C:\Work\LankaConnect\tests\LankaConnect.Application.Tests\Common\DisasterRecovery\RevenueProtectionTypesTests.cs(203,38): error CS9035: Required member 'RevenueContinuityStrategy.StrategyId' must be set in the object initializer or attribute constructor. [C:\Work\LankaConnect\tests\LankaConnect.Application.Tests\LankaConnect.Application.Tests.csproj]
C:\Work\LankaConnect\tests\LankaConnect.Application.Tests\Common\DisasterRecovery\RevenueProtectionTypesTests.cs(203,38): error CS9035: Required member 'RevenueContinuityStrategy.StrategyName' must be set in the object initializer or attribute constructor. [C:\Work\LankaConnect\tests\LankaConnect.Application.Tests\LankaConnect.Application.Tests.csproj]
C:\Work\LankaConnect\tests\LankaConnect.Application.Tests\Common\DisasterRecovery\RevenueProtectionTypesTests.cs(203,38): error CS9035: Required member 'RevenueContinuityStrategy.StrategyType' must be set in the object initializer or attribute constructor. [C:\Work\LankaConnect\tests\LankaConnect.Application.Tests\LankaConnect.Application.Tests.csproj]
C:\Work\LankaConnect\tests\LankaConnect.Application.Tests\Common\DisasterRecovery\RevenueProtectionTypesTests.cs(203,38): error CS9035: Required member 'RevenueContinuityStrategy.Scope' must be set in the object initializer or attribute constructor. [C:\Work\LankaConnect\tests\LankaConnect.Application.Tests\LankaConnect.Application.Tests.csproj]
C:\Work\LankaConnect\tests\LankaConnect.Application.Tests\Common\DisasterRecovery\RevenueProtectionTypesTests.cs(203,38): error CS9035: Required member 'RevenueContinuityStrategy.Objectives' must be set in the object initializer or attribute constructor. [C:\Work\LankaConnect\tests\LankaConnect.Application.Tests\LankaConnect.Application.Tests.csproj]
C:\Work\LankaConnect\tests\LankaConnect.Application.Tests\Common\DisasterRecovery\RevenueProtectionTypesTests.cs(203,38): error CS9035: Required member 'RevenueContinuityStrategy.ContinuityPlans' must be set in the object initializer or attribute constructor. [C:\Work\LankaConnect\tests\LankaConnect.Application.Tests\LankaConnect.Application.Tests.csproj]
C:\Work\LankaConnect\tests\LankaConnect.Application.Tests\Common\DisasterRecovery\RevenueProtectionTypesTests.cs(203,38): error CS9035: Required member 'RevenueContinuityStrategy.RecoveryTimeObjective' must be set in the object initializer or attribute constructor. [C:\Work\LankaConnect\tests\LankaConnect.Application.Tests\LankaConnect.Application.Tests.csproj]
C:\Work\LankaConnect\tests\LankaConnect.Application.Tests\Common\DisasterRecovery\RevenueProtectionTypesTests.cs(203,38): error CS9035: Required member 'RevenueContinuityStrategy.RecoveryPointObjective' must be set in the object initializer or attribute constructor. [C:\Work\LankaConnect\tests\LankaConnect.Application.Tests\LankaConnect.Application.Tests.csproj]
C:\Work\LankaConnect\tests\LankaConnect.Application.Tests\Common\DisasterRecovery\RevenueProtectionTypesTests.cs(203,38): error CS9035: Required member 'RevenueContinuityStrategy.CriticalRevenueStreams' must be set in the object initializer or attribute constructor. [C:\Work\LankaConnect\tests\LankaConnect.Application.Tests\LankaConnect.Application.Tests.csproj]
C:\Work\LankaConnect\tests\LankaConnect.Application.Tests\Common\DisasterRecovery\RevenueProtectionTypesTests.cs(203,38): error CS9035: Required member 'RevenueContinuityStrategy.Actions' must be set in the object initializer or attribute constructor. [C:\Work\LankaConnect\tests\LankaConnect.Application.Tests\LankaConnect.Application.Tests.csproj]
C:\Work\LankaConnect\tests\LankaConnect.Application.Tests\Common\DisasterRecovery\RevenueProtectionTypesTests.cs(211,37): error CS0246: The type or namespace name 'RevenueContinuityMetrics' could not be found (are you missing a using directive or an assembly reference?) [C:\Work\LankaConnect\tests\LankaConnect.Application.Tests\LankaConnect.Application.Tests.csproj]
C:\Work\LankaConnect\tests\LankaConnect.Application.Tests\Common\DisasterRecovery\RevenueProtectionTypesTests.cs(220,51): error CS0117: 'EventRevenueContinuityResult' does not contain a definition for 'Success' [C:\Work\LankaConnect\tests\LankaConnect.Application.Tests\LankaConnect.Application.Tests.csproj]
C:\Work\LankaConnect\tests\LankaConnect.Application.Tests\Common\DisasterRecovery\RevenueProtectionTypesTests.cs(241,13): error CS0117: 'BillingContinuityConfiguration' does not contain a definition for 'BackupBillingProvidersCount' [C:\Work\LankaConnect\tests\LankaConnect.Application.Tests\LankaConnect.Application.Tests.csproj]
C:\Work\LankaConnect\tests\LankaConnect.Application.Tests\Common\DisasterRecovery\RevenueProtectionTypesTests.cs(242,13): error CS0117: 'BillingContinuityConfiguration' does not contain a definition for 'BillingFailoverThresholdSeconds' [C:\Work\LankaConnect\tests\LankaConnect.Application.Tests\LankaConnect.Application.Tests.csproj]
C:\Work\LankaConnect\tests\LankaConnect.Application.Tests\Common\DisasterRecovery\RevenueProtectionTypesTests.cs(243,13): error CS0117: 'BillingContinuityConfiguration' does not contain a definition for 'RevenueRecoveryTargetMinutes' [C:\Work\LankaConnect\tests\LankaConnect.Application.Tests\LankaConnect.Application.Tests.csproj]
C:\Work\LankaConnect\tests\LankaConnect.Application.Tests\Common\DisasterRecovery\RevenueProtectionTypesTests.cs(244,13): error CS0117: 'BillingContinuityConfiguration' does not contain a definition for 'CulturalSubscriptionPriority' [C:\Work\LankaConnect\tests\LankaConnect.Application.Tests\LankaConnect.Application.Tests.csproj]
C:\Work\LankaConnect\tests\LankaConnect.Application.Tests\Common\DisasterRecovery\RevenueProtectionTypesTests.cs(244,44): error CS0103: The name 'BillingPriority' does not exist in the current context [C:\Work\LankaConnect\tests\LankaConnect.Application.Tests\LankaConnect.Application.Tests.csproj]
C:\Work\LankaConnect\tests\LankaConnect.Application.Tests\Common\DisasterRecovery\RevenueProtectionTypesTests.cs(239,26): error CS9035: Required member 'BillingContinuityConfiguration.ConfigurationId' must be set in the object initializer or attribute constructor. [C:\Work\LankaConnect\tests\LankaConnect.Application.Tests\LankaConnect.Application.Tests.csproj]
C:\Work\LankaConnect\tests\LankaConnect.Application.Tests\Common\DisasterRecovery\RevenueProtectionTypesTests.cs(239,26): error CS9035: Required member 'BillingContinuityConfiguration.ConfigurationName' must be set in the object initializer or attribute constructor. [C:\Work\LankaConnect\tests\LankaConnect.Application.Tests\LankaConnect.Application.Tests.csproj]
C:\Work\LankaConnect\tests\LankaConnect.Application.Tests\Common\DisasterRecovery\RevenueProtectionTypesTests.cs(239,26): error CS9035: Required member 'BillingContinuityConfiguration.Scope' must be set in the object initializer or attribute constructor. [C:\Work\LankaConnect\tests\LankaConnect.Application.Tests\LankaConnect.Application.Tests.csproj]
C:\Work\LankaConnect\tests\LankaConnect.Application.Tests\Common\DisasterRecovery\RevenueProtectionTypesTests.cs(239,26): error CS9035: Required member 'BillingContinuityConfiguration.BillingSystems' must be set in the object initializer or attribute constructor. [C:\Work\LankaConnect\tests\LankaConnect.Application.Tests\LankaConnect.Application.Tests.csproj]
C:\Work\LankaConnect\tests\LankaConnect.Application.Tests\Common\DisasterRecovery\RevenueProtectionTypesTests.cs(239,26): error CS9035: Required member 'BillingContinuityConfiguration.FailoverRules' must be set in the object initializer or attribute constructor. [C:\Work\LankaConnect\tests\LankaConnect.Application.Tests\LankaConnect.Application.Tests.csproj]
C:\Work\LankaConnect\tests\LankaConnect.Application.Tests\Common\DisasterRecovery\RevenueProtectionTypesTests.cs(239,26): error CS9035: Required member 'BillingContinuityConfiguration.BillingContinuityThreshold' must be set in the object initializer or attribute constructor. [C:\Work\LankaConnect\tests\LankaConnect.Application.Tests\LankaConnect.Application.Tests.csproj]
C:\Work\LankaConnect\tests\LankaConnect.Application.Tests\Common\DisasterRecovery\RevenueProtectionTypesTests.cs(239,26): error CS9035: Required member 'BillingContinuityConfiguration.Strategy' must be set in the object initializer or attribute constructor. [C:\Work\LankaConnect\tests\LankaConnect.Application.Tests\LankaConnect.Application.Tests.csproj]
C:\Work\LankaConnect\tests\LankaConnect.Application.Tests\Common\DisasterRecovery\RevenueProtectionTypesTests.cs(239,26): error CS9035: Required member 'BillingContinuityConfiguration.CriticalBillingStreams' must be set in the object initializer or attribute constructor. [C:\Work\LankaConnect\tests\LankaConnect.Application.Tests\LankaConnect.Application.Tests.csproj]
C:\Work\LankaConnect\tests\LankaConnect.Application.Tests\Common\DisasterRecovery\RevenueProtectionTypesTests.cs(247,37): error CS0246: The type or namespace name 'BillingContinuityMetrics' could not be found (are you missing a using directive or an assembly reference?) [C:\Work\LankaConnect\tests\LankaConnect.Application.Tests\LankaConnect.Application.Tests.csproj]
C:\Work\LankaConnect\tests\LankaConnect.Application.Tests\Common\DisasterRecovery\RevenueProtectionTypesTests.cs(257,46): error CS0117: 'BillingContinuityResult' does not contain a definition for 'Success' [C:\Work\LankaConnect\tests\LankaConnect.Application.Tests\LankaConnect.Application.Tests.csproj]
C:\Work\LankaConnect\tests\LankaConnect.Application.Tests\Common\DisasterRecovery\RevenueProtectionTypesTests.cs(276,62): error CS0117: 'DynamicRecoveryAdjustmentResult' does not contain a definition for 'Success' [C:\Work\LankaConnect\tests\LankaConnect.Application.Tests\LankaConnect.Application.Tests.csproj]
C:\Work\LankaConnect\tests\LankaConnect.Application.Tests\Common\DisasterRecovery\RevenueProtectionTypesTests.cs(277,17): error CS0246: The type or namespace name 'DynamicAdjustmentTriggers' could not be found (are you missing a using directive or an assembly reference?) [C:\Work\LankaConnect\tests\LankaConnect.Application.Tests\LankaConnect.Application.Tests.csproj]
C:\Work\LankaConnect\tests\LankaConnect.Application.Tests\Common\DisasterRecovery\RevenueProtectionTypesTests.cs(278,17): error CS0246: The type or namespace name 'AdjustmentParameters' could not be found (are you missing a using directive or an assembly reference?) [C:\Work\LankaConnect\tests\LankaConnect.Application.Tests\LankaConnect.Application.Tests.csproj]
C:\Work\LankaConnect\tests\LankaConnect.Application.Tests\Common\DisasterRecovery\RevenueProtectionTypesTests.cs(280,70): error CS0117: 'RevenueProtectionImplementationResult' does not contain a definition for 'Success' [C:\Work\LankaConnect\tests\LankaConnect.Application.Tests\LankaConnect.Application.Tests.csproj]
C:\Work\LankaConnect\tests\LankaConnect.Application.Tests\Common\DisasterRecovery\RevenueProtectionTypesTests.cs(281,17): error CS0246: The type or namespace name 'RevenueProtectionSummary' could not be found (are you missing a using directive or an assembly reference?) [C:\Work\LankaConnect\tests\LankaConnect.Application.Tests\LankaConnect.Application.Tests.csproj]
C:\Work\LankaConnect\tests\LankaConnect.Application.Tests\Common\DisasterRecovery\RevenueProtectionTypesTests.cs(283,62): error CS0117: 'RevenueImpactMonitoringResult' does not contain a definition for 'Success' [C:\Work\LankaConnect\tests\LankaConnect.Application.Tests\LankaConnect.Application.Tests.csproj]
C:\Work\LankaConnect\tests\LankaConnect.Application.Tests\Common\DisasterRecovery\RevenueProtectionTypesTests.cs(284,56): error CS0117: 'RevenueImpactMonitoringConfiguration' does not contain a definition for 'RealTimeAlertsEnabled' [C:\Work\LankaConnect\tests\LankaConnect.Application.Tests\LankaConnect.Application.Tests.csproj]
C:\Work\LankaConnect\tests\LankaConnect.Application.Tests\Common\DisasterRecovery\RevenueProtectionTypesTests.cs(284,17): error CS9035: Required member 'RevenueImpactMonitoringConfiguration.ConfigurationId' must be set in the object initializer or attribute constructor. [C:\Work\LankaConnect\tests\LankaConnect.Application.Tests\LankaConnect.Application.Tests.csproj]
C:\Work\LankaConnect\tests\LankaConnect.Application.Tests\Common\DisasterRecovery\RevenueProtectionTypesTests.cs(284,17): error CS9035: Required member 'RevenueImpactMonitoringConfiguration.ConfigurationName' must be set in the object initializer or attribute constructor. [C:\Work\LankaConnect\tests\LankaConnect.Application.Tests\LankaConnect.Application.Tests.csproj]
C:\Work\LankaConnect\tests\LankaConnect.Application.Tests\Common\DisasterRecovery\RevenueProtectionTypesTests.cs(284,17): error CS9035: Required member 'RevenueImpactMonitoringConfiguration.MonitoringScope' must be set in the object initializer or attribute constructor. [C:\Work\LankaConnect\tests\LankaConnect.Application.Tests\LankaConnect.Application.Tests.csproj]
C:\Work\LankaConnect\tests\LankaConnect.Application.Tests\Common\DisasterRecovery\RevenueProtectionTypesTests.cs(284,17): error CS9035: Required member 'RevenueImpactMonitoringConfiguration.RevenueStreamConfigs' must be set in the object initializer or attribute constructor. [C:\Work\LankaConnect\tests\LankaConnect.Application.Tests\LankaConnect.Application.Tests.csproj]
C:\Work\LankaConnect\tests\LankaConnect.Application.Tests\Common\DisasterRecovery\RevenueProtectionTypesTests.cs(284,17): error CS9035: Required member 'RevenueImpactMonitoringConfiguration.ImpactThresholds' must be set in the object initializer or attribute constructor. [C:\Work\LankaConnect\tests\LankaConnect.Application.Tests\LankaConnect.Application.Tests.csproj]
C:\Work\LankaConnect\tests\LankaConnect.Application.Tests\Common\DisasterRecovery\RevenueProtectionTypesTests.cs(284,17): error CS9035: Required member 'RevenueImpactMonitoringConfiguration.MonitoringInterval' must be set in the object initializer or attribute constructor. [C:\Work\LankaConnect\tests\LankaConnect.Application.Tests\LankaConnect.Application.Tests.csproj]
C:\Work\LankaConnect\tests\LankaConnect.Application.Tests\Common\DisasterRecovery\RevenueProtectionTypesTests.cs(284,17): error CS9035: Required member 'RevenueImpactMonitoringConfiguration.AlertingConfig' must be set in the object initializer or attribute constructor. [C:\Work\LankaConnect\tests\LankaConnect.Application.Tests\LankaConnect.Application.Tests.csproj]
C:\Work\LankaConnect\tests\LankaConnect.Application.Tests\Common\DisasterRecovery\RevenueProtectionTypesTests.cs(284,17): error CS9035: Required member 'RevenueImpactMonitoringConfiguration.MonitoredComponents' must be set in the object initializer or attribute constructor. [C:\Work\LankaConnect\tests\LankaConnect.Application.Tests\LankaConnect.Application.Tests.csproj]
C:\Work\LankaConnect\tests\LankaConnect.Application.Tests\Common\DisasterRecovery\RevenueProtectionTypesTests.cs(284,17): error CS9035: Required member 'RevenueImpactMonitoringConfiguration.MonitoringParameters' must be set in the object initializer or attribute constructor. [C:\Work\LankaConnect\tests\LankaConnect.Application.Tests\LankaConnect.Application.Tests.csproj]
C:\Work\LankaConnect\tests\LankaConnect.Application.Tests\Common\DisasterRecovery\RevenueProtectionTypesTests.cs(285,17): error CS0246: The type or namespace name 'RevenueMonitoringSummary' could not be found (are you missing a using directive or an assembly reference?) [C:\Work\LankaConnect\tests\LankaConnect.Application.Tests\LankaConnect.Application.Tests.csproj]
C:\Work\LankaConnect\tests\LankaConnect.Application.Tests\Common\DisasterRecovery\RevenueProtectionTypesTests.cs(304,38): error CS1061: 'DynamicRecoveryAdjustmentResult' does not contain a definition for 'IsOptimalConfiguration' and no accessible extension method 'IsOptimalConfiguration' accepting a first argument of type 'DynamicRecoveryAdjustmentResult' could be found (are you missing a using directive or an assembly reference?) [C:\Work\LankaConnect\tests\LankaConnect.Application.Tests\LankaConnect.Application.Tests.csproj]
C:\Work\LankaConnect\tests\LankaConnect.Application.Tests\Common\DisasterRecovery\RevenueProtectionTypesTests.cs(305,42): error CS1061: 'RevenueProtectionImplementationResult' does not contain a definition for 'ProtectionSummary' and no accessible extension method 'ProtectionSummary' accepting a first argument of type 'RevenueProtectionImplementationResult' could be found (are you missing a using directive or an assembly reference?) [C:\Work\LankaConnect\tests\LankaConnect.Application.Tests\LankaConnect.Application.Tests.csproj]
C:\Work\LankaConnect\tests\LankaConnect.Application.Tests\Common\DisasterRecovery\RevenueProtectionTypesTests.cs(306,42): error CS1061: 'RevenueImpactMonitoringResult' does not contain a definition for 'IsRevenueStable' and no accessible extension method 'IsRevenueStable' accepting a first argument of type 'RevenueImpactMonitoringResult' could be found (are you missing a using directive or an assembly reference?) [C:\Work\LankaConnect\tests\LankaConnect.Application.Tests\LankaConnect.Application.Tests.csproj]
C:\Work\LankaConnect\tests\LankaConnect.Application.Tests\Common\Routing\RoutingTypesTests.cs(263,21): error CS0103: The name 'CulturalEventType' does not exist in the current context [C:\Work\LankaConnect\tests\LankaConnect.Application.Tests\LankaConnect.Application.Tests.csproj]
C:\Work\LankaConnect\tests\LankaConnect.Application.Tests\Common\Routing\RoutingTypesTests.cs(263,58): error CS0103: The name 'CulturalEventType' does not exist in the current context [C:\Work\LankaConnect\tests\LankaConnect.Application.Tests\LankaConnect.Application.Tests.csproj]
C:\Work\LankaConnect\tests\LankaConnect.Application.Tests\Common\DisasterRecovery\DisasterRecoveryResultTypesTests.cs(196,9): error CS8602: Dereference of a possibly null reference. [C:\Work\LankaConnect\tests\LankaConnect.Application.Tests\LankaConnect.Application.Tests.csproj]
C:\Work\LankaConnect\tests\LankaConnect.Application.Tests\Common\Routing\RoutingTypesTests.cs(90,42): error CS0103: The name 'CulturalEventType' does not exist in the current context [C:\Work\LankaConnect\tests\LankaConnect.Application.Tests\LankaConnect.Application.Tests.csproj]
C:\Work\LankaConnect\tests\LankaConnect.Application.Tests\Common\Routing\RoutingTypesTests.cs(90,79): error CS0103: The name 'CulturalEventType' does not exist in the current context [C:\Work\LankaConnect\tests\LankaConnect.Application.Tests\LankaConnect.Application.Tests.csproj]
C:\Work\LankaConnect\tests\LankaConnect.Application.Tests\Common\Routing\RoutingTypesTests.cs(95,13): error CS1503: Argument 4: cannot convert from '?[]' to 'System.Collections.Generic.IEnumerable<LankaConnect.Domain.Common.Enums.CulturalEventType>' [C:\Work\LankaConnect\tests\LankaConnect.Application.Tests\LankaConnect.Application.Tests.csproj]
C:\Work\LankaConnect\tests\LankaConnect.Application.Tests\Common\Monitoring\MonitoringTypesTests.cs(277,13): error CS0103: The name 'CulturalEventType' does not exist in the current context [C:\Work\LankaConnect\tests\LankaConnect.Application.Tests\LankaConnect.Application.Tests.csproj]
C:\Work\LankaConnect\tests\LankaConnect.Application.Tests\Common\Monitoring\MonitoringTypesTests.cs(292,21): error CS0103: The name 'CulturalEventType' does not exist in the current context [C:\Work\LankaConnect\tests\LankaConnect.Application.Tests\LankaConnect.Application.Tests.csproj]
C:\Work\LankaConnect\tests\LankaConnect.Application.Tests\Common\Monitoring\MonitoringTypesTests.cs(292,58): error CS0103: The name 'CulturalEventType' does not exist in the current context [C:\Work\LankaConnect\tests\LankaConnect.Application.Tests\LankaConnect.Application.Tests.csproj]
C:\Work\LankaConnect\tests\LankaConnect.Application.Tests\Common\Models\CulturalIntelligence\SOC2GapIsolatedTests.cs(17,23): error CS9035: Required member 'SOC2Gap.GapId' must be set in the object initializer or attribute constructor. [C:\Work\LankaConnect\tests\LankaConnect.Application.Tests\LankaConnect.Application.Tests.csproj]
C:\Work\LankaConnect\tests\LankaConnect.Application.Tests\Common\Models\CulturalIntelligence\SOC2GapIsolatedTests.cs(17,23): error CS9035: Required member 'SOC2Gap.GapCategory' must be set in the object initializer or attribute constructor. [C:\Work\LankaConnect\tests\LankaConnect.Application.Tests\LankaConnect.Application.Tests.csproj]
C:\Work\LankaConnect\tests\LankaConnect.Application.Tests\Common\Models\CulturalIntelligence\SOC2GapIsolatedTests.cs(17,23): error CS9035: Required member 'SOC2Gap.Description' must be set in the object initializer or attribute constructor. [C:\Work\LankaConnect\tests\LankaConnect.Application.Tests\LankaConnect.Application.Tests.csproj]
C:\Work\LankaConnect\tests\LankaConnect.Application.Tests\Common\Models\CulturalIntelligence\SOC2GapIsolatedTests.cs(17,23): error CS9035: Required member 'SOC2Gap.Severity' must be set in the object initializer or attribute constructor. [C:\Work\LankaConnect\tests\LankaConnect.Application.Tests\LankaConnect.Application.Tests.csproj]
C:\Work\LankaConnect\tests\LankaConnect.Application.Tests\Common\Models\CulturalIntelligence\SOC2GapIsolatedTests.cs(17,23): error CS9035: Required member 'SOC2Gap.IdentifiedDate' must be set in the object initializer or attribute constructor. [C:\Work\LankaConnect\tests\LankaConnect.Application.Tests\LankaConnect.Application.Tests.csproj]
C:\Work\LankaConnect\tests\LankaConnect.Application.Tests\Common\Models\CulturalIntelligence\SOC2GapIsolatedTests.cs(17,23): error CS9035: Required member 'SOC2Gap.ResponsibleTeam' must be set in the object initializer or attribute constructor. [C:\Work\LankaConnect\tests\LankaConnect.Application.Tests\LankaConnect.Application.Tests.csproj]
C:\Work\LankaConnect\tests\LankaConnect.Application.Tests\Common\Models\CulturalIntelligence\SOC2GapIsolatedTests.cs(33,23): error CS9035: Required member 'SOC2Gap.GapId' must be set in the object initializer or attribute constructor. [C:\Work\LankaConnect\tests\LankaConnect.Application.Tests\LankaConnect.Application.Tests.csproj]
C:\Work\LankaConnect\tests\LankaConnect.Application.Tests\Common\Models\CulturalIntelligence\SOC2GapIsolatedTests.cs(33,23): error CS9035: Required member 'SOC2Gap.GapCategory' must be set in the object initializer or attribute constructor. [C:\Work\LankaConnect\tests\LankaConnect.Application.Tests\LankaConnect.Application.Tests.csproj]
C:\Work\LankaConnect\tests\LankaConnect.Application.Tests\Common\Models\CulturalIntelligence\SOC2GapIsolatedTests.cs(33,23): error CS9035: Required member 'SOC2Gap.Description' must be set in the object initializer or attribute constructor. [C:\Work\LankaConnect\tests\LankaConnect.Application.Tests\LankaConnect.Application.Tests.csproj]
C:\Work\LankaConnect\tests\LankaConnect.Application.Tests\Common\Models\CulturalIntelligence\SOC2GapIsolatedTests.cs(33,23): error CS9035: Required member 'SOC2Gap.Severity' must be set in the object initializer or attribute constructor. [C:\Work\LankaConnect\tests\LankaConnect.Application.Tests\LankaConnect.Application.Tests.csproj]
C:\Work\LankaConnect\tests\LankaConnect.Application.Tests\Common\Models\CulturalIntelligence\SOC2GapIsolatedTests.cs(33,23): error CS9035: Required member 'SOC2Gap.IdentifiedDate' must be set in the object initializer or attribute constructor. [C:\Work\LankaConnect\tests\LankaConnect.Application.Tests\LankaConnect.Application.Tests.csproj]
C:\Work\LankaConnect\tests\LankaConnect.Application.Tests\Common\Models\CulturalIntelligence\SOC2GapIsolatedTests.cs(33,23): error CS9035: Required member 'SOC2Gap.ResponsibleTeam' must be set in the object initializer or attribute constructor. [C:\Work\LankaConnect\tests\LankaConnect.Application.Tests\LankaConnect.Application.Tests.csproj]
C:\Work\LankaConnect\tests\LankaConnect.Application.Tests\Common\Models\CulturalIntelligence\SOC2GapIsolatedTests.cs(55,23): error CS9035: Required member 'SOC2Gap.GapId' must be set in the object initializer or attribute constructor. [C:\Work\LankaConnect\tests\LankaConnect.Application.Tests\LankaConnect.Application.Tests.csproj]
C:\Work\LankaConnect\tests\LankaConnect.Application.Tests\Common\Models\CulturalIntelligence\SOC2GapIsolatedTests.cs(55,23): error CS9035: Required member 'SOC2Gap.GapCategory' must be set in the object initializer or attribute constructor. [C:\Work\LankaConnect\tests\LankaConnect.Application.Tests\LankaConnect.Application.Tests.csproj]
C:\Work\LankaConnect\tests\LankaConnect.Application.Tests\Common\Models\CulturalIntelligence\SOC2GapIsolatedTests.cs(55,23): error CS9035: Required member 'SOC2Gap.Description' must be set in the object initializer or attribute constructor. [C:\Work\LankaConnect\tests\LankaConnect.Application.Tests\LankaConnect.Application.Tests.csproj]
C:\Work\LankaConnect\tests\LankaConnect.Application.Tests\Common\Models\CulturalIntelligence\SOC2GapIsolatedTests.cs(55,23): error CS9035: Required member 'SOC2Gap.Severity' must be set in the object initializer or attribute constructor. [C:\Work\LankaConnect\tests\LankaConnect.Application.Tests\LankaConnect.Application.Tests.csproj]
C:\Work\LankaConnect\tests\LankaConnect.Application.Tests\Common\Models\CulturalIntelligence\SOC2GapIsolatedTests.cs(55,23): error CS9035: Required member 'SOC2Gap.IdentifiedDate' must be set in the object initializer or attribute constructor. [C:\Work\LankaConnect\tests\LankaConnect.Application.Tests\LankaConnect.Application.Tests.csproj]
C:\Work\LankaConnect\tests\LankaConnect.Application.Tests\Common\Models\CulturalIntelligence\SOC2GapIsolatedTests.cs(55,23): error CS9035: Required member 'SOC2Gap.ResponsibleTeam' must be set in the object initializer or attribute constructor. [C:\Work\LankaConnect\tests\LankaConnect.Application.Tests\LankaConnect.Application.Tests.csproj]
C:\Work\LankaConnect\tests\LankaConnect.Application.Tests\Common\Revenue\RevenueOptimizationTypesTests.cs(90,42): error CS1061: 'BooleanAssertions' does not contain a definition for 'BeDefined' and no accessible extension method 'BeDefined' accepting a first argument of type 'BooleanAssertions' could be found (are you missing a using directive or an assembly reference?) [C:\Work\LankaConnect\tests\LankaConnect.Application.Tests\LankaConnect.Application.Tests.csproj]
C:\Work\LankaConnect\tests\LankaConnect.Application.Tests\Common\Monitoring\MonitoringTypesTests.cs(26,33): error CS0103: The name 'CulturalEventType' does not exist in the current context [C:\Work\LankaConnect\tests\LankaConnect.Application.Tests\LankaConnect.Application.Tests.csproj]
C:\Work\LankaConnect\tests\LankaConnect.Application.Tests\Common\Models\CulturalIntelligence\SecurityComplianceTypesTests.cs(280,23): error CS9035: Required member 'SOC2Gap.GapId' must be set in the object initializer or attribute constructor. [C:\Work\LankaConnect\tests\LankaConnect.Application.Tests\LankaConnect.Application.Tests.csproj]
C:\Work\LankaConnect\tests\LankaConnect.Application.Tests\Common\Models\CulturalIntelligence\SecurityComplianceTypesTests.cs(280,23): error CS9035: Required member 'SOC2Gap.GapCategory' must be set in the object initializer or attribute constructor. [C:\Work\LankaConnect\tests\LankaConnect.Application.Tests\LankaConnect.Application.Tests.csproj]
C:\Work\LankaConnect\tests\LankaConnect.Application.Tests\Common\Models\CulturalIntelligence\SecurityComplianceTypesTests.cs(280,23): error CS9035: Required member 'SOC2Gap.Description' must be set in the object initializer or attribute constructor. [C:\Work\LankaConnect\tests\LankaConnect.Application.Tests\LankaConnect.Application.Tests.csproj]
C:\Work\LankaConnect\tests\LankaConnect.Application.Tests\Common\Models\CulturalIntelligence\SecurityComplianceTypesTests.cs(280,23): error CS9035: Required member 'SOC2Gap.Severity' must be set in the object initializer or attribute constructor. [C:\Work\LankaConnect\tests\LankaConnect.Application.Tests\LankaConnect.Application.Tests.csproj]
C:\Work\LankaConnect\tests\LankaConnect.Application.Tests\Common\Models\CulturalIntelligence\SecurityComplianceTypesTests.cs(280,23): error CS9035: Required member 'SOC2Gap.IdentifiedDate' must be set in the object initializer or attribute constructor. [C:\Work\LankaConnect\tests\LankaConnect.Application.Tests\LankaConnect.Application.Tests.csproj]
C:\Work\LankaConnect\tests\LankaConnect.Application.Tests\Common\Models\CulturalIntelligence\SecurityComplianceTypesTests.cs(280,23): error CS9035: Required member 'SOC2Gap.ResponsibleTeam' must be set in the object initializer or attribute constructor. [C:\Work\LankaConnect\tests\LankaConnect.Application.Tests\LankaConnect.Application.Tests.csproj]
C:\Work\LankaConnect\tests\LankaConnect.Application.Tests\Common\Revenue\RevenueOptimizationTypesTests.cs(169,31): error CS0103: The name 'ProtectionLevel' does not exist in the current context [C:\Work\LankaConnect\tests\LankaConnect.Application.Tests\LankaConnect.Application.Tests.csproj]
C:\Work\LankaConnect\tests\LankaConnect.Application.Tests\Common\Monitoring\MonitoringTypesTests.cs(92,42): error CS0103: The name 'CulturalEventType' does not exist in the current context [C:\Work\LankaConnect\tests\LankaConnect.Application.Tests\LankaConnect.Application.Tests.csproj]
C:\Work\LankaConnect\tests\LankaConnect.Application.Tests\Common\Monitoring\MonitoringTypesTests.cs(92,79): error CS0103: The name 'CulturalEventType' does not exist in the current context [C:\Work\LankaConnect\tests\LankaConnect.Application.Tests\LankaConnect.Application.Tests.csproj]
C:\Work\LankaConnect\tests\LankaConnect.Application.Tests\Common\Monitoring\MonitoringTypesTests.cs(95,74): error CS1503: Argument 3: cannot convert from '?[]' to 'System.Collections.Generic.IEnumerable<LankaConnect.Domain.Common.Enums.CulturalEventType>' [C:\Work\LankaConnect\tests\LankaConnect.Application.Tests\LankaConnect.Application.Tests.csproj]
C:\Work\LankaConnect\tests\LankaConnect.Application.Tests\Common\Models\CulturalIntelligence\SecurityComplianceTypesTests.cs(322,31): error CS9035: Required member 'SOC2Gap.GapId' must be set in the object initializer or attribute constructor. [C:\Work\LankaConnect\tests\LankaConnect.Application.Tests\LankaConnect.Application.Tests.csproj]
C:\Work\LankaConnect\tests\LankaConnect.Application.Tests\Common\Models\CulturalIntelligence\SecurityComplianceTypesTests.cs(322,31): error CS9035: Required member 'SOC2Gap.GapCategory' must be set in the object initializer or attribute constructor. [C:\Work\LankaConnect\tests\LankaConnect.Application.Tests\LankaConnect.Application.Tests.csproj]
C:\Work\LankaConnect\tests\LankaConnect.Application.Tests\Common\Models\CulturalIntelligence\SecurityComplianceTypesTests.cs(322,31): error CS9035: Required member 'SOC2Gap.Description' must be set in the object initializer or attribute constructor. [C:\Work\LankaConnect\tests\LankaConnect.Application.Tests\LankaConnect.Application.Tests.csproj]
C:\Work\LankaConnect\tests\LankaConnect.Application.Tests\Common\Models\CulturalIntelligence\SecurityComplianceTypesTests.cs(322,31): error CS9035: Required member 'SOC2Gap.Severity' must be set in the object initializer or attribute constructor. [C:\Work\LankaConnect\tests\LankaConnect.Application.Tests\LankaConnect.Application.Tests.csproj]
C:\Work\LankaConnect\tests\LankaConnect.Application.Tests\Common\Models\CulturalIntelligence\SecurityComplianceTypesTests.cs(322,31): error CS9035: Required member 'SOC2Gap.IdentifiedDate' must be set in the object initializer or attribute constructor. [C:\Work\LankaConnect\tests\LankaConnect.Application.Tests\LankaConnect.Application.Tests.csproj]
C:\Work\LankaConnect\tests\LankaConnect.Application.Tests\Common\Models\CulturalIntelligence\SecurityComplianceTypesTests.cs(322,31): error CS9035: Required member 'SOC2Gap.ResponsibleTeam' must be set in the object initializer or attribute constructor. [C:\Work\LankaConnect\tests\LankaConnect.Application.Tests\LankaConnect.Application.Tests.csproj]
C:\Work\LankaConnect\tests\LankaConnect.Application.Tests\Common\Models\CulturalIntelligence\SecurityComplianceTypesTests.cs(323,35): error CS9035: Required member 'SOC2Gap.GapId' must be set in the object initializer or attribute constructor. [C:\Work\LankaConnect\tests\LankaConnect.Application.Tests\LankaConnect.Application.Tests.csproj]
C:\Work\LankaConnect\tests\LankaConnect.Application.Tests\Common\Models\CulturalIntelligence\SecurityComplianceTypesTests.cs(323,35): error CS9035: Required member 'SOC2Gap.GapCategory' must be set in the object initializer or attribute constructor. [C:\Work\LankaConnect\tests\LankaConnect.Application.Tests\LankaConnect.Application.Tests.csproj]
C:\Work\LankaConnect\tests\LankaConnect.Application.Tests\Common\Models\CulturalIntelligence\SecurityComplianceTypesTests.cs(323,35): error CS9035: Required member 'SOC2Gap.Description' must be set in the object initializer or attribute constructor. [C:\Work\LankaConnect\tests\LankaConnect.Application.Tests\LankaConnect.Application.Tests.csproj]
C:\Work\LankaConnect\tests\LankaConnect.Application.Tests\Common\Models\CulturalIntelligence\SecurityComplianceTypesTests.cs(323,35): error CS9035: Required member 'SOC2Gap.Severity' must be set in the object initializer or attribute constructor. [C:\Work\LankaConnect\tests\LankaConnect.Application.Tests\LankaConnect.Application.Tests.csproj]
C:\Work\LankaConnect\tests\LankaConnect.Application.Tests\Common\Models\CulturalIntelligence\SecurityComplianceTypesTests.cs(323,35): error CS9035: Required member 'SOC2Gap.IdentifiedDate' must be set in the object initializer or attribute constructor. [C:\Work\LankaConnect\tests\LankaConnect.Application.Tests\LankaConnect.Application.Tests.csproj]
C:\Work\LankaConnect\tests\LankaConnect.Application.Tests\Common\Models\CulturalIntelligence\SecurityComplianceTypesTests.cs(323,35): error CS9035: Required member 'SOC2Gap.ResponsibleTeam' must be set in the object initializer or attribute constructor. [C:\Work\LankaConnect\tests\LankaConnect.Application.Tests\LankaConnect.Application.Tests.csproj]
C:\Work\LankaConnect\tests\LankaConnect.Application.Tests\Common\Models\CulturalIntelligence\SecurityComplianceTypesTests.cs(324,30): error CS9035: Required member 'SOC2Gap.GapId' must be set in the object initializer or attribute constructor. [C:\Work\LankaConnect\tests\LankaConnect.Application.Tests\LankaConnect.Application.Tests.csproj]
C:\Work\LankaConnect\tests\LankaConnect.Application.Tests\Common\Models\CulturalIntelligence\SecurityComplianceTypesTests.cs(324,30): error CS9035: Required member 'SOC2Gap.GapCategory' must be set in the object initializer or attribute constructor. [C:\Work\LankaConnect\tests\LankaConnect.Application.Tests\LankaConnect.Application.Tests.csproj]
C:\Work\LankaConnect\tests\LankaConnect.Application.Tests\Common\Models\CulturalIntelligence\SecurityComplianceTypesTests.cs(324,30): error CS9035: Required member 'SOC2Gap.Description' must be set in the object initializer or attribute constructor. [C:\Work\LankaConnect\tests\LankaConnect.Application.Tests\LankaConnect.Application.Tests.csproj]
C:\Work\LankaConnect\tests\LankaConnect.Application.Tests\Common\Models\CulturalIntelligence\SecurityComplianceTypesTests.cs(324,30): error CS9035: Required member 'SOC2Gap.Severity' must be set in the object initializer or attribute constructor. [C:\Work\LankaConnect\tests\LankaConnect.Application.Tests\LankaConnect.Application.Tests.csproj]
C:\Work\LankaConnect\tests\LankaConnect.Application.Tests\Common\Models\CulturalIntelligence\SecurityComplianceTypesTests.cs(324,30): error CS9035: Required member 'SOC2Gap.IdentifiedDate' must be set in the object initializer or attribute constructor. [C:\Work\LankaConnect\tests\LankaConnect.Application.Tests\LankaConnect.Application.Tests.csproj]
C:\Work\LankaConnect\tests\LankaConnect.Application.Tests\Common\Models\CulturalIntelligence\SecurityComplianceTypesTests.cs(324,30): error CS9035: Required member 'SOC2Gap.ResponsibleTeam' must be set in the object initializer or attribute constructor. [C:\Work\LankaConnect\tests\LankaConnect.Application.Tests\LankaConnect.Application.Tests.csproj]
C:\Work\LankaConnect\tests\LankaConnect.Application.Tests\Common\Models\CulturalIntelligence\SecurityComplianceTypesTests.cs(325,30): error CS9035: Required member 'SOC2Gap.GapId' must be set in the object initializer or attribute constructor. [C:\Work\LankaConnect\tests\LankaConnect.Application.Tests\LankaConnect.Application.Tests.csproj]
C:\Work\LankaConnect\tests\LankaConnect.Application.Tests\Common\Models\CulturalIntelligence\SecurityComplianceTypesTests.cs(325,30): error CS9035: Required member 'SOC2Gap.GapCategory' must be set in the object initializer or attribute constructor. [C:\Work\LankaConnect\tests\LankaConnect.Application.Tests\LankaConnect.Application.Tests.csproj]
C:\Work\LankaConnect\tests\LankaConnect.Application.Tests\Common\Models\CulturalIntelligence\SecurityComplianceTypesTests.cs(325,30): error CS9035: Required member 'SOC2Gap.Description' must be set in the object initializer or attribute constructor. [C:\Work\LankaConnect\tests\LankaConnect.Application.Tests\LankaConnect.Application.Tests.csproj]
C:\Work\LankaConnect\tests\LankaConnect.Application.Tests\Common\Models\CulturalIntelligence\SecurityComplianceTypesTests.cs(325,30): error CS9035: Required member 'SOC2Gap.Severity' must be set in the object initializer or attribute constructor. [C:\Work\LankaConnect\tests\LankaConnect.Application.Tests\LankaConnect.Application.Tests.csproj]
C:\Work\LankaConnect\tests\LankaConnect.Application.Tests\Common\Models\CulturalIntelligence\SecurityComplianceTypesTests.cs(325,30): error CS9035: Required member 'SOC2Gap.IdentifiedDate' must be set in the object initializer or attribute constructor. [C:\Work\LankaConnect\tests\LankaConnect.Application.Tests\LankaConnect.Application.Tests.csproj]
C:\Work\LankaConnect\tests\LankaConnect.Application.Tests\Common\Models\CulturalIntelligence\SecurityComplianceTypesTests.cs(325,30): error CS9035: Required member 'SOC2Gap.ResponsibleTeam' must be set in the object initializer or attribute constructor. [C:\Work\LankaConnect\tests\LankaConnect.Application.Tests\LankaConnect.Application.Tests.csproj]
C:\Work\LankaConnect\tests\LankaConnect.Application.Tests\Common\Models\CulturalIntelligence\SecurityComplianceTypesTests.cs(338,31): error CS9035: Required member 'SOC2Gap.GapId' must be set in the object initializer or attribute constructor. [C:\Work\LankaConnect\tests\LankaConnect.Application.Tests\LankaConnect.Application.Tests.csproj]
C:\Work\LankaConnect\tests\LankaConnect.Application.Tests\Common\Models\CulturalIntelligence\SecurityComplianceTypesTests.cs(338,31): error CS9035: Required member 'SOC2Gap.GapCategory' must be set in the object initializer or attribute constructor. [C:\Work\LankaConnect\tests\LankaConnect.Application.Tests\LankaConnect.Application.Tests.csproj]
C:\Work\LankaConnect\tests\LankaConnect.Application.Tests\Common\Models\CulturalIntelligence\SecurityComplianceTypesTests.cs(338,31): error CS9035: Required member 'SOC2Gap.Description' must be set in the object initializer or attribute constructor. [C:\Work\LankaConnect\tests\LankaConnect.Application.Tests\LankaConnect.Application.Tests.csproj]
C:\Work\LankaConnect\tests\LankaConnect.Application.Tests\Common\Models\CulturalIntelligence\SecurityComplianceTypesTests.cs(338,31): error CS9035: Required member 'SOC2Gap.Severity' must be set in the object initializer or attribute constructor. [C:\Work\LankaConnect\tests\LankaConnect.Application.Tests\LankaConnect.Application.Tests.csproj]
C:\Work\LankaConnect\tests\LankaConnect.Application.Tests\Common\Models\CulturalIntelligence\SecurityComplianceTypesTests.cs(338,31): error CS9035: Required member 'SOC2Gap.IdentifiedDate' must be set in the object initializer or attribute constructor. [C:\Work\LankaConnect\tests\LankaConnect.Application.Tests\LankaConnect.Application.Tests.csproj]
C:\Work\LankaConnect\tests\LankaConnect.Application.Tests\Common\Models\CulturalIntelligence\SecurityComplianceTypesTests.cs(338,31): error CS9035: Required member 'SOC2Gap.ResponsibleTeam' must be set in the object initializer or attribute constructor. [C:\Work\LankaConnect\tests\LankaConnect.Application.Tests\LankaConnect.Application.Tests.csproj]
C:\Work\LankaConnect\tests\LankaConnect.Application.Tests\Common\Models\CulturalIntelligence\SecurityComplianceTypesTests.cs(339,32): error CS9035: Required member 'SOC2Gap.GapId' must be set in the object initializer or attribute constructor. [C:\Work\LankaConnect\tests\LankaConnect.Application.Tests\LankaConnect.Application.Tests.csproj]
C:\Work\LankaConnect\tests\LankaConnect.Application.Tests\Common\Models\CulturalIntelligence\SecurityComplianceTypesTests.cs(339,32): error CS9035: Required member 'SOC2Gap.GapCategory' must be set in the object initializer or attribute constructor. [C:\Work\LankaConnect\tests\LankaConnect.Application.Tests\LankaConnect.Application.Tests.csproj]
C:\Work\LankaConnect\tests\LankaConnect.Application.Tests\Common\Models\CulturalIntelligence\SecurityComplianceTypesTests.cs(339,32): error CS9035: Required member 'SOC2Gap.Description' must be set in the object initializer or attribute constructor. [C:\Work\LankaConnect\tests\LankaConnect.Application.Tests\LankaConnect.Application.Tests.csproj]
C:\Work\LankaConnect\tests\LankaConnect.Application.Tests\Common\Models\CulturalIntelligence\SecurityComplianceTypesTests.cs(339,32): error CS9035: Required member 'SOC2Gap.Severity' must be set in the object initializer or attribute constructor. [C:\Work\LankaConnect\tests\LankaConnect.Application.Tests\LankaConnect.Application.Tests.csproj]
C:\Work\LankaConnect\tests\LankaConnect.Application.Tests\Common\Models\CulturalIntelligence\SecurityComplianceTypesTests.cs(339,32): error CS9035: Required member 'SOC2Gap.IdentifiedDate' must be set in the object initializer or attribute constructor. [C:\Work\LankaConnect\tests\LankaConnect.Application.Tests\LankaConnect.Application.Tests.csproj]
C:\Work\LankaConnect\tests\LankaConnect.Application.Tests\Common\Models\CulturalIntelligence\SecurityComplianceTypesTests.cs(339,32): error CS9035: Required member 'SOC2Gap.ResponsibleTeam' must be set in the object initializer or attribute constructor. [C:\Work\LankaConnect\tests\LankaConnect.Application.Tests\LankaConnect.Application.Tests.csproj]
C:\Work\LankaConnect\tests\LankaConnect.Application.Tests\Common\Models\CulturalIntelligence\SecurityComplianceTypesTests.cs(340,30): error CS9035: Required member 'SOC2Gap.GapId' must be set in the object initializer or attribute constructor. [C:\Work\LankaConnect\tests\LankaConnect.Application.Tests\LankaConnect.Application.Tests.csproj]
C:\Work\LankaConnect\tests\LankaConnect.Application.Tests\Common\Models\CulturalIntelligence\SecurityComplianceTypesTests.cs(340,30): error CS9035: Required member 'SOC2Gap.GapCategory' must be set in the object initializer or attribute constructor. [C:\Work\LankaConnect\tests\LankaConnect.Application.Tests\LankaConnect.Application.Tests.csproj]
C:\Work\LankaConnect\tests\LankaConnect.Application.Tests\Common\Models\CulturalIntelligence\SecurityComplianceTypesTests.cs(340,30): error CS9035: Required member 'SOC2Gap.Description' must be set in the object initializer or attribute constructor. [C:\Work\LankaConnect\tests\LankaConnect.Application.Tests\LankaConnect.Application.Tests.csproj]
C:\Work\LankaConnect\tests\LankaConnect.Application.Tests\Common\Models\CulturalIntelligence\SecurityComplianceTypesTests.cs(340,30): error CS9035: Required member 'SOC2Gap.Severity' must be set in the object initializer or attribute constructor. [C:\Work\LankaConnect\tests\LankaConnect.Application.Tests\LankaConnect.Application.Tests.csproj]
C:\Work\LankaConnect\tests\LankaConnect.Application.Tests\Common\Models\CulturalIntelligence\SecurityComplianceTypesTests.cs(340,30): error CS9035: Required member 'SOC2Gap.IdentifiedDate' must be set in the object initializer or attribute constructor. [C:\Work\LankaConnect\tests\LankaConnect.Application.Tests\LankaConnect.Application.Tests.csproj]
C:\Work\LankaConnect\tests\LankaConnect.Application.Tests\Common\Models\CulturalIntelligence\SecurityComplianceTypesTests.cs(340,30): error CS9035: Required member 'SOC2Gap.ResponsibleTeam' must be set in the object initializer or attribute constructor. [C:\Work\LankaConnect\tests\LankaConnect.Application.Tests\LankaConnect.Application.Tests.csproj]
C:\Work\LankaConnect\tests\LankaConnect.Application.Tests\Common\Models\CulturalIntelligence\SecurityComplianceTypesTests.cs(352,23): error CS9035: Required member 'SOC2Gap.GapId' must be set in the object initializer or attribute constructor. [C:\Work\LankaConnect\tests\LankaConnect.Application.Tests\LankaConnect.Application.Tests.csproj]
C:\Work\LankaConnect\tests\LankaConnect.Application.Tests\Common\Models\CulturalIntelligence\SecurityComplianceTypesTests.cs(352,23): error CS9035: Required member 'SOC2Gap.GapCategory' must be set in the object initializer or attribute constructor. [C:\Work\LankaConnect\tests\LankaConnect.Application.Tests\LankaConnect.Application.Tests.csproj]
C:\Work\LankaConnect\tests\LankaConnect.Application.Tests\Common\Models\CulturalIntelligence\SecurityComplianceTypesTests.cs(352,23): error CS9035: Required member 'SOC2Gap.Description' must be set in the object initializer or attribute constructor. [C:\Work\LankaConnect\tests\LankaConnect.Application.Tests\LankaConnect.Application.Tests.csproj]
C:\Work\LankaConnect\tests\LankaConnect.Application.Tests\Common\Models\CulturalIntelligence\SecurityComplianceTypesTests.cs(352,23): error CS9035: Required member 'SOC2Gap.Severity' must be set in the object initializer or attribute constructor. [C:\Work\LankaConnect\tests\LankaConnect.Application.Tests\LankaConnect.Application.Tests.csproj]
C:\Work\LankaConnect\tests\LankaConnect.Application.Tests\Common\Models\CulturalIntelligence\SecurityComplianceTypesTests.cs(352,23): error CS9035: Required member 'SOC2Gap.IdentifiedDate' must be set in the object initializer or attribute constructor. [C:\Work\LankaConnect\tests\LankaConnect.Application.Tests\LankaConnect.Application.Tests.csproj]
C:\Work\LankaConnect\tests\LankaConnect.Application.Tests\Common\Models\CulturalIntelligence\SecurityComplianceTypesTests.cs(352,23): error CS9035: Required member 'SOC2Gap.ResponsibleTeam' must be set in the object initializer or attribute constructor. [C:\Work\LankaConnect\tests\LankaConnect.Application.Tests\LankaConnect.Application.Tests.csproj]
C:\Work\LankaConnect\tests\LankaConnect.Application.Tests\Common\Monitoring\MonitoringTypesTests.cs(206,17): error CS0103: The name 'CulturalEventType' does not exist in the current context [C:\Work\LankaConnect\tests\LankaConnect.Application.Tests\LankaConnect.Application.Tests.csproj]
C:\Work\LankaConnect\tests\LankaConnect.Application.Tests\Common\Monitoring\MonitoringTypesTests.cs(208,17): error CS0103: The name 'CulturalEventType' does not exist in the current context [C:\Work\LankaConnect\tests\LankaConnect.Application.Tests\LankaConnect.Application.Tests.csproj]
C:\Work\LankaConnect\tests\LankaConnect.Application.Tests\Common\Monitoring\MonitoringTypesTests.cs(230,17): error CS0103: The name 'CulturalEventType' does not exist in the current context [C:\Work\LankaConnect\tests\LankaConnect.Application.Tests\LankaConnect.Application.Tests.csproj]
C:\Work\LankaConnect\tests\LankaConnect.Application.Tests\Common\Monitoring\MonitoringTypesTests.cs(233,96): error CS0103: The name 'CulturalEventType' does not exist in the current context [C:\Work\LankaConnect\tests\LankaConnect.Application.Tests\LankaConnect.Application.Tests.csproj]
C:\Work\LankaConnect\tests\LankaConnect.Application.Tests\Common\Monitoring\MonitoringTypesTests.cs(249,17): error CS0103: The name 'CulturalEventType' does not exist in the current context [C:\Work\LankaConnect\tests\LankaConnect.Application.Tests\LankaConnect.Application.Tests.csproj]
C:\Work\LankaConnect\tests\LankaConnect.Application.Tests\Common\Monitoring\MonitoringTypesTests.cs(251,17): error CS0103: The name 'CulturalEventType' does not exist in the current context [C:\Work\LankaConnect\tests\LankaConnect.Application.Tests\LankaConnect.Application.Tests.csproj]
C:\Work\LankaConnect\tests\LankaConnect.Application.Tests\Common\Revenue\RevenueOptimizationTypesTests.cs(270,48): error CS1061: 'NumericAssertions<decimal>' does not contain a definition for 'BeDefined' and no accessible extension method 'BeDefined' accepting a first argument of type 'NumericAssertions<decimal>' could be found (are you missing a using directive or an assembly reference?) [C:\Work\LankaConnect\tests\LankaConnect.Application.Tests\LankaConnect.Application.Tests.csproj]
C:\Work\LankaConnect\tests\LankaConnect.Application.Tests\Common\Revenue\RevenueOptimizationTypesTests.cs(353,55): error CS1061: 'BooleanAssertions' does not contain a definition for 'BeDefined' and no accessible extension method 'BeDefined' accepting a first argument of type 'BooleanAssertions' could be found (are you missing a using directive or an assembly reference?) [C:\Work\LankaConnect\tests\LankaConnect.Application.Tests\LankaConnect.Application.Tests.csproj]
C:\Work\LankaConnect\tests\LankaConnect.Application.Tests\Common\Revenue\RevenueOptimizationTypesTests.cs(376,13): error CS0103: The name 'ProtectionLevel' does not exist in the current context [C:\Work\LankaConnect\tests\LankaConnect.Application.Tests\LankaConnect.Application.Tests.csproj]
C:\Work\LankaConnect\tests\LankaConnect.Application.Tests\Common\Performance\PerformanceMonitoringResultTypesTests.cs(78,9): error CS8602: Dereference of a possibly null reference. [C:\Work\LankaConnect\tests\LankaConnect.Application.Tests\LankaConnect.Application.Tests.csproj]
C:\Work\LankaConnect\tests\LankaConnect.Application.Tests\Common\Performance\PerformanceMonitoringResultTypesTests.cs(133,9): error CS8602: Dereference of a possibly null reference. [C:\Work\LankaConnect\tests\LankaConnect.Application.Tests\LankaConnect.Application.Tests.csproj]
C:\Work\LankaConnect\tests\LankaConnect.Application.Tests\Common\Performance\PerformanceMonitoringResultTypesTests.cs(189,9): error CS8602: Dereference of a possibly null reference. [C:\Work\LankaConnect\tests\LankaConnect.Application.Tests\LankaConnect.Application.Tests.csproj]
C:\Work\LankaConnect\tests\LankaConnect.Application.Tests\Common\PerformanceObjectiveTests.cs(253,48): error CS0246: The type or namespace name 'IDatabasePerformanceMonitoringEngine' could not be found (are you missing a using directive or an assembly reference?) [C:\Work\LankaConnect\tests\LankaConnect.Application.Tests\LankaConnect.Application.Tests.csproj]
C:\Work\LankaConnect\tests\LankaConnect.Application.Tests\Common\PerformanceObjectiveTests.cs(255,46): error CS0246: The type or namespace name 'OptimizationScope' could not be found (are you missing a using directive or an assembly reference?) [C:\Work\LankaConnect\tests\LankaConnect.Application.Tests\LankaConnect.Application.Tests.csproj]
C:\Work\LankaConnect\tests\LankaConnect.Application.Tests\Common\PerformanceObjectiveTests.cs(259,26): error CS0246: The type or namespace name 'OptimizationScope' could not be found (are you missing a using directive or an assembly reference?) [C:\Work\LankaConnect\tests\LankaConnect.Application.Tests\LankaConnect.Application.Tests.csproj]
C:\Work\LankaConnect\tests\LankaConnect.Application.Tests\Common\PerformanceObjectiveTests.cs(273,22): error CS0246: The type or namespace name 'OptimizationScope' could not be found (are you missing a using directive or an assembly reference?) [C:\Work\LankaConnect\tests\LankaConnect.Application.Tests\LankaConnect.Application.Tests.csproj]
C:\Work\LankaConnect\tests\LankaConnect.Application.Tests\Common\Performance\AutoScalingPerformanceTypesTests.cs(23,13): error CS0117: 'ScalingEvent' does not contain a definition for 'EventType' [C:\Work\LankaConnect\tests\LankaConnect.Application.Tests\LankaConnect.Application.Tests.csproj]
C:\Work\LankaConnect\tests\LankaConnect.Application.Tests\Common\Performance\AutoScalingPerformanceTypesTests.cs(24,13): error CS0117: 'ScalingEvent' does not contain a definition for 'UserLoadIncrease' [C:\Work\LankaConnect\tests\LankaConnect.Application.Tests\LankaConnect.Application.Tests.csproj]
C:\Work\LankaConnect\tests\LankaConnect.Application.Tests\Common\Performance\AutoScalingPerformanceTypesTests.cs(25,13): error CS0117: 'ScalingEvent' does not contain a definition for 'ResourceScalingFactor' [C:\Work\LankaConnect\tests\LankaConnect.Application.Tests\LankaConnect.Application.Tests.csproj]
C:\Work\LankaConnect\tests\LankaConnect.Application.Tests\Common\Performance\AutoScalingPerformanceTypesTests.cs(26,13): error CS0117: 'ScalingEvent' does not contain a definition for 'ExpectedPerformanceImpact' [C:\Work\LankaConnect\tests\LankaConnect.Application.Tests\LankaConnect.Application.Tests.csproj]
C:\Work\LankaConnect\tests\LankaConnect.Application.Tests\Common\Performance\AutoScalingPerformanceTypesTests.cs(38,59): error CS1503: Argument 1: cannot convert from 'LankaConnect.Application.Tests.Common.ScalingEvent' to 'LankaConnect.Application.Common.Performance.ScalingEvent' [C:\Work\LankaConnect\tests\LankaConnect.Application.Tests\LankaConnect.Application.Tests.csproj]
C:\Work\LankaConnect\tests\LankaConnect.Application.Tests\Common\Performance\AutoScalingPerformanceTypesTests.cs(56,13): error CS0117: 'ScalingEvent' does not contain a definition for 'EventType' [C:\Work\LankaConnect\tests\LankaConnect.Application.Tests\LankaConnect.Application.Tests.csproj]
C:\Work\LankaConnect\tests\LankaConnect.Application.Tests\Common\Performance\AutoScalingPerformanceTypesTests.cs(57,13): error CS0117: 'ScalingEvent' does not contain a definition for 'UserLoadIncrease' [C:\Work\LankaConnect\tests\LankaConnect.Application.Tests\LankaConnect.Application.Tests.csproj]
C:\Work\LankaConnect\tests\LankaConnect.Application.Tests\Common\Performance\AutoScalingPerformanceTypesTests.cs(58,13): error CS0117: 'ScalingEvent' does not contain a definition for 'ResourceScalingFactor' [C:\Work\LankaConnect\tests\LankaConnect.Application.Tests\LankaConnect.Application.Tests.csproj]
C:\Work\LankaConnect\tests\LankaConnect.Application.Tests\Common\Performance\AutoScalingPerformanceTypesTests.cs(59,13): error CS0117: 'ScalingEvent' does not contain a definition for 'ExpectedPerformanceImpact' [C:\Work\LankaConnect\tests\LankaConnect.Application.Tests\LankaConnect.Application.Tests.csproj]
C:\Work\LankaConnect\tests\LankaConnect.Application.Tests\Common\Performance\AutoScalingPerformanceTypesTests.cs(71,59): error CS1503: Argument 1: cannot convert from 'LankaConnect.Application.Tests.Common.ScalingEvent' to 'LankaConnect.Application.Common.Performance.ScalingEvent' [C:\Work\LankaConnect\tests\LankaConnect.Application.Tests\LankaConnect.Application.Tests.csproj]
C:\Work\LankaConnect\tests\LankaConnect.Application.Tests\Common\Performance\AutoScalingPerformanceTypesTests.cs(231,51): error CS1061: 'BooleanAssertions' does not contain a definition for 'BeDefined' and no accessible extension method 'BeDefined' accepting a first argument of type 'BooleanAssertions' could be found (are you missing a using directive or an assembly reference?) [C:\Work\LankaConnect\tests\LankaConnect.Application.Tests\LankaConnect.Application.Tests.csproj]
C:\Work\LankaConnect\tests\LankaConnect.Application.Tests\Common\Performance\AutoScalingPerformanceTypesTests.cs(286,21): error CS0104: 'PerformanceDataPoint' is an ambiguous reference between 'LankaConnect.Domain.Common.PerformanceDataPoint' and 'LankaConnect.Application.Common.Performance.PerformanceDataPoint' [C:\Work\LankaConnect\tests\LankaConnect.Application.Tests\LankaConnect.Application.Tests.csproj]
C:\Work\LankaConnect\tests\LankaConnect.Application.Tests\Common\Performance\AutoScalingPerformanceTypesTests.cs(287,21): error CS0104: 'PerformanceDataPoint' is an ambiguous reference between 'LankaConnect.Domain.Common.PerformanceDataPoint' and 'LankaConnect.Application.Common.Performance.PerformanceDataPoint' [C:\Work\LankaConnect\tests\LankaConnect.Application.Tests\LankaConnect.Application.Tests.csproj]
C:\Work\LankaConnect\tests\LankaConnect.Application.Tests\Common\Performance\AutoScalingPerformanceTypesTests.cs(288,21): error CS0104: 'PerformanceDataPoint' is an ambiguous reference between 'LankaConnect.Domain.Common.PerformanceDataPoint' and 'LankaConnect.Application.Common.Performance.PerformanceDataPoint' [C:\Work\LankaConnect\tests\LankaConnect.Application.Tests\LankaConnect.Application.Tests.csproj]
C:\Work\LankaConnect\tests\LankaConnect.Application.Tests\Common\Performance\AutoScalingPerformanceTypesTests.cs(334,38): error CS0104: 'PerformanceRequirement' is an ambiguous reference between 'LankaConnect.Domain.Common.PerformanceRequirement' and 'LankaConnect.Application.Common.Performance.PerformanceRequirement' [C:\Work\LankaConnect\tests\LankaConnect.Application.Tests\LankaConnect.Application.Tests.csproj]
C:\Work\LankaConnect\tests\LankaConnect.Application.Tests\Common\Performance\AutoScalingPerformanceTypesTests.cs(343,49): error CS1061: 'BooleanAssertions' does not contain a definition for 'BeDefined' and no accessible extension method 'BeDefined' accepting a first argument of type 'BooleanAssertions' could be found (are you missing a using directive or an assembly reference?) [C:\Work\LankaConnect\tests\LankaConnect.Application.Tests\LankaConnect.Application.Tests.csproj]
C:\Work\LankaConnect\tests\LankaConnect.Application.Tests\Common\Performance\AutoScalingPerformanceTypesTests.cs(367,38): error CS0104: 'PerformanceRequirement' is an ambiguous reference between 'LankaConnect.Domain.Common.PerformanceRequirement' and 'LankaConnect.Application.Common.Performance.PerformanceRequirement' [C:\Work\LankaConnect\tests\LankaConnect.Application.Tests\LankaConnect.Application.Tests.csproj]
C:\Work\LankaConnect\tests\LankaConnect.Application.Tests\Common\Performance\AutoScalingPerformanceTypesTests.cs(389,32): error CS0117: 'ScalingEvent' does not contain a definition for 'EventType' [C:\Work\LankaConnect\tests\LankaConnect.Application.Tests\LankaConnect.Application.Tests.csproj]
C:\Work\LankaConnect\tests\LankaConnect.Application.Tests\Common\Performance\AutoScalingPerformanceTypesTests.cs(389,81): error CS0117: 'ScalingEvent' does not contain a definition for 'UserLoadIncrease' [C:\Work\LankaConnect\tests\LankaConnect.Application.Tests\LankaConnect.Application.Tests.csproj]
C:\Work\LankaConnect\tests\LankaConnect.IntegrationTests\Cache\CacheAsidePatternIntegrationTests.cs(17,22): error CS0246: The type or namespace name 'ICulturalIntelligenceCacheService' could not be found (are you missing a using directive or an assembly reference?) [C:\Work\LankaConnect\tests\LankaConnect.IntegrationTests\LankaConnect.IntegrationTests.csproj]
C:\Work\LankaConnect\tests\LankaConnect.IntegrationTests\Cache\CacheAsidePatternIntegrationTests.cs(20,46): error CS0246: The type or namespace name 'IntegrationTestWebApplicationFactory' could not be found (are you missing a using directive or an assembly reference?) [C:\Work\LankaConnect\tests\LankaConnect.IntegrationTests\LankaConnect.IntegrationTests.csproj]

Build FAILED.

C:\Work\LankaConnect\tests\LankaConnect.Domain.Tests\Common\Monitoring\ComplianceValidationResultTests.cs(14,6): error CS0246: The type or namespace name 'TestAttribute' could not be found (are you missing a using directive or an assembly reference?) [C:\Work\LankaConnect\tests\LankaConnect.Domain.Tests\LankaConnect.Domain.Tests.csproj]
C:\Work\LankaConnect\tests\LankaConnect.Domain.Tests\Common\Monitoring\ComplianceValidationResultTests.cs(14,6): error CS0246: The type or namespace name 'Test' could not be found (are you missing a using directive or an assembly reference?) [C:\Work\LankaConnect\tests\LankaConnect.Domain.Tests\LankaConnect.Domain.Tests.csproj]
C:\Work\LankaConnect\tests\LankaConnect.Domain.Tests\Common\Monitoring\ComplianceValidationResultTests.cs(50,6): error CS0246: The type or namespace name 'TestAttribute' could not be found (are you missing a using directive or an assembly reference?) [C:\Work\LankaConnect\tests\LankaConnect.Domain.Tests\LankaConnect.Domain.Tests.csproj]
C:\Work\LankaConnect\tests\LankaConnect.Domain.Tests\Common\Monitoring\ComplianceValidationResultTests.cs(50,6): error CS0246: The type or namespace name 'Test' could not be found (are you missing a using directive or an assembly reference?) [C:\Work\LankaConnect\tests\LankaConnect.Domain.Tests\LankaConnect.Domain.Tests.csproj]
C:\Work\LankaConnect\tests\LankaConnect.Domain.Tests\Common\Monitoring\ComplianceValidationResultTests.cs(71,6): error CS0246: The type or namespace name 'TestAttribute' could not be found (are you missing a using directive or an assembly reference?) [C:\Work\LankaConnect\tests\LankaConnect.Domain.Tests\LankaConnect.Domain.Tests.csproj]
C:\Work\LankaConnect\tests\LankaConnect.Domain.Tests\Common\Monitoring\ComplianceValidationResultTests.cs(71,6): error CS0246: The type or namespace name 'Test' could not be found (are you missing a using directive or an assembly reference?) [C:\Work\LankaConnect\tests\LankaConnect.Domain.Tests\LankaConnect.Domain.Tests.csproj]
C:\Work\LankaConnect\tests\LankaConnect.Domain.Tests\Common\Monitoring\ComplianceValidationResultTests.cs(98,6): error CS0246: The type or namespace name 'TestAttribute' could not be found (are you missing a using directive or an assembly reference?) [C:\Work\LankaConnect\tests\LankaConnect.Domain.Tests\LankaConnect.Domain.Tests.csproj]
C:\Work\LankaConnect\tests\LankaConnect.Domain.Tests\Common\Monitoring\ComplianceValidationResultTests.cs(98,6): error CS0246: The type or namespace name 'Test' could not be found (are you missing a using directive or an assembly reference?) [C:\Work\LankaConnect\tests\LankaConnect.Domain.Tests\LankaConnect.Domain.Tests.csproj]
C:\Work\LankaConnect\tests\LankaConnect.Domain.Tests\Common\Monitoring\ComplianceValidationResultTests.cs(132,6): error CS0246: The type or namespace name 'TestAttribute' could not be found (are you missing a using directive or an assembly reference?) [C:\Work\LankaConnect\tests\LankaConnect.Domain.Tests\LankaConnect.Domain.Tests.csproj]
C:\Work\LankaConnect\tests\LankaConnect.Domain.Tests\Common\Monitoring\ComplianceValidationResultTests.cs(132,6): error CS0246: The type or namespace name 'Test' could not be found (are you missing a using directive or an assembly reference?) [C:\Work\LankaConnect\tests\LankaConnect.Domain.Tests\LankaConnect.Domain.Tests.csproj]
C:\Work\LankaConnect\tests\LankaConnect.Domain.Tests\Common\Monitoring\ComplianceValidationResultTests.cs(163,6): error CS0246: The type or namespace name 'TestAttribute' could not be found (are you missing a using directive or an assembly reference?) [C:\Work\LankaConnect\tests\LankaConnect.Domain.Tests\LankaConnect.Domain.Tests.csproj]
C:\Work\LankaConnect\tests\LankaConnect.Domain.Tests\Common\Monitoring\ComplianceValidationResultTests.cs(163,6): error CS0246: The type or namespace name 'Test' could not be found (are you missing a using directive or an assembly reference?) [C:\Work\LankaConnect\tests\LankaConnect.Domain.Tests\LankaConnect.Domain.Tests.csproj]
C:\Work\LankaConnect\tests\LankaConnect.Domain.Tests\Common\Monitoring\ComplianceValidationResultTests.cs(181,6): error CS0246: The type or namespace name 'TestAttribute' could not be found (are you missing a using directive or an assembly reference?) [C:\Work\LankaConnect\tests\LankaConnect.Domain.Tests\LankaConnect.Domain.Tests.csproj]
C:\Work\LankaConnect\tests\LankaConnect.Domain.Tests\Common\Monitoring\ComplianceValidationResultTests.cs(181,6): error CS0246: The type or namespace name 'Test' could not be found (are you missing a using directive or an assembly reference?) [C:\Work\LankaConnect\tests\LankaConnect.Domain.Tests\LankaConnect.Domain.Tests.csproj]
C:\Work\LankaConnect\tests\LankaConnect.Domain.Tests\Common\Performance\AutoScalingDecisionTests.cs(14,6): error CS0246: The type or namespace name 'TestAttribute' could not be found (are you missing a using directive or an assembly reference?) [C:\Work\LankaConnect\tests\LankaConnect.Domain.Tests\LankaConnect.Domain.Tests.csproj]
C:\Work\LankaConnect\tests\LankaConnect.Domain.Tests\Common\Performance\AutoScalingDecisionTests.cs(14,6): error CS0246: The type or namespace name 'Test' could not be found (are you missing a using directive or an assembly reference?) [C:\Work\LankaConnect\tests\LankaConnect.Domain.Tests\LankaConnect.Domain.Tests.csproj]
C:\Work\LankaConnect\tests\LankaConnect.Domain.Tests\Common\Performance\AutoScalingDecisionTests.cs(41,6): error CS0246: The type or namespace name 'TestAttribute' could not be found (are you missing a using directive or an assembly reference?) [C:\Work\LankaConnect\tests\LankaConnect.Domain.Tests\LankaConnect.Domain.Tests.csproj]
C:\Work\LankaConnect\tests\LankaConnect.Domain.Tests\Common\Performance\AutoScalingDecisionTests.cs(41,6): error CS0246: The type or namespace name 'Test' could not be found (are you missing a using directive or an assembly reference?) [C:\Work\LankaConnect\tests\LankaConnect.Domain.Tests\LankaConnect.Domain.Tests.csproj]
C:\Work\LankaConnect\tests\LankaConnect.Domain.Tests\Common\Performance\AutoScalingDecisionTests.cs(66,6): error CS0246: The type or namespace name 'TestAttribute' could not be found (are you missing a using directive or an assembly reference?) [C:\Work\LankaConnect\tests\LankaConnect.Domain.Tests\LankaConnect.Domain.Tests.csproj]
C:\Work\LankaConnect\tests\LankaConnect.Domain.Tests\Common\Performance\AutoScalingDecisionTests.cs(66,6): error CS0246: The type or namespace name 'Test' could not be found (are you missing a using directive or an assembly reference?) [C:\Work\LankaConnect\tests\LankaConnect.Domain.Tests\LankaConnect.Domain.Tests.csproj]
C:\Work\LankaConnect\tests\LankaConnect.Domain.Tests\Common\Performance\AutoScalingDecisionTests.cs(84,6): error CS0246: The type or namespace name 'TestAttribute' could not be found (are you missing a using directive or an assembly reference?) [C:\Work\LankaConnect\tests\LankaConnect.Domain.Tests\LankaConnect.Domain.Tests.csproj]
C:\Work\LankaConnect\tests\LankaConnect.Domain.Tests\Common\Performance\AutoScalingDecisionTests.cs(84,6): error CS0246: The type or namespace name 'Test' could not be found (are you missing a using directive or an assembly reference?) [C:\Work\LankaConnect\tests\LankaConnect.Domain.Tests\LankaConnect.Domain.Tests.csproj]
C:\Work\LankaConnect\tests\LankaConnect.Domain.Tests\Common\Performance\AutoScalingDecisionTests.cs(101,6): error CS0246: The type or namespace name 'TestAttribute' could not be found (are you missing a using directive or an assembly reference?) [C:\Work\LankaConnect\tests\LankaConnect.Domain.Tests\LankaConnect.Domain.Tests.csproj]
C:\Work\LankaConnect\tests\LankaConnect.Domain.Tests\Common\Performance\AutoScalingDecisionTests.cs(101,6): error CS0246: The type or namespace name 'Test' could not be found (are you missing a using directive or an assembly reference?) [C:\Work\LankaConnect\tests\LankaConnect.Domain.Tests\LankaConnect.Domain.Tests.csproj]
C:\Work\LankaConnect\tests\LankaConnect.Domain.Tests\Common\Performance\AutoScalingDecisionTests.cs(118,6): error CS0246: The type or namespace name 'TestAttribute' could not be found (are you missing a using directive or an assembly reference?) [C:\Work\LankaConnect\tests\LankaConnect.Domain.Tests\LankaConnect.Domain.Tests.csproj]
C:\Work\LankaConnect\tests\LankaConnect.Domain.Tests\Common\Performance\AutoScalingDecisionTests.cs(118,6): error CS0246: The type or namespace name 'Test' could not be found (are you missing a using directive or an assembly reference?) [C:\Work\LankaConnect\tests\LankaConnect.Domain.Tests\LankaConnect.Domain.Tests.csproj]
C:\Work\LankaConnect\tests\LankaConnect.Domain.Tests\Common\Performance\AutoScalingDecisionTests.cs(147,6): error CS0246: The type or namespace name 'TestAttribute' could not be found (are you missing a using directive or an assembly reference?) [C:\Work\LankaConnect\tests\LankaConnect.Domain.Tests\LankaConnect.Domain.Tests.csproj]
C:\Work\LankaConnect\tests\LankaConnect.Domain.Tests\Common\Performance\AutoScalingDecisionTests.cs(147,6): error CS0246: The type or namespace name 'Test' could not be found (are you missing a using directive or an assembly reference?) [C:\Work\LankaConnect\tests\LankaConnect.Domain.Tests\LankaConnect.Domain.Tests.csproj]
C:\Work\LankaConnect\tests\LankaConnect.Domain.Tests\Communications\Entities\EmailMessageStateMachineTests.cs(23,27): error CS0246: The type or namespace name 'ICulturalCalendarService' could not be found (are you missing a using directive or an assembly reference?) [C:\Work\LankaConnect\tests\LankaConnect.Domain.Tests\LankaConnect.Domain.Tests.csproj]
C:\Work\LankaConnect\tests\LankaConnect.Domain.Tests\Communications\Entities\EmailMessageStateMachineTests.cs(24,27): error CS0246: The type or namespace name 'IEmailTemplateCulturalSelector' could not be found (are you missing a using directive or an assembly reference?) [C:\Work\LankaConnect\tests\LankaConnect.Domain.Tests\LankaConnect.Domain.Tests.csproj]
C:\Work\LankaConnect\tests\LankaConnect.Domain.Tests\Communications\Entities\EmailMessageStateMachineTests.cs(25,27): error CS0246: The type or namespace name 'IMultiRecipientTracker' could not be found (are you missing a using directive or an assembly reference?) [C:\Work\LankaConnect\tests\LankaConnect.Domain.Tests\LankaConnect.Domain.Tests.csproj]
C:\Work\LankaConnect\tests\LankaConnect.Domain.Tests\Communications\EventsAggregateIntegrationTests.cs(28,27): error CS0246: The type or namespace name 'IEmailTemplateService' could not be found (are you missing a using directive or an assembly reference?) [C:\Work\LankaConnect\tests\LankaConnect.Domain.Tests\LankaConnect.Domain.Tests.csproj]
C:\Work\LankaConnect\tests\LankaConnect.Domain.Tests\Communications\EventsAggregateIntegrationTests.cs(29,27): error CS0246: The type or namespace name 'IEventNotificationService' could not be found (are you missing a using directive or an assembly reference?) [C:\Work\LankaConnect\tests\LankaConnect.Domain.Tests\LankaConnect.Domain.Tests.csproj]
C:\Work\LankaConnect\tests\LankaConnect.Domain.Tests\Events\TestHelpers\RecommendationTestHelpers.cs(84,21): error CS0101: The namespace 'LankaConnect.Domain.Tests.Events.TestHelpers' already contains a definition for 'EventTestHelpers' [C:\Work\LankaConnect\tests\LankaConnect.Domain.Tests\LankaConnect.Domain.Tests.csproj]
C:\Work\LankaConnect\tests\LankaConnect.Domain.Tests\Events\EventTests.cs(3555,13): error CS0246: The type or namespace name 'TestUser' could not be found (are you missing a using directive or an assembly reference?) [C:\Work\LankaConnect\tests\LankaConnect.Domain.Tests\LankaConnect.Domain.Tests.csproj]
C:\Work\LankaConnect\tests\LankaConnect.Domain.Tests\Events\EventTests.cs(3565,52): error CS0246: The type or namespace name 'Coordinates' could not be found (are you missing a using directive or an assembly reference?) [C:\Work\LankaConnect\tests\LankaConnect.Domain.Tests\LankaConnect.Domain.Tests.csproj]
C:\Work\LankaConnect\tests\LankaConnect.Domain.Tests\Events\EventTests.cs(3565,13): error CS0246: The type or namespace name 'TestUser' could not be found (are you missing a using directive or an assembly reference?) [C:\Work\LankaConnect\tests\LankaConnect.Domain.Tests\LankaConnect.Domain.Tests.csproj]
C:\Work\LankaConnect\tests\LankaConnect.Domain.Tests\Events\TestHelpers\RecommendationTestHelpers.cs(300,26): error CS0111: Type 'EventTestHelpers' already defines a member called 'CreateTestEvent' with the same parameter types [C:\Work\LankaConnect\tests\LankaConnect.Domain.Tests\LankaConnect.Domain.Tests.csproj]
C:\Work\LankaConnect\tests\LankaConnect.Application.Tests\Auth\LoginUserHandlerTests.cs(47,21): error CS0103: The name 'Email' does not exist in the current context [C:\Work\LankaConnect\tests\LankaConnect.Application.Tests\LankaConnect.Application.Tests.csproj]
C:\Work\LankaConnect\tests\LankaConnect.Application.Tests\Auth\RegisterUserHandlerTests.cs(47,21): error CS0103: The name 'Email' does not exist in the current context [C:\Work\LankaConnect\tests\LankaConnect.Application.Tests\LankaConnect.Application.Tests.csproj]
C:\Work\LankaConnect\tests\LankaConnect.Application.Tests\Auth\RegisterUserHandlerTests.cs(105,21): error CS0103: The name 'Email' does not exist in the current context [C:\Work\LankaConnect\tests\LankaConnect.Application.Tests\LankaConnect.Application.Tests.csproj]
C:\Work\LankaConnect\tests\LankaConnect.Application.Tests\Auth\RegisterUserHandlerTests.cs(131,21): error CS0103: The name 'Email' does not exist in the current context [C:\Work\LankaConnect\tests\LankaConnect.Application.Tests\LankaConnect.Application.Tests.csproj]
C:\Work\LankaConnect\tests\LankaConnect.Application.Tests\Auth\RegisterUserHandlerTests.cs(159,21): error CS0103: The name 'Email' does not exist in the current context [C:\Work\LankaConnect\tests\LankaConnect.Application.Tests\LankaConnect.Application.Tests.csproj]
C:\Work\LankaConnect\tests\LankaConnect.Application.Tests\Auth\LoginUserHandlerTests.cs(58,21): error CS0103: The name 'Email' does not exist in the current context [C:\Work\LankaConnect\tests\LankaConnect.Application.Tests\LankaConnect.Application.Tests.csproj]
C:\Work\LankaConnect\tests\LankaConnect.Application.Tests\Auth\RegisterUserHandlerTests.cs(208,21): error CS0103: The name 'Email' does not exist in the current context [C:\Work\LankaConnect\tests\LankaConnect.Application.Tests\LankaConnect.Application.Tests.csproj]
C:\Work\LankaConnect\tests\LankaConnect.Application.Tests\Auth\LoginUserHandlerTests.cs(111,21): error CS0103: The name 'Email' does not exist in the current context [C:\Work\LankaConnect\tests\LankaConnect.Application.Tests\LankaConnect.Application.Tests.csproj]
C:\Work\LankaConnect\tests\LankaConnect.Application.Tests\Auth\RegisterUserHandlerTests.cs(245,21): error CS0103: The name 'Email' does not exist in the current context [C:\Work\LankaConnect\tests\LankaConnect.Application.Tests\LankaConnect.Application.Tests.csproj]
C:\Work\LankaConnect\tests\LankaConnect.Application.Tests\Users\Commands\CreateUserCommandHandlerTests.cs(61,21): error CS0103: The name 'Email' does not exist in the current context [C:\Work\LankaConnect\tests\LankaConnect.Application.Tests\LankaConnect.Application.Tests.csproj]
C:\Work\LankaConnect\tests\LankaConnect.Application.Tests\Auth\LoginUserHandlerTests.cs(129,21): error CS0103: The name 'Email' does not exist in the current context [C:\Work\LankaConnect\tests\LankaConnect.Application.Tests\LankaConnect.Application.Tests.csproj]
C:\Work\LankaConnect\tests\LankaConnect.Application.Tests\Auth\RegisterUserHandlerTests.cs(282,21): error CS0103: The name 'Email' does not exist in the current context [C:\Work\LankaConnect\tests\LankaConnect.Application.Tests\LankaConnect.Application.Tests.csproj]
C:\Work\LankaConnect\tests\LankaConnect.Application.Tests\Auth\LoginUserHandlerTests.cs(153,21): error CS0103: The name 'Email' does not exist in the current context [C:\Work\LankaConnect\tests\LankaConnect.Application.Tests\LankaConnect.Application.Tests.csproj]
C:\Work\LankaConnect\tests\LankaConnect.Application.Tests\Auth\LoginUserHandlerTests.cs(173,21): error CS0103: The name 'Email' does not exist in the current context [C:\Work\LankaConnect\tests\LankaConnect.Application.Tests\LankaConnect.Application.Tests.csproj]
C:\Work\LankaConnect\tests\LankaConnect.Application.Tests\Users\Commands\CreateUserCommandHandlerTests.cs(176,68): error CS0246: The type or namespace name 'Email' could not be found (are you missing a using directive or an assembly reference?) [C:\Work\LankaConnect\tests\LankaConnect.Application.Tests\LankaConnect.Application.Tests.csproj]
C:\Work\LankaConnect\tests\LankaConnect.Application.Tests\Users\Commands\CreateUserCommandHandlerTests.cs(177,23): error CS0246: The type or namespace name 'Email' could not be found (are you missing a using directive or an assembly reference?) [C:\Work\LankaConnect\tests\LankaConnect.Application.Tests\LankaConnect.Application.Tests.csproj]
C:\Work\LankaConnect\tests\LankaConnect.Application.Tests\Auth\LoginUserHandlerTests.cs(201,21): error CS0103: The name 'Email' does not exist in the current context [C:\Work\LankaConnect\tests\LankaConnect.Application.Tests\LankaConnect.Application.Tests.csproj]
C:\Work\LankaConnect\tests\LankaConnect.Application.Tests\Auth\LoginUserHandlerTests.cs(206,67): error CS0246: The type or namespace name 'Email' could not be found (are you missing a using directive or an assembly reference?) [C:\Work\LankaConnect\tests\LankaConnect.Application.Tests\LankaConnect.Application.Tests.csproj]
C:\Work\LankaConnect\tests\LankaConnect.Application.Tests\Auth\LoginUserHandlerTests.cs(225,21): error CS0103: The name 'Email' does not exist in the current context [C:\Work\LankaConnect\tests\LankaConnect.Application.Tests\LankaConnect.Application.Tests.csproj]
C:\Work\LankaConnect\tests\LankaConnect.Application.Tests\Auth\LoginUserHandlerTests.cs(246,21): error CS0103: The name 'Email' does not exist in the current context [C:\Work\LankaConnect\tests\LankaConnect.Application.Tests\LankaConnect.Application.Tests.csproj]
C:\Work\LankaConnect\tests\LankaConnect.Application.Tests\Auth\LoginUserHandlerTests.cs(270,21): error CS0103: The name 'Email' does not exist in the current context [C:\Work\LankaConnect\tests\LankaConnect.Application.Tests\LankaConnect.Application.Tests.csproj]
C:\Work\LankaConnect\tests\LankaConnect.Application.Tests\TestHelpers\MockRepository.cs(19,57): error CS0246: The type or namespace name 'Email' could not be found (are you missing a using directive or an assembly reference?) [C:\Work\LankaConnect\tests\LankaConnect.Application.Tests\LankaConnect.Application.Tests.csproj]
C:\Work\LankaConnect\tests\LankaConnect.Application.Tests\Auth\LoginUserHandlerTests.cs(297,21): error CS0103: The name 'Email' does not exist in the current context [C:\Work\LankaConnect\tests\LankaConnect.Application.Tests\LankaConnect.Application.Tests.csproj]
C:\Work\LankaConnect\tests\LankaConnect.Application.Tests\Auth\LoginUserHandlerTests.cs(330,21): error CS0103: The name 'Email' does not exist in the current context [C:\Work\LankaConnect\tests\LankaConnect.Application.Tests\LankaConnect.Application.Tests.csproj]
C:\Work\LankaConnect\tests\LankaConnect.Application.Tests\Auth\LoginUserHandlerTests.cs(348,21): error CS0103: The name 'Email' does not exist in the current context [C:\Work\LankaConnect\tests\LankaConnect.Application.Tests\LankaConnect.Application.Tests.csproj]
C:\Work\LankaConnect\tests\LankaConnect.Application.Tests\ComplianceTypesCompilationVerification.cs(51,27): error CS9035: Required member 'SOC2Gap.GapId' must be set in the object initializer or attribute constructor. [C:\Work\LankaConnect\tests\LankaConnect.Application.Tests\LankaConnect.Application.Tests.csproj]
C:\Work\LankaConnect\tests\LankaConnect.Application.Tests\ComplianceTypesCompilationVerification.cs(51,27): error CS9035: Required member 'SOC2Gap.GapCategory' must be set in the object initializer or attribute constructor. [C:\Work\LankaConnect\tests\LankaConnect.Application.Tests\LankaConnect.Application.Tests.csproj]
C:\Work\LankaConnect\tests\LankaConnect.Application.Tests\ComplianceTypesCompilationVerification.cs(51,27): error CS9035: Required member 'SOC2Gap.Description' must be set in the object initializer or attribute constructor. [C:\Work\LankaConnect\tests\LankaConnect.Application.Tests\LankaConnect.Application.Tests.csproj]
C:\Work\LankaConnect\tests\LankaConnect.Application.Tests\ComplianceTypesCompilationVerification.cs(51,27): error CS9035: Required member 'SOC2Gap.Severity' must be set in the object initializer or attribute constructor. [C:\Work\LankaConnect\tests\LankaConnect.Application.Tests\LankaConnect.Application.Tests.csproj]
C:\Work\LankaConnect\tests\LankaConnect.Application.Tests\ComplianceTypesCompilationVerification.cs(51,27): error CS9035: Required member 'SOC2Gap.IdentifiedDate' must be set in the object initializer or attribute constructor. [C:\Work\LankaConnect\tests\LankaConnect.Application.Tests\LankaConnect.Application.Tests.csproj]
C:\Work\LankaConnect\tests\LankaConnect.Application.Tests\ComplianceTypesCompilationVerification.cs(51,27): error CS9035: Required member 'SOC2Gap.ResponsibleTeam' must be set in the object initializer or attribute constructor. [C:\Work\LankaConnect\tests\LankaConnect.Application.Tests\LankaConnect.Application.Tests.csproj]
C:\Work\LankaConnect\tests\LankaConnect.Application.Tests\Common\Security\SecurityFoundationTypesTests.cs(311,56): error CS0103: The name 'SecurityLevel' does not exist in the current context [C:\Work\LankaConnect\tests\LankaConnect.Application.Tests\LankaConnect.Application.Tests.csproj]
C:\Work\LankaConnect\tests\LankaConnect.Application.Tests\Common\Security\CrossRegionSecurityTypesTests.cs(48,60): error CS0103: The name 'SecurityLevel' does not exist in the current context [C:\Work\LankaConnect\tests\LankaConnect.Application.Tests\LankaConnect.Application.Tests.csproj]
C:\Work\LankaConnect\tests\LankaConnect.Application.Tests\Common\Security\CrossRegionSecurityTypesTests.cs(122,66): error CS0103: The name 'SecurityLevel' does not exist in the current context [C:\Work\LankaConnect\tests\LankaConnect.Application.Tests\LankaConnect.Application.Tests.csproj]
C:\Work\LankaConnect\tests\LankaConnect.Application.Tests\Common\Security\CrossRegionSecurityTypesTests.cs(175,32): error CS0103: The name 'IncidentSeverity' does not exist in the current context [C:\Work\LankaConnect\tests\LankaConnect.Application.Tests\LankaConnect.Application.Tests.csproj]
C:\Work\LankaConnect\tests\LankaConnect.Application.Tests\Common\Security\CrossRegionSecurityTypesTests.cs(214,32): error CS0103: The name 'IncidentSeverity' does not exist in the current context [C:\Work\LankaConnect\tests\LankaConnect.Application.Tests\LankaConnect.Application.Tests.csproj]
C:\Work\LankaConnect\tests\LankaConnect.Application.Tests\Common\DisasterRecovery\RevenueProtectionTypesTests.cs(20,28): error CS0246: The type or namespace name 'DynamicAdjustmentTriggers' could not be found (are you missing a using directive or an assembly reference?) [C:\Work\LankaConnect\tests\LankaConnect.Application.Tests\LankaConnect.Application.Tests.csproj]
C:\Work\LankaConnect\tests\LankaConnect.Application.Tests\Common\DisasterRecovery\RevenueProtectionTypesTests.cs(28,30): error CS0246: The type or namespace name 'AdjustmentParameters' could not be found (are you missing a using directive or an assembly reference?) [C:\Work\LankaConnect\tests\LankaConnect.Application.Tests\LankaConnect.Application.Tests.csproj]
C:\Work\LankaConnect\tests\LankaConnect.Application.Tests\Common\DisasterRecovery\RevenueProtectionTypesTests.cs(37,54): error CS0117: 'DynamicRecoveryAdjustmentResult' does not contain a definition for 'Success' [C:\Work\LankaConnect\tests\LankaConnect.Application.Tests\LankaConnect.Application.Tests.csproj]
C:\Work\LankaConnect\tests\LankaConnect.Application.Tests\Common\DisasterRecovery\RevenueProtectionTypesTests.cs(51,28): error CS0246: The type or namespace name 'DynamicAdjustmentTriggers' could not be found (are you missing a using directive or an assembly reference?) [C:\Work\LankaConnect\tests\LankaConnect.Application.Tests\LankaConnect.Application.Tests.csproj]
C:\Work\LankaConnect\tests\LankaConnect.Application.Tests\Common\DisasterRecovery\RevenueProtectionTypesTests.cs(59,30): error CS0246: The type or namespace name 'AdjustmentParameters' could not be found (are you missing a using directive or an assembly reference?) [C:\Work\LankaConnect\tests\LankaConnect.Application.Tests\LankaConnect.Application.Tests.csproj]
C:\Work\LankaConnect\tests\LankaConnect.Application.Tests\Common\DisasterRecovery\RevenueProtectionTypesTests.cs(68,54): error CS0117: 'DynamicRecoveryAdjustmentResult' does not contain a definition for 'Success' [C:\Work\LankaConnect\tests\LankaConnect.Application.Tests\LankaConnect.Application.Tests.csproj]
C:\Work\LankaConnect\tests\LankaConnect.Application.Tests\Common\DisasterRecovery\DisasterRecoveryResultTypesTests.cs(73,9): error CS8602: Dereference of a possibly null reference. [C:\Work\LankaConnect\tests\LankaConnect.Application.Tests\LankaConnect.Application.Tests.csproj]
C:\Work\LankaConnect\tests\LankaConnect.Application.Tests\Common\DisasterRecovery\RevenueProtectionTypesTests.cs(83,41): error CS0246: The type or namespace name 'RevenueProtectionSummary' could not be found (are you missing a using directive or an assembly reference?) [C:\Work\LankaConnect\tests\LankaConnect.Application.Tests\LankaConnect.Application.Tests.csproj]
C:\Work\LankaConnect\tests\LankaConnect.Application.Tests\Common\DisasterRecovery\RevenueProtectionTypesTests.cs(89,49): error CS0103: The name 'ProtectionLevel' does not exist in the current context [C:\Work\LankaConnect\tests\LankaConnect.Application.Tests\LankaConnect.Application.Tests.csproj]
C:\Work\LankaConnect\tests\LankaConnect.Application.Tests\Common\DisasterRecovery\RevenueProtectionTypesTests.cs(93,60): error CS0117: 'RevenueProtectionImplementationResult' does not contain a definition for 'Success' [C:\Work\LankaConnect\tests\LankaConnect.Application.Tests\LankaConnect.Application.Tests.csproj]
C:\Work\LankaConnect\tests\LankaConnect.Application.Tests\Common\DisasterRecovery\RevenueProtectionTypesTests.cs(108,39): error CS0246: The type or namespace name 'RevenueProtectionSummary' could not be found (are you missing a using directive or an assembly reference?) [C:\Work\LankaConnect\tests\LankaConnect.Application.Tests\LankaConnect.Application.Tests.csproj]
C:\Work\LankaConnect\tests\LankaConnect.Application.Tests\Common\DisasterRecovery\RevenueProtectionTypesTests.cs(114,49): error CS0103: The name 'ProtectionLevel' does not exist in the current context [C:\Work\LankaConnect\tests\LankaConnect.Application.Tests\LankaConnect.Application.Tests.csproj]
C:\Work\LankaConnect\tests\LankaConnect.Application.Tests\Common\DisasterRecovery\RevenueProtectionTypesTests.cs(118,60): error CS0117: 'RevenueProtectionImplementationResult' does not contain a definition for 'Success' [C:\Work\LankaConnect\tests\LankaConnect.Application.Tests\LankaConnect.Application.Tests.csproj]
C:\Work\LankaConnect\tests\LankaConnect.Application.Tests\Common\DisasterRecovery\RevenueProtectionTypesTests.cs(136,13): error CS0117: 'RevenueImpactMonitoringConfiguration' does not contain a definition for 'MonitoringIntervalSeconds' [C:\Work\LankaConnect\tests\LankaConnect.Application.Tests\LankaConnect.Application.Tests.csproj]
C:\Work\LankaConnect\tests\LankaConnect.Application.Tests\Common\DisasterRecovery\RevenueProtectionTypesTests.cs(137,13): error CS0117: 'RevenueImpactMonitoringConfiguration' does not contain a definition for 'RevenueDeclineAlertThreshold' [C:\Work\LankaConnect\tests\LankaConnect.Application.Tests\LankaConnect.Application.Tests.csproj]
C:\Work\LankaConnect\tests\LankaConnect.Application.Tests\Common\DisasterRecovery\RevenueProtectionTypesTests.cs(138,13): error CS0117: 'RevenueImpactMonitoringConfiguration' does not contain a definition for 'CulturalEngagementMonitoring' [C:\Work\LankaConnect\tests\LankaConnect.Application.Tests\LankaConnect.Application.Tests.csproj]
C:\Work\LankaConnect\tests\LankaConnect.Application.Tests\Common\DisasterRecovery\RevenueProtectionTypesTests.cs(139,13): error CS0117: 'RevenueImpactMonitoringConfiguration' does not contain a definition for 'DiasporaRevenueTracking' [C:\Work\LankaConnect\tests\LankaConnect.Application.Tests\LankaConnect.Application.Tests.csproj]
C:\Work\LankaConnect\tests\LankaConnect.Application.Tests\Common\DisasterRecovery\RevenueProtectionTypesTests.cs(140,13): error CS0117: 'RevenueImpactMonitoringConfiguration' does not contain a definition for 'RealTimeAlertsEnabled' [C:\Work\LankaConnect\tests\LankaConnect.Application.Tests\LankaConnect.Application.Tests.csproj]
C:\Work\LankaConnect\tests\LankaConnect.Application.Tests\Common\DisasterRecovery\RevenueProtectionTypesTests.cs(134,26): error CS9035: Required member 'RevenueImpactMonitoringConfiguration.ConfigurationId' must be set in the object initializer or attribute constructor. [C:\Work\LankaConnect\tests\LankaConnect.Application.Tests\LankaConnect.Application.Tests.csproj]
C:\Work\LankaConnect\tests\LankaConnect.Application.Tests\Common\DisasterRecovery\RevenueProtectionTypesTests.cs(134,26): error CS9035: Required member 'RevenueImpactMonitoringConfiguration.ConfigurationName' must be set in the object initializer or attribute constructor. [C:\Work\LankaConnect\tests\LankaConnect.Application.Tests\LankaConnect.Application.Tests.csproj]
C:\Work\LankaConnect\tests\LankaConnect.Application.Tests\Common\DisasterRecovery\RevenueProtectionTypesTests.cs(134,26): error CS9035: Required member 'RevenueImpactMonitoringConfiguration.MonitoringScope' must be set in the object initializer or attribute constructor. [C:\Work\LankaConnect\tests\LankaConnect.Application.Tests\LankaConnect.Application.Tests.csproj]
C:\Work\LankaConnect\tests\LankaConnect.Application.Tests\Common\DisasterRecovery\RevenueProtectionTypesTests.cs(134,26): error CS9035: Required member 'RevenueImpactMonitoringConfiguration.RevenueStreamConfigs' must be set in the object initializer or attribute constructor. [C:\Work\LankaConnect\tests\LankaConnect.Application.Tests\LankaConnect.Application.Tests.csproj]
C:\Work\LankaConnect\tests\LankaConnect.Application.Tests\Common\DisasterRecovery\RevenueProtectionTypesTests.cs(134,26): error CS9035: Required member 'RevenueImpactMonitoringConfiguration.ImpactThresholds' must be set in the object initializer or attribute constructor. [C:\Work\LankaConnect\tests\LankaConnect.Application.Tests\LankaConnect.Application.Tests.csproj]
C:\Work\LankaConnect\tests\LankaConnect.Application.Tests\Common\DisasterRecovery\RevenueProtectionTypesTests.cs(134,26): error CS9035: Required member 'RevenueImpactMonitoringConfiguration.MonitoringInterval' must be set in the object initializer or attribute constructor. [C:\Work\LankaConnect\tests\LankaConnect.Application.Tests\LankaConnect.Application.Tests.csproj]
C:\Work\LankaConnect\tests\LankaConnect.Application.Tests\Common\DisasterRecovery\RevenueProtectionTypesTests.cs(134,26): error CS9035: Required member 'RevenueImpactMonitoringConfiguration.AlertingConfig' must be set in the object initializer or attribute constructor. [C:\Work\LankaConnect\tests\LankaConnect.Application.Tests\LankaConnect.Application.Tests.csproj]
C:\Work\LankaConnect\tests\LankaConnect.Application.Tests\Common\DisasterRecovery\RevenueProtectionTypesTests.cs(134,26): error CS9035: Required member 'RevenueImpactMonitoringConfiguration.MonitoredComponents' must be set in the object initializer or attribute constructor. [C:\Work\LankaConnect\tests\LankaConnect.Application.Tests\LankaConnect.Application.Tests.csproj]
C:\Work\LankaConnect\tests\LankaConnect.Application.Tests\Common\DisasterRecovery\RevenueProtectionTypesTests.cs(134,26): error CS9035: Required member 'RevenueImpactMonitoringConfiguration.MonitoringParameters' must be set in the object initializer or attribute constructor. [C:\Work\LankaConnect\tests\LankaConnect.Application.Tests\LankaConnect.Application.Tests.csproj]
C:\Work\LankaConnect\tests\LankaConnect.Application.Tests\Common\DisasterRecovery\RevenueProtectionTypesTests.cs(143,37): error CS0246: The type or namespace name 'RevenueMonitoringSummary' could not be found (are you missing a using directive or an assembly reference?) [C:\Work\LankaConnect\tests\LankaConnect.Application.Tests\LankaConnect.Application.Tests.csproj]
C:\Work\LankaConnect\tests\LankaConnect.Application.Tests\Common\DisasterRecovery\RevenueProtectionTypesTests.cs(153,52): error CS0117: 'RevenueImpactMonitoringResult' does not contain a definition for 'Success' [C:\Work\LankaConnect\tests\LankaConnect.Application.Tests\LankaConnect.Application.Tests.csproj]
C:\Work\LankaConnect\tests\LankaConnect.Application.Tests\Common\DisasterRecovery\RevenueProtectionTypesTests.cs(170,13): error CS0117: 'RevenueImpactMonitoringConfiguration' does not contain a definition for 'MonitoringIntervalSeconds' [C:\Work\LankaConnect\tests\LankaConnect.Application.Tests\LankaConnect.Application.Tests.csproj]
C:\Work\LankaConnect\tests\LankaConnect.Application.Tests\Common\DisasterRecovery\RevenueProtectionTypesTests.cs(171,13): error CS0117: 'RevenueImpactMonitoringConfiguration' does not contain a definition for 'RevenueDeclineAlertThreshold' [C:\Work\LankaConnect\tests\LankaConnect.Application.Tests\LankaConnect.Application.Tests.csproj]
C:\Work\LankaConnect\tests\LankaConnect.Application.Tests\Common\DisasterRecovery\RevenueProtectionTypesTests.cs(172,13): error CS0117: 'RevenueImpactMonitoringConfiguration' does not contain a definition for 'CulturalEngagementMonitoring' [C:\Work\LankaConnect\tests\LankaConnect.Application.Tests\LankaConnect.Application.Tests.csproj]
C:\Work\LankaConnect\tests\LankaConnect.Application.Tests\Common\DisasterRecovery\RevenueProtectionTypesTests.cs(173,13): error CS0117: 'RevenueImpactMonitoringConfiguration' does not contain a definition for 'DiasporaRevenueTracking' [C:\Work\LankaConnect\tests\LankaConnect.Application.Tests\LankaConnect.Application.Tests.csproj]
C:\Work\LankaConnect\tests\LankaConnect.Application.Tests\Common\DisasterRecovery\RevenueProtectionTypesTests.cs(174,13): error CS0117: 'RevenueImpactMonitoringConfiguration' does not contain a definition for 'RealTimeAlertsEnabled' [C:\Work\LankaConnect\tests\LankaConnect.Application.Tests\LankaConnect.Application.Tests.csproj]
C:\Work\LankaConnect\tests\LankaConnect.Application.Tests\Common\DisasterRecovery\RevenueProtectionTypesTests.cs(168,26): error CS9035: Required member 'RevenueImpactMonitoringConfiguration.ConfigurationId' must be set in the object initializer or attribute constructor. [C:\Work\LankaConnect\tests\LankaConnect.Application.Tests\LankaConnect.Application.Tests.csproj]
C:\Work\LankaConnect\tests\LankaConnect.Application.Tests\Common\DisasterRecovery\RevenueProtectionTypesTests.cs(168,26): error CS9035: Required member 'RevenueImpactMonitoringConfiguration.ConfigurationName' must be set in the object initializer or attribute constructor. [C:\Work\LankaConnect\tests\LankaConnect.Application.Tests\LankaConnect.Application.Tests.csproj]
C:\Work\LankaConnect\tests\LankaConnect.Application.Tests\Common\DisasterRecovery\RevenueProtectionTypesTests.cs(168,26): error CS9035: Required member 'RevenueImpactMonitoringConfiguration.MonitoringScope' must be set in the object initializer or attribute constructor. [C:\Work\LankaConnect\tests\LankaConnect.Application.Tests\LankaConnect.Application.Tests.csproj]
C:\Work\LankaConnect\tests\LankaConnect.Application.Tests\Common\DisasterRecovery\RevenueProtectionTypesTests.cs(168,26): error CS9035: Required member 'RevenueImpactMonitoringConfiguration.RevenueStreamConfigs' must be set in the object initializer or attribute constructor. [C:\Work\LankaConnect\tests\LankaConnect.Application.Tests\LankaConnect.Application.Tests.csproj]
C:\Work\LankaConnect\tests\LankaConnect.Application.Tests\Common\DisasterRecovery\RevenueProtectionTypesTests.cs(168,26): error CS9035: Required member 'RevenueImpactMonitoringConfiguration.ImpactThresholds' must be set in the object initializer or attribute constructor. [C:\Work\LankaConnect\tests\LankaConnect.Application.Tests\LankaConnect.Application.Tests.csproj]
C:\Work\LankaConnect\tests\LankaConnect.Application.Tests\Common\DisasterRecovery\RevenueProtectionTypesTests.cs(168,26): error CS9035: Required member 'RevenueImpactMonitoringConfiguration.MonitoringInterval' must be set in the object initializer or attribute constructor. [C:\Work\LankaConnect\tests\LankaConnect.Application.Tests\LankaConnect.Application.Tests.csproj]
C:\Work\LankaConnect\tests\LankaConnect.Application.Tests\Common\DisasterRecovery\RevenueProtectionTypesTests.cs(168,26): error CS9035: Required member 'RevenueImpactMonitoringConfiguration.AlertingConfig' must be set in the object initializer or attribute constructor. [C:\Work\LankaConnect\tests\LankaConnect.Application.Tests\LankaConnect.Application.Tests.csproj]
C:\Work\LankaConnect\tests\LankaConnect.Application.Tests\Common\DisasterRecovery\RevenueProtectionTypesTests.cs(168,26): error CS9035: Required member 'RevenueImpactMonitoringConfiguration.MonitoredComponents' must be set in the object initializer or attribute constructor. [C:\Work\LankaConnect\tests\LankaConnect.Application.Tests\LankaConnect.Application.Tests.csproj]
C:\Work\LankaConnect\tests\LankaConnect.Application.Tests\Common\DisasterRecovery\RevenueProtectionTypesTests.cs(168,26): error CS9035: Required member 'RevenueImpactMonitoringConfiguration.MonitoringParameters' must be set in the object initializer or attribute constructor. [C:\Work\LankaConnect\tests\LankaConnect.Application.Tests\LankaConnect.Application.Tests.csproj]
C:\Work\LankaConnect\tests\LankaConnect.Application.Tests\Common\DisasterRecovery\RevenueProtectionTypesTests.cs(177,35): error CS0246: The type or namespace name 'RevenueMonitoringSummary' could not be found (are you missing a using directive or an assembly reference?) [C:\Work\LankaConnect\tests\LankaConnect.Application.Tests\LankaConnect.Application.Tests.csproj]
C:\Work\LankaConnect\tests\LankaConnect.Application.Tests\Common\DisasterRecovery\RevenueProtectionTypesTests.cs(187,52): error CS0117: 'RevenueImpactMonitoringResult' does not contain a definition for 'Success' [C:\Work\LankaConnect\tests\LankaConnect.Application.Tests\LankaConnect.Application.Tests.csproj]
C:\Work\LankaConnect\tests\LankaConnect.Application.Tests\Common\DisasterRecovery\RevenueProtectionTypesTests.cs(205,13): error CS0117: 'RevenueContinuityStrategy' does not contain a definition for 'PrimaryRevenueChannel' [C:\Work\LankaConnect\tests\LankaConnect.Application.Tests\LankaConnect.Application.Tests.csproj]
C:\Work\LankaConnect\tests\LankaConnect.Application.Tests\Common\DisasterRecovery\RevenueProtectionTypesTests.cs(206,13): error CS0117: 'RevenueContinuityStrategy' does not contain a definition for 'BackupRevenueChannels' [C:\Work\LankaConnect\tests\LankaConnect.Application.Tests\LankaConnect.Application.Tests.csproj]
C:\Work\LankaConnect\tests\LankaConnect.Application.Tests\Common\DisasterRecovery\RevenueProtectionTypesTests.cs(207,13): error CS0117: 'RevenueContinuityStrategy' does not contain a definition for 'FailoverTriggerThreshold' [C:\Work\LankaConnect\tests\LankaConnect.Application.Tests\LankaConnect.Application.Tests.csproj]
C:\Work\LankaConnect\tests\LankaConnect.Application.Tests\Common\DisasterRecovery\RevenueProtectionTypesTests.cs(208,13): error CS0117: 'RevenueContinuityStrategy' does not contain a definition for 'ExpectedContinuityLevel' [C:\Work\LankaConnect\tests\LankaConnect.Application.Tests\LankaConnect.Application.Tests.csproj]
C:\Work\LankaConnect\tests\LankaConnect.Application.Tests\Common\DisasterRecovery\RevenueProtectionTypesTests.cs(203,38): error CS9035: Required member 'RevenueContinuityStrategy.StrategyId' must be set in the object initializer or attribute constructor. [C:\Work\LankaConnect\tests\LankaConnect.Application.Tests\LankaConnect.Application.Tests.csproj]
C:\Work\LankaConnect\tests\LankaConnect.Application.Tests\Common\DisasterRecovery\RevenueProtectionTypesTests.cs(203,38): error CS9035: Required member 'RevenueContinuityStrategy.StrategyName' must be set in the object initializer or attribute constructor. [C:\Work\LankaConnect\tests\LankaConnect.Application.Tests\LankaConnect.Application.Tests.csproj]
C:\Work\LankaConnect\tests\LankaConnect.Application.Tests\Common\DisasterRecovery\RevenueProtectionTypesTests.cs(203,38): error CS9035: Required member 'RevenueContinuityStrategy.StrategyType' must be set in the object initializer or attribute constructor. [C:\Work\LankaConnect\tests\LankaConnect.Application.Tests\LankaConnect.Application.Tests.csproj]
C:\Work\LankaConnect\tests\LankaConnect.Application.Tests\Common\DisasterRecovery\RevenueProtectionTypesTests.cs(203,38): error CS9035: Required member 'RevenueContinuityStrategy.Scope' must be set in the object initializer or attribute constructor. [C:\Work\LankaConnect\tests\LankaConnect.Application.Tests\LankaConnect.Application.Tests.csproj]
C:\Work\LankaConnect\tests\LankaConnect.Application.Tests\Common\DisasterRecovery\RevenueProtectionTypesTests.cs(203,38): error CS9035: Required member 'RevenueContinuityStrategy.Objectives' must be set in the object initializer or attribute constructor. [C:\Work\LankaConnect\tests\LankaConnect.Application.Tests\LankaConnect.Application.Tests.csproj]
C:\Work\LankaConnect\tests\LankaConnect.Application.Tests\Common\DisasterRecovery\RevenueProtectionTypesTests.cs(203,38): error CS9035: Required member 'RevenueContinuityStrategy.ContinuityPlans' must be set in the object initializer or attribute constructor. [C:\Work\LankaConnect\tests\LankaConnect.Application.Tests\LankaConnect.Application.Tests.csproj]
C:\Work\LankaConnect\tests\LankaConnect.Application.Tests\Common\DisasterRecovery\RevenueProtectionTypesTests.cs(203,38): error CS9035: Required member 'RevenueContinuityStrategy.RecoveryTimeObjective' must be set in the object initializer or attribute constructor. [C:\Work\LankaConnect\tests\LankaConnect.Application.Tests\LankaConnect.Application.Tests.csproj]
C:\Work\LankaConnect\tests\LankaConnect.Application.Tests\Common\DisasterRecovery\RevenueProtectionTypesTests.cs(203,38): error CS9035: Required member 'RevenueContinuityStrategy.RecoveryPointObjective' must be set in the object initializer or attribute constructor. [C:\Work\LankaConnect\tests\LankaConnect.Application.Tests\LankaConnect.Application.Tests.csproj]
C:\Work\LankaConnect\tests\LankaConnect.Application.Tests\Common\DisasterRecovery\RevenueProtectionTypesTests.cs(203,38): error CS9035: Required member 'RevenueContinuityStrategy.CriticalRevenueStreams' must be set in the object initializer or attribute constructor. [C:\Work\LankaConnect\tests\LankaConnect.Application.Tests\LankaConnect.Application.Tests.csproj]
C:\Work\LankaConnect\tests\LankaConnect.Application.Tests\Common\DisasterRecovery\RevenueProtectionTypesTests.cs(203,38): error CS9035: Required member 'RevenueContinuityStrategy.Actions' must be set in the object initializer or attribute constructor. [C:\Work\LankaConnect\tests\LankaConnect.Application.Tests\LankaConnect.Application.Tests.csproj]
C:\Work\LankaConnect\tests\LankaConnect.Application.Tests\Common\DisasterRecovery\RevenueProtectionTypesTests.cs(211,37): error CS0246: The type or namespace name 'RevenueContinuityMetrics' could not be found (are you missing a using directive or an assembly reference?) [C:\Work\LankaConnect\tests\LankaConnect.Application.Tests\LankaConnect.Application.Tests.csproj]
C:\Work\LankaConnect\tests\LankaConnect.Application.Tests\Common\DisasterRecovery\RevenueProtectionTypesTests.cs(220,51): error CS0117: 'EventRevenueContinuityResult' does not contain a definition for 'Success' [C:\Work\LankaConnect\tests\LankaConnect.Application.Tests\LankaConnect.Application.Tests.csproj]
C:\Work\LankaConnect\tests\LankaConnect.Application.Tests\Common\DisasterRecovery\RevenueProtectionTypesTests.cs(241,13): error CS0117: 'BillingContinuityConfiguration' does not contain a definition for 'BackupBillingProvidersCount' [C:\Work\LankaConnect\tests\LankaConnect.Application.Tests\LankaConnect.Application.Tests.csproj]
C:\Work\LankaConnect\tests\LankaConnect.Application.Tests\Common\DisasterRecovery\RevenueProtectionTypesTests.cs(242,13): error CS0117: 'BillingContinuityConfiguration' does not contain a definition for 'BillingFailoverThresholdSeconds' [C:\Work\LankaConnect\tests\LankaConnect.Application.Tests\LankaConnect.Application.Tests.csproj]
C:\Work\LankaConnect\tests\LankaConnect.Application.Tests\Common\DisasterRecovery\RevenueProtectionTypesTests.cs(243,13): error CS0117: 'BillingContinuityConfiguration' does not contain a definition for 'RevenueRecoveryTargetMinutes' [C:\Work\LankaConnect\tests\LankaConnect.Application.Tests\LankaConnect.Application.Tests.csproj]
C:\Work\LankaConnect\tests\LankaConnect.Application.Tests\Common\DisasterRecovery\RevenueProtectionTypesTests.cs(244,13): error CS0117: 'BillingContinuityConfiguration' does not contain a definition for 'CulturalSubscriptionPriority' [C:\Work\LankaConnect\tests\LankaConnect.Application.Tests\LankaConnect.Application.Tests.csproj]
C:\Work\LankaConnect\tests\LankaConnect.Application.Tests\Common\DisasterRecovery\RevenueProtectionTypesTests.cs(244,44): error CS0103: The name 'BillingPriority' does not exist in the current context [C:\Work\LankaConnect\tests\LankaConnect.Application.Tests\LankaConnect.Application.Tests.csproj]
C:\Work\LankaConnect\tests\LankaConnect.Application.Tests\Common\DisasterRecovery\RevenueProtectionTypesTests.cs(239,26): error CS9035: Required member 'BillingContinuityConfiguration.ConfigurationId' must be set in the object initializer or attribute constructor. [C:\Work\LankaConnect\tests\LankaConnect.Application.Tests\LankaConnect.Application.Tests.csproj]
C:\Work\LankaConnect\tests\LankaConnect.Application.Tests\Common\DisasterRecovery\RevenueProtectionTypesTests.cs(239,26): error CS9035: Required member 'BillingContinuityConfiguration.ConfigurationName' must be set in the object initializer or attribute constructor. [C:\Work\LankaConnect\tests\LankaConnect.Application.Tests\LankaConnect.Application.Tests.csproj]
C:\Work\LankaConnect\tests\LankaConnect.Application.Tests\Common\DisasterRecovery\RevenueProtectionTypesTests.cs(239,26): error CS9035: Required member 'BillingContinuityConfiguration.Scope' must be set in the object initializer or attribute constructor. [C:\Work\LankaConnect\tests\LankaConnect.Application.Tests\LankaConnect.Application.Tests.csproj]
C:\Work\LankaConnect\tests\LankaConnect.Application.Tests\Common\DisasterRecovery\RevenueProtectionTypesTests.cs(239,26): error CS9035: Required member 'BillingContinuityConfiguration.BillingSystems' must be set in the object initializer or attribute constructor. [C:\Work\LankaConnect\tests\LankaConnect.Application.Tests\LankaConnect.Application.Tests.csproj]
C:\Work\LankaConnect\tests\LankaConnect.Application.Tests\Common\DisasterRecovery\RevenueProtectionTypesTests.cs(239,26): error CS9035: Required member 'BillingContinuityConfiguration.FailoverRules' must be set in the object initializer or attribute constructor. [C:\Work\LankaConnect\tests\LankaConnect.Application.Tests\LankaConnect.Application.Tests.csproj]
C:\Work\LankaConnect\tests\LankaConnect.Application.Tests\Common\DisasterRecovery\RevenueProtectionTypesTests.cs(239,26): error CS9035: Required member 'BillingContinuityConfiguration.BillingContinuityThreshold' must be set in the object initializer or attribute constructor. [C:\Work\LankaConnect\tests\LankaConnect.Application.Tests\LankaConnect.Application.Tests.csproj]
C:\Work\LankaConnect\tests\LankaConnect.Application.Tests\Common\DisasterRecovery\RevenueProtectionTypesTests.cs(239,26): error CS9035: Required member 'BillingContinuityConfiguration.Strategy' must be set in the object initializer or attribute constructor. [C:\Work\LankaConnect\tests\LankaConnect.Application.Tests\LankaConnect.Application.Tests.csproj]
C:\Work\LankaConnect\tests\LankaConnect.Application.Tests\Common\DisasterRecovery\RevenueProtectionTypesTests.cs(239,26): error CS9035: Required member 'BillingContinuityConfiguration.CriticalBillingStreams' must be set in the object initializer or attribute constructor. [C:\Work\LankaConnect\tests\LankaConnect.Application.Tests\LankaConnect.Application.Tests.csproj]
C:\Work\LankaConnect\tests\LankaConnect.Application.Tests\Common\DisasterRecovery\RevenueProtectionTypesTests.cs(247,37): error CS0246: The type or namespace name 'BillingContinuityMetrics' could not be found (are you missing a using directive or an assembly reference?) [C:\Work\LankaConnect\tests\LankaConnect.Application.Tests\LankaConnect.Application.Tests.csproj]
C:\Work\LankaConnect\tests\LankaConnect.Application.Tests\Common\DisasterRecovery\RevenueProtectionTypesTests.cs(257,46): error CS0117: 'BillingContinuityResult' does not contain a definition for 'Success' [C:\Work\LankaConnect\tests\LankaConnect.Application.Tests\LankaConnect.Application.Tests.csproj]
C:\Work\LankaConnect\tests\LankaConnect.Application.Tests\Common\DisasterRecovery\RevenueProtectionTypesTests.cs(276,62): error CS0117: 'DynamicRecoveryAdjustmentResult' does not contain a definition for 'Success' [C:\Work\LankaConnect\tests\LankaConnect.Application.Tests\LankaConnect.Application.Tests.csproj]
C:\Work\LankaConnect\tests\LankaConnect.Application.Tests\Common\DisasterRecovery\RevenueProtectionTypesTests.cs(277,17): error CS0246: The type or namespace name 'DynamicAdjustmentTriggers' could not be found (are you missing a using directive or an assembly reference?) [C:\Work\LankaConnect\tests\LankaConnect.Application.Tests\LankaConnect.Application.Tests.csproj]
C:\Work\LankaConnect\tests\LankaConnect.Application.Tests\Common\DisasterRecovery\RevenueProtectionTypesTests.cs(278,17): error CS0246: The type or namespace name 'AdjustmentParameters' could not be found (are you missing a using directive or an assembly reference?) [C:\Work\LankaConnect\tests\LankaConnect.Application.Tests\LankaConnect.Application.Tests.csproj]
C:\Work\LankaConnect\tests\LankaConnect.Application.Tests\Common\DisasterRecovery\RevenueProtectionTypesTests.cs(280,70): error CS0117: 'RevenueProtectionImplementationResult' does not contain a definition for 'Success' [C:\Work\LankaConnect\tests\LankaConnect.Application.Tests\LankaConnect.Application.Tests.csproj]
C:\Work\LankaConnect\tests\LankaConnect.Application.Tests\Common\DisasterRecovery\RevenueProtectionTypesTests.cs(281,17): error CS0246: The type or namespace name 'RevenueProtectionSummary' could not be found (are you missing a using directive or an assembly reference?) [C:\Work\LankaConnect\tests\LankaConnect.Application.Tests\LankaConnect.Application.Tests.csproj]
C:\Work\LankaConnect\tests\LankaConnect.Application.Tests\Common\DisasterRecovery\RevenueProtectionTypesTests.cs(283,62): error CS0117: 'RevenueImpactMonitoringResult' does not contain a definition for 'Success' [C:\Work\LankaConnect\tests\LankaConnect.Application.Tests\LankaConnect.Application.Tests.csproj]
C:\Work\LankaConnect\tests\LankaConnect.Application.Tests\Common\DisasterRecovery\RevenueProtectionTypesTests.cs(284,56): error CS0117: 'RevenueImpactMonitoringConfiguration' does not contain a definition for 'RealTimeAlertsEnabled' [C:\Work\LankaConnect\tests\LankaConnect.Application.Tests\LankaConnect.Application.Tests.csproj]
C:\Work\LankaConnect\tests\LankaConnect.Application.Tests\Common\DisasterRecovery\RevenueProtectionTypesTests.cs(284,17): error CS9035: Required member 'RevenueImpactMonitoringConfiguration.ConfigurationId' must be set in the object initializer or attribute constructor. [C:\Work\LankaConnect\tests\LankaConnect.Application.Tests\LankaConnect.Application.Tests.csproj]
C:\Work\LankaConnect\tests\LankaConnect.Application.Tests\Common\DisasterRecovery\RevenueProtectionTypesTests.cs(284,17): error CS9035: Required member 'RevenueImpactMonitoringConfiguration.ConfigurationName' must be set in the object initializer or attribute constructor. [C:\Work\LankaConnect\tests\LankaConnect.Application.Tests\LankaConnect.Application.Tests.csproj]
C:\Work\LankaConnect\tests\LankaConnect.Application.Tests\Common\DisasterRecovery\RevenueProtectionTypesTests.cs(284,17): error CS9035: Required member 'RevenueImpactMonitoringConfiguration.MonitoringScope' must be set in the object initializer or attribute constructor. [C:\Work\LankaConnect\tests\LankaConnect.Application.Tests\LankaConnect.Application.Tests.csproj]
C:\Work\LankaConnect\tests\LankaConnect.Application.Tests\Common\DisasterRecovery\RevenueProtectionTypesTests.cs(284,17): error CS9035: Required member 'RevenueImpactMonitoringConfiguration.RevenueStreamConfigs' must be set in the object initializer or attribute constructor. [C:\Work\LankaConnect\tests\LankaConnect.Application.Tests\LankaConnect.Application.Tests.csproj]
C:\Work\LankaConnect\tests\LankaConnect.Application.Tests\Common\DisasterRecovery\RevenueProtectionTypesTests.cs(284,17): error CS9035: Required member 'RevenueImpactMonitoringConfiguration.ImpactThresholds' must be set in the object initializer or attribute constructor. [C:\Work\LankaConnect\tests\LankaConnect.Application.Tests\LankaConnect.Application.Tests.csproj]
C:\Work\LankaConnect\tests\LankaConnect.Application.Tests\Common\DisasterRecovery\RevenueProtectionTypesTests.cs(284,17): error CS9035: Required member 'RevenueImpactMonitoringConfiguration.MonitoringInterval' must be set in the object initializer or attribute constructor. [C:\Work\LankaConnect\tests\LankaConnect.Application.Tests\LankaConnect.Application.Tests.csproj]
C:\Work\LankaConnect\tests\LankaConnect.Application.Tests\Common\DisasterRecovery\RevenueProtectionTypesTests.cs(284,17): error CS9035: Required member 'RevenueImpactMonitoringConfiguration.AlertingConfig' must be set in the object initializer or attribute constructor. [C:\Work\LankaConnect\tests\LankaConnect.Application.Tests\LankaConnect.Application.Tests.csproj]
C:\Work\LankaConnect\tests\LankaConnect.Application.Tests\Common\DisasterRecovery\RevenueProtectionTypesTests.cs(284,17): error CS9035: Required member 'RevenueImpactMonitoringConfiguration.MonitoredComponents' must be set in the object initializer or attribute constructor. [C:\Work\LankaConnect\tests\LankaConnect.Application.Tests\LankaConnect.Application.Tests.csproj]
C:\Work\LankaConnect\tests\LankaConnect.Application.Tests\Common\DisasterRecovery\RevenueProtectionTypesTests.cs(284,17): error CS9035: Required member 'RevenueImpactMonitoringConfiguration.MonitoringParameters' must be set in the object initializer or attribute constructor. [C:\Work\LankaConnect\tests\LankaConnect.Application.Tests\LankaConnect.Application.Tests.csproj]
C:\Work\LankaConnect\tests\LankaConnect.Application.Tests\Common\DisasterRecovery\RevenueProtectionTypesTests.cs(285,17): error CS0246: The type or namespace name 'RevenueMonitoringSummary' could not be found (are you missing a using directive or an assembly reference?) [C:\Work\LankaConnect\tests\LankaConnect.Application.Tests\LankaConnect.Application.Tests.csproj]
C:\Work\LankaConnect\tests\LankaConnect.Application.Tests\Common\DisasterRecovery\RevenueProtectionTypesTests.cs(304,38): error CS1061: 'DynamicRecoveryAdjustmentResult' does not contain a definition for 'IsOptimalConfiguration' and no accessible extension method 'IsOptimalConfiguration' accepting a first argument of type 'DynamicRecoveryAdjustmentResult' could be found (are you missing a using directive or an assembly reference?) [C:\Work\LankaConnect\tests\LankaConnect.Application.Tests\LankaConnect.Application.Tests.csproj]
C:\Work\LankaConnect\tests\LankaConnect.Application.Tests\Common\DisasterRecovery\RevenueProtectionTypesTests.cs(305,42): error CS1061: 'RevenueProtectionImplementationResult' does not contain a definition for 'ProtectionSummary' and no accessible extension method 'ProtectionSummary' accepting a first argument of type 'RevenueProtectionImplementationResult' could be found (are you missing a using directive or an assembly reference?) [C:\Work\LankaConnect\tests\LankaConnect.Application.Tests\LankaConnect.Application.Tests.csproj]
C:\Work\LankaConnect\tests\LankaConnect.Application.Tests\Common\DisasterRecovery\RevenueProtectionTypesTests.cs(306,42): error CS1061: 'RevenueImpactMonitoringResult' does not contain a definition for 'IsRevenueStable' and no accessible extension method 'IsRevenueStable' accepting a first argument of type 'RevenueImpactMonitoringResult' could be found (are you missing a using directive or an assembly reference?) [C:\Work\LankaConnect\tests\LankaConnect.Application.Tests\LankaConnect.Application.Tests.csproj]
C:\Work\LankaConnect\tests\LankaConnect.Application.Tests\Common\Routing\RoutingTypesTests.cs(263,21): error CS0103: The name 'CulturalEventType' does not exist in the current context [C:\Work\LankaConnect\tests\LankaConnect.Application.Tests\LankaConnect.Application.Tests.csproj]
C:\Work\LankaConnect\tests\LankaConnect.Application.Tests\Common\Routing\RoutingTypesTests.cs(263,58): error CS0103: The name 'CulturalEventType' does not exist in the current context [C:\Work\LankaConnect\tests\LankaConnect.Application.Tests\LankaConnect.Application.Tests.csproj]
C:\Work\LankaConnect\tests\LankaConnect.Application.Tests\Common\DisasterRecovery\DisasterRecoveryResultTypesTests.cs(196,9): error CS8602: Dereference of a possibly null reference. [C:\Work\LankaConnect\tests\LankaConnect.Application.Tests\LankaConnect.Application.Tests.csproj]
C:\Work\LankaConnect\tests\LankaConnect.Application.Tests\Common\Routing\RoutingTypesTests.cs(90,42): error CS0103: The name 'CulturalEventType' does not exist in the current context [C:\Work\LankaConnect\tests\LankaConnect.Application.Tests\LankaConnect.Application.Tests.csproj]
C:\Work\LankaConnect\tests\LankaConnect.Application.Tests\Common\Routing\RoutingTypesTests.cs(90,79): error CS0103: The name 'CulturalEventType' does not exist in the current context [C:\Work\LankaConnect\tests\LankaConnect.Application.Tests\LankaConnect.Application.Tests.csproj]
C:\Work\LankaConnect\tests\LankaConnect.Application.Tests\Common\Routing\RoutingTypesTests.cs(95,13): error CS1503: Argument 4: cannot convert from '?[]' to 'System.Collections.Generic.IEnumerable<LankaConnect.Domain.Common.Enums.CulturalEventType>' [C:\Work\LankaConnect\tests\LankaConnect.Application.Tests\LankaConnect.Application.Tests.csproj]
C:\Work\LankaConnect\tests\LankaConnect.Application.Tests\Common\Monitoring\MonitoringTypesTests.cs(277,13): error CS0103: The name 'CulturalEventType' does not exist in the current context [C:\Work\LankaConnect\tests\LankaConnect.Application.Tests\LankaConnect.Application.Tests.csproj]
C:\Work\LankaConnect\tests\LankaConnect.Application.Tests\Common\Monitoring\MonitoringTypesTests.cs(292,21): error CS0103: The name 'CulturalEventType' does not exist in the current context [C:\Work\LankaConnect\tests\LankaConnect.Application.Tests\LankaConnect.Application.Tests.csproj]
C:\Work\LankaConnect\tests\LankaConnect.Application.Tests\Common\Monitoring\MonitoringTypesTests.cs(292,58): error CS0103: The name 'CulturalEventType' does not exist in the current context [C:\Work\LankaConnect\tests\LankaConnect.Application.Tests\LankaConnect.Application.Tests.csproj]
C:\Work\LankaConnect\tests\LankaConnect.Application.Tests\Common\Models\CulturalIntelligence\SOC2GapIsolatedTests.cs(17,23): error CS9035: Required member 'SOC2Gap.GapId' must be set in the object initializer or attribute constructor. [C:\Work\LankaConnect\tests\LankaConnect.Application.Tests\LankaConnect.Application.Tests.csproj]
C:\Work\LankaConnect\tests\LankaConnect.Application.Tests\Common\Models\CulturalIntelligence\SOC2GapIsolatedTests.cs(17,23): error CS9035: Required member 'SOC2Gap.GapCategory' must be set in the object initializer or attribute constructor. [C:\Work\LankaConnect\tests\LankaConnect.Application.Tests\LankaConnect.Application.Tests.csproj]
C:\Work\LankaConnect\tests\LankaConnect.Application.Tests\Common\Models\CulturalIntelligence\SOC2GapIsolatedTests.cs(17,23): error CS9035: Required member 'SOC2Gap.Description' must be set in the object initializer or attribute constructor. [C:\Work\LankaConnect\tests\LankaConnect.Application.Tests\LankaConnect.Application.Tests.csproj]
C:\Work\LankaConnect\tests\LankaConnect.Application.Tests\Common\Models\CulturalIntelligence\SOC2GapIsolatedTests.cs(17,23): error CS9035: Required member 'SOC2Gap.Severity' must be set in the object initializer or attribute constructor. [C:\Work\LankaConnect\tests\LankaConnect.Application.Tests\LankaConnect.Application.Tests.csproj]
C:\Work\LankaConnect\tests\LankaConnect.Application.Tests\Common\Models\CulturalIntelligence\SOC2GapIsolatedTests.cs(17,23): error CS9035: Required member 'SOC2Gap.IdentifiedDate' must be set in the object initializer or attribute constructor. [C:\Work\LankaConnect\tests\LankaConnect.Application.Tests\LankaConnect.Application.Tests.csproj]
C:\Work\LankaConnect\tests\LankaConnect.Application.Tests\Common\Models\CulturalIntelligence\SOC2GapIsolatedTests.cs(17,23): error CS9035: Required member 'SOC2Gap.ResponsibleTeam' must be set in the object initializer or attribute constructor. [C:\Work\LankaConnect\tests\LankaConnect.Application.Tests\LankaConnect.Application.Tests.csproj]
C:\Work\LankaConnect\tests\LankaConnect.Application.Tests\Common\Models\CulturalIntelligence\SOC2GapIsolatedTests.cs(33,23): error CS9035: Required member 'SOC2Gap.GapId' must be set in the object initializer or attribute constructor. [C:\Work\LankaConnect\tests\LankaConnect.Application.Tests\LankaConnect.Application.Tests.csproj]
C:\Work\LankaConnect\tests\LankaConnect.Application.Tests\Common\Models\CulturalIntelligence\SOC2GapIsolatedTests.cs(33,23): error CS9035: Required member 'SOC2Gap.GapCategory' must be set in the object initializer or attribute constructor. [C:\Work\LankaConnect\tests\LankaConnect.Application.Tests\LankaConnect.Application.Tests.csproj]
C:\Work\LankaConnect\tests\LankaConnect.Application.Tests\Common\Models\CulturalIntelligence\SOC2GapIsolatedTests.cs(33,23): error CS9035: Required member 'SOC2Gap.Description' must be set in the object initializer or attribute constructor. [C:\Work\LankaConnect\tests\LankaConnect.Application.Tests\LankaConnect.Application.Tests.csproj]
C:\Work\LankaConnect\tests\LankaConnect.Application.Tests\Common\Models\CulturalIntelligence\SOC2GapIsolatedTests.cs(33,23): error CS9035: Required member 'SOC2Gap.Severity' must be set in the object initializer or attribute constructor. [C:\Work\LankaConnect\tests\LankaConnect.Application.Tests\LankaConnect.Application.Tests.csproj]
C:\Work\LankaConnect\tests\LankaConnect.Application.Tests\Common\Models\CulturalIntelligence\SOC2GapIsolatedTests.cs(33,23): error CS9035: Required member 'SOC2Gap.IdentifiedDate' must be set in the object initializer or attribute constructor. [C:\Work\LankaConnect\tests\LankaConnect.Application.Tests\LankaConnect.Application.Tests.csproj]
C:\Work\LankaConnect\tests\LankaConnect.Application.Tests\Common\Models\CulturalIntelligence\SOC2GapIsolatedTests.cs(33,23): error CS9035: Required member 'SOC2Gap.ResponsibleTeam' must be set in the object initializer or attribute constructor. [C:\Work\LankaConnect\tests\LankaConnect.Application.Tests\LankaConnect.Application.Tests.csproj]
C:\Work\LankaConnect\tests\LankaConnect.Application.Tests\Common\Models\CulturalIntelligence\SOC2GapIsolatedTests.cs(55,23): error CS9035: Required member 'SOC2Gap.GapId' must be set in the object initializer or attribute constructor. [C:\Work\LankaConnect\tests\LankaConnect.Application.Tests\LankaConnect.Application.Tests.csproj]
C:\Work\LankaConnect\tests\LankaConnect.Application.Tests\Common\Models\CulturalIntelligence\SOC2GapIsolatedTests.cs(55,23): error CS9035: Required member 'SOC2Gap.GapCategory' must be set in the object initializer or attribute constructor. [C:\Work\LankaConnect\tests\LankaConnect.Application.Tests\LankaConnect.Application.Tests.csproj]
C:\Work\LankaConnect\tests\LankaConnect.Application.Tests\Common\Models\CulturalIntelligence\SOC2GapIsolatedTests.cs(55,23): error CS9035: Required member 'SOC2Gap.Description' must be set in the object initializer or attribute constructor. [C:\Work\LankaConnect\tests\LankaConnect.Application.Tests\LankaConnect.Application.Tests.csproj]
C:\Work\LankaConnect\tests\LankaConnect.Application.Tests\Common\Models\CulturalIntelligence\SOC2GapIsolatedTests.cs(55,23): error CS9035: Required member 'SOC2Gap.Severity' must be set in the object initializer or attribute constructor. [C:\Work\LankaConnect\tests\LankaConnect.Application.Tests\LankaConnect.Application.Tests.csproj]
C:\Work\LankaConnect\tests\LankaConnect.Application.Tests\Common\Models\CulturalIntelligence\SOC2GapIsolatedTests.cs(55,23): error CS9035: Required member 'SOC2Gap.IdentifiedDate' must be set in the object initializer or attribute constructor. [C:\Work\LankaConnect\tests\LankaConnect.Application.Tests\LankaConnect.Application.Tests.csproj]
C:\Work\LankaConnect\tests\LankaConnect.Application.Tests\Common\Models\CulturalIntelligence\SOC2GapIsolatedTests.cs(55,23): error CS9035: Required member 'SOC2Gap.ResponsibleTeam' must be set in the object initializer or attribute constructor. [C:\Work\LankaConnect\tests\LankaConnect.Application.Tests\LankaConnect.Application.Tests.csproj]
C:\Work\LankaConnect\tests\LankaConnect.Application.Tests\Common\Revenue\RevenueOptimizationTypesTests.cs(90,42): error CS1061: 'BooleanAssertions' does not contain a definition for 'BeDefined' and no accessible extension method 'BeDefined' accepting a first argument of type 'BooleanAssertions' could be found (are you missing a using directive or an assembly reference?) [C:\Work\LankaConnect\tests\LankaConnect.Application.Tests\LankaConnect.Application.Tests.csproj]
C:\Work\LankaConnect\tests\LankaConnect.Application.Tests\Common\Monitoring\MonitoringTypesTests.cs(26,33): error CS0103: The name 'CulturalEventType' does not exist in the current context [C:\Work\LankaConnect\tests\LankaConnect.Application.Tests\LankaConnect.Application.Tests.csproj]
C:\Work\LankaConnect\tests\LankaConnect.Application.Tests\Common\Models\CulturalIntelligence\SecurityComplianceTypesTests.cs(280,23): error CS9035: Required member 'SOC2Gap.GapId' must be set in the object initializer or attribute constructor. [C:\Work\LankaConnect\tests\LankaConnect.Application.Tests\LankaConnect.Application.Tests.csproj]
C:\Work\LankaConnect\tests\LankaConnect.Application.Tests\Common\Models\CulturalIntelligence\SecurityComplianceTypesTests.cs(280,23): error CS9035: Required member 'SOC2Gap.GapCategory' must be set in the object initializer or attribute constructor. [C:\Work\LankaConnect\tests\LankaConnect.Application.Tests\LankaConnect.Application.Tests.csproj]
C:\Work\LankaConnect\tests\LankaConnect.Application.Tests\Common\Models\CulturalIntelligence\SecurityComplianceTypesTests.cs(280,23): error CS9035: Required member 'SOC2Gap.Description' must be set in the object initializer or attribute constructor. [C:\Work\LankaConnect\tests\LankaConnect.Application.Tests\LankaConnect.Application.Tests.csproj]
C:\Work\LankaConnect\tests\LankaConnect.Application.Tests\Common\Models\CulturalIntelligence\SecurityComplianceTypesTests.cs(280,23): error CS9035: Required member 'SOC2Gap.Severity' must be set in the object initializer or attribute constructor. [C:\Work\LankaConnect\tests\LankaConnect.Application.Tests\LankaConnect.Application.Tests.csproj]
C:\Work\LankaConnect\tests\LankaConnect.Application.Tests\Common\Models\CulturalIntelligence\SecurityComplianceTypesTests.cs(280,23): error CS9035: Required member 'SOC2Gap.IdentifiedDate' must be set in the object initializer or attribute constructor. [C:\Work\LankaConnect\tests\LankaConnect.Application.Tests\LankaConnect.Application.Tests.csproj]
C:\Work\LankaConnect\tests\LankaConnect.Application.Tests\Common\Models\CulturalIntelligence\SecurityComplianceTypesTests.cs(280,23): error CS9035: Required member 'SOC2Gap.ResponsibleTeam' must be set in the object initializer or attribute constructor. [C:\Work\LankaConnect\tests\LankaConnect.Application.Tests\LankaConnect.Application.Tests.csproj]
C:\Work\LankaConnect\tests\LankaConnect.Application.Tests\Common\Revenue\RevenueOptimizationTypesTests.cs(169,31): error CS0103: The name 'ProtectionLevel' does not exist in the current context [C:\Work\LankaConnect\tests\LankaConnect.Application.Tests\LankaConnect.Application.Tests.csproj]
C:\Work\LankaConnect\tests\LankaConnect.Application.Tests\Common\Monitoring\MonitoringTypesTests.cs(92,42): error CS0103: The name 'CulturalEventType' does not exist in the current context [C:\Work\LankaConnect\tests\LankaConnect.Application.Tests\LankaConnect.Application.Tests.csproj]
C:\Work\LankaConnect\tests\LankaConnect.Application.Tests\Common\Monitoring\MonitoringTypesTests.cs(92,79): error CS0103: The name 'CulturalEventType' does not exist in the current context [C:\Work\LankaConnect\tests\LankaConnect.Application.Tests\LankaConnect.Application.Tests.csproj]
C:\Work\LankaConnect\tests\LankaConnect.Application.Tests\Common\Monitoring\MonitoringTypesTests.cs(95,74): error CS1503: Argument 3: cannot convert from '?[]' to 'System.Collections.Generic.IEnumerable<LankaConnect.Domain.Common.Enums.CulturalEventType>' [C:\Work\LankaConnect\tests\LankaConnect.Application.Tests\LankaConnect.Application.Tests.csproj]
C:\Work\LankaConnect\tests\LankaConnect.Application.Tests\Common\Models\CulturalIntelligence\SecurityComplianceTypesTests.cs(322,31): error CS9035: Required member 'SOC2Gap.GapId' must be set in the object initializer or attribute constructor. [C:\Work\LankaConnect\tests\LankaConnect.Application.Tests\LankaConnect.Application.Tests.csproj]
C:\Work\LankaConnect\tests\LankaConnect.Application.Tests\Common\Models\CulturalIntelligence\SecurityComplianceTypesTests.cs(322,31): error CS9035: Required member 'SOC2Gap.GapCategory' must be set in the object initializer or attribute constructor. [C:\Work\LankaConnect\tests\LankaConnect.Application.Tests\LankaConnect.Application.Tests.csproj]
C:\Work\LankaConnect\tests\LankaConnect.Application.Tests\Common\Models\CulturalIntelligence\SecurityComplianceTypesTests.cs(322,31): error CS9035: Required member 'SOC2Gap.Description' must be set in the object initializer or attribute constructor. [C:\Work\LankaConnect\tests\LankaConnect.Application.Tests\LankaConnect.Application.Tests.csproj]
C:\Work\LankaConnect\tests\LankaConnect.Application.Tests\Common\Models\CulturalIntelligence\SecurityComplianceTypesTests.cs(322,31): error CS9035: Required member 'SOC2Gap.Severity' must be set in the object initializer or attribute constructor. [C:\Work\LankaConnect\tests\LankaConnect.Application.Tests\LankaConnect.Application.Tests.csproj]
C:\Work\LankaConnect\tests\LankaConnect.Application.Tests\Common\Models\CulturalIntelligence\SecurityComplianceTypesTests.cs(322,31): error CS9035: Required member 'SOC2Gap.IdentifiedDate' must be set in the object initializer or attribute constructor. [C:\Work\LankaConnect\tests\LankaConnect.Application.Tests\LankaConnect.Application.Tests.csproj]
C:\Work\LankaConnect\tests\LankaConnect.Application.Tests\Common\Models\CulturalIntelligence\SecurityComplianceTypesTests.cs(322,31): error CS9035: Required member 'SOC2Gap.ResponsibleTeam' must be set in the object initializer or attribute constructor. [C:\Work\LankaConnect\tests\LankaConnect.Application.Tests\LankaConnect.Application.Tests.csproj]
C:\Work\LankaConnect\tests\LankaConnect.Application.Tests\Common\Models\CulturalIntelligence\SecurityComplianceTypesTests.cs(323,35): error CS9035: Required member 'SOC2Gap.GapId' must be set in the object initializer or attribute constructor. [C:\Work\LankaConnect\tests\LankaConnect.Application.Tests\LankaConnect.Application.Tests.csproj]
C:\Work\LankaConnect\tests\LankaConnect.Application.Tests\Common\Models\CulturalIntelligence\SecurityComplianceTypesTests.cs(323,35): error CS9035: Required member 'SOC2Gap.GapCategory' must be set in the object initializer or attribute constructor. [C:\Work\LankaConnect\tests\LankaConnect.Application.Tests\LankaConnect.Application.Tests.csproj]
C:\Work\LankaConnect\tests\LankaConnect.Application.Tests\Common\Models\CulturalIntelligence\SecurityComplianceTypesTests.cs(323,35): error CS9035: Required member 'SOC2Gap.Description' must be set in the object initializer or attribute constructor. [C:\Work\LankaConnect\tests\LankaConnect.Application.Tests\LankaConnect.Application.Tests.csproj]
C:\Work\LankaConnect\tests\LankaConnect.Application.Tests\Common\Models\CulturalIntelligence\SecurityComplianceTypesTests.cs(323,35): error CS9035: Required member 'SOC2Gap.Severity' must be set in the object initializer or attribute constructor. [C:\Work\LankaConnect\tests\LankaConnect.Application.Tests\LankaConnect.Application.Tests.csproj]
C:\Work\LankaConnect\tests\LankaConnect.Application.Tests\Common\Models\CulturalIntelligence\SecurityComplianceTypesTests.cs(323,35): error CS9035: Required member 'SOC2Gap.IdentifiedDate' must be set in the object initializer or attribute constructor. [C:\Work\LankaConnect\tests\LankaConnect.Application.Tests\LankaConnect.Application.Tests.csproj]
C:\Work\LankaConnect\tests\LankaConnect.Application.Tests\Common\Models\CulturalIntelligence\SecurityComplianceTypesTests.cs(323,35): error CS9035: Required member 'SOC2Gap.ResponsibleTeam' must be set in the object initializer or attribute constructor. [C:\Work\LankaConnect\tests\LankaConnect.Application.Tests\LankaConnect.Application.Tests.csproj]
C:\Work\LankaConnect\tests\LankaConnect.Application.Tests\Common\Models\CulturalIntelligence\SecurityComplianceTypesTests.cs(324,30): error CS9035: Required member 'SOC2Gap.GapId' must be set in the object initializer or attribute constructor. [C:\Work\LankaConnect\tests\LankaConnect.Application.Tests\LankaConnect.Application.Tests.csproj]
C:\Work\LankaConnect\tests\LankaConnect.Application.Tests\Common\Models\CulturalIntelligence\SecurityComplianceTypesTests.cs(324,30): error CS9035: Required member 'SOC2Gap.GapCategory' must be set in the object initializer or attribute constructor. [C:\Work\LankaConnect\tests\LankaConnect.Application.Tests\LankaConnect.Application.Tests.csproj]
C:\Work\LankaConnect\tests\LankaConnect.Application.Tests\Common\Models\CulturalIntelligence\SecurityComplianceTypesTests.cs(324,30): error CS9035: Required member 'SOC2Gap.Description' must be set in the object initializer or attribute constructor. [C:\Work\LankaConnect\tests\LankaConnect.Application.Tests\LankaConnect.Application.Tests.csproj]
C:\Work\LankaConnect\tests\LankaConnect.Application.Tests\Common\Models\CulturalIntelligence\SecurityComplianceTypesTests.cs(324,30): error CS9035: Required member 'SOC2Gap.Severity' must be set in the object initializer or attribute constructor. [C:\Work\LankaConnect\tests\LankaConnect.Application.Tests\LankaConnect.Application.Tests.csproj]
C:\Work\LankaConnect\tests\LankaConnect.Application.Tests\Common\Models\CulturalIntelligence\SecurityComplianceTypesTests.cs(324,30): error CS9035: Required member 'SOC2Gap.IdentifiedDate' must be set in the object initializer or attribute constructor. [C:\Work\LankaConnect\tests\LankaConnect.Application.Tests\LankaConnect.Application.Tests.csproj]
C:\Work\LankaConnect\tests\LankaConnect.Application.Tests\Common\Models\CulturalIntelligence\SecurityComplianceTypesTests.cs(324,30): error CS9035: Required member 'SOC2Gap.ResponsibleTeam' must be set in the object initializer or attribute constructor. [C:\Work\LankaConnect\tests\LankaConnect.Application.Tests\LankaConnect.Application.Tests.csproj]
C:\Work\LankaConnect\tests\LankaConnect.Application.Tests\Common\Models\CulturalIntelligence\SecurityComplianceTypesTests.cs(325,30): error CS9035: Required member 'SOC2Gap.GapId' must be set in the object initializer or attribute constructor. [C:\Work\LankaConnect\tests\LankaConnect.Application.Tests\LankaConnect.Application.Tests.csproj]
C:\Work\LankaConnect\tests\LankaConnect.Application.Tests\Common\Models\CulturalIntelligence\SecurityComplianceTypesTests.cs(325,30): error CS9035: Required member 'SOC2Gap.GapCategory' must be set in the object initializer or attribute constructor. [C:\Work\LankaConnect\tests\LankaConnect.Application.Tests\LankaConnect.Application.Tests.csproj]
C:\Work\LankaConnect\tests\LankaConnect.Application.Tests\Common\Models\CulturalIntelligence\SecurityComplianceTypesTests.cs(325,30): error CS9035: Required member 'SOC2Gap.Description' must be set in the object initializer or attribute constructor. [C:\Work\LankaConnect\tests\LankaConnect.Application.Tests\LankaConnect.Application.Tests.csproj]
C:\Work\LankaConnect\tests\LankaConnect.Application.Tests\Common\Models\CulturalIntelligence\SecurityComplianceTypesTests.cs(325,30): error CS9035: Required member 'SOC2Gap.Severity' must be set in the object initializer or attribute constructor. [C:\Work\LankaConnect\tests\LankaConnect.Application.Tests\LankaConnect.Application.Tests.csproj]
C:\Work\LankaConnect\tests\LankaConnect.Application.Tests\Common\Models\CulturalIntelligence\SecurityComplianceTypesTests.cs(325,30): error CS9035: Required member 'SOC2Gap.IdentifiedDate' must be set in the object initializer or attribute constructor. [C:\Work\LankaConnect\tests\LankaConnect.Application.Tests\LankaConnect.Application.Tests.csproj]
C:\Work\LankaConnect\tests\LankaConnect.Application.Tests\Common\Models\CulturalIntelligence\SecurityComplianceTypesTests.cs(325,30): error CS9035: Required member 'SOC2Gap.ResponsibleTeam' must be set in the object initializer or attribute constructor. [C:\Work\LankaConnect\tests\LankaConnect.Application.Tests\LankaConnect.Application.Tests.csproj]
C:\Work\LankaConnect\tests\LankaConnect.Application.Tests\Common\Models\CulturalIntelligence\SecurityComplianceTypesTests.cs(338,31): error CS9035: Required member 'SOC2Gap.GapId' must be set in the object initializer or attribute constructor. [C:\Work\LankaConnect\tests\LankaConnect.Application.Tests\LankaConnect.Application.Tests.csproj]
C:\Work\LankaConnect\tests\LankaConnect.Application.Tests\Common\Models\CulturalIntelligence\SecurityComplianceTypesTests.cs(338,31): error CS9035: Required member 'SOC2Gap.GapCategory' must be set in the object initializer or attribute constructor. [C:\Work\LankaConnect\tests\LankaConnect.Application.Tests\LankaConnect.Application.Tests.csproj]
C:\Work\LankaConnect\tests\LankaConnect.Application.Tests\Common\Models\CulturalIntelligence\SecurityComplianceTypesTests.cs(338,31): error CS9035: Required member 'SOC2Gap.Description' must be set in the object initializer or attribute constructor. [C:\Work\LankaConnect\tests\LankaConnect.Application.Tests\LankaConnect.Application.Tests.csproj]
C:\Work\LankaConnect\tests\LankaConnect.Application.Tests\Common\Models\CulturalIntelligence\SecurityComplianceTypesTests.cs(338,31): error CS9035: Required member 'SOC2Gap.Severity' must be set in the object initializer or attribute constructor. [C:\Work\LankaConnect\tests\LankaConnect.Application.Tests\LankaConnect.Application.Tests.csproj]
C:\Work\LankaConnect\tests\LankaConnect.Application.Tests\Common\Models\CulturalIntelligence\SecurityComplianceTypesTests.cs(338,31): error CS9035: Required member 'SOC2Gap.IdentifiedDate' must be set in the object initializer or attribute constructor. [C:\Work\LankaConnect\tests\LankaConnect.Application.Tests\LankaConnect.Application.Tests.csproj]
C:\Work\LankaConnect\tests\LankaConnect.Application.Tests\Common\Models\CulturalIntelligence\SecurityComplianceTypesTests.cs(338,31): error CS9035: Required member 'SOC2Gap.ResponsibleTeam' must be set in the object initializer or attribute constructor. [C:\Work\LankaConnect\tests\LankaConnect.Application.Tests\LankaConnect.Application.Tests.csproj]
C:\Work\LankaConnect\tests\LankaConnect.Application.Tests\Common\Models\CulturalIntelligence\SecurityComplianceTypesTests.cs(339,32): error CS9035: Required member 'SOC2Gap.GapId' must be set in the object initializer or attribute constructor. [C:\Work\LankaConnect\tests\LankaConnect.Application.Tests\LankaConnect.Application.Tests.csproj]
C:\Work\LankaConnect\tests\LankaConnect.Application.Tests\Common\Models\CulturalIntelligence\SecurityComplianceTypesTests.cs(339,32): error CS9035: Required member 'SOC2Gap.GapCategory' must be set in the object initializer or attribute constructor. [C:\Work\LankaConnect\tests\LankaConnect.Application.Tests\LankaConnect.Application.Tests.csproj]
C:\Work\LankaConnect\tests\LankaConnect.Application.Tests\Common\Models\CulturalIntelligence\SecurityComplianceTypesTests.cs(339,32): error CS9035: Required member 'SOC2Gap.Description' must be set in the object initializer or attribute constructor. [C:\Work\LankaConnect\tests\LankaConnect.Application.Tests\LankaConnect.Application.Tests.csproj]
C:\Work\LankaConnect\tests\LankaConnect.Application.Tests\Common\Models\CulturalIntelligence\SecurityComplianceTypesTests.cs(339,32): error CS9035: Required member 'SOC2Gap.Severity' must be set in the object initializer or attribute constructor. [C:\Work\LankaConnect\tests\LankaConnect.Application.Tests\LankaConnect.Application.Tests.csproj]
C:\Work\LankaConnect\tests\LankaConnect.Application.Tests\Common\Models\CulturalIntelligence\SecurityComplianceTypesTests.cs(339,32): error CS9035: Required member 'SOC2Gap.IdentifiedDate' must be set in the object initializer or attribute constructor. [C:\Work\LankaConnect\tests\LankaConnect.Application.Tests\LankaConnect.Application.Tests.csproj]
C:\Work\LankaConnect\tests\LankaConnect.Application.Tests\Common\Models\CulturalIntelligence\SecurityComplianceTypesTests.cs(339,32): error CS9035: Required member 'SOC2Gap.ResponsibleTeam' must be set in the object initializer or attribute constructor. [C:\Work\LankaConnect\tests\LankaConnect.Application.Tests\LankaConnect.Application.Tests.csproj]
C:\Work\LankaConnect\tests\LankaConnect.Application.Tests\Common\Models\CulturalIntelligence\SecurityComplianceTypesTests.cs(340,30): error CS9035: Required member 'SOC2Gap.GapId' must be set in the object initializer or attribute constructor. [C:\Work\LankaConnect\tests\LankaConnect.Application.Tests\LankaConnect.Application.Tests.csproj]
C:\Work\LankaConnect\tests\LankaConnect.Application.Tests\Common\Models\CulturalIntelligence\SecurityComplianceTypesTests.cs(340,30): error CS9035: Required member 'SOC2Gap.GapCategory' must be set in the object initializer or attribute constructor. [C:\Work\LankaConnect\tests\LankaConnect.Application.Tests\LankaConnect.Application.Tests.csproj]
C:\Work\LankaConnect\tests\LankaConnect.Application.Tests\Common\Models\CulturalIntelligence\SecurityComplianceTypesTests.cs(340,30): error CS9035: Required member 'SOC2Gap.Description' must be set in the object initializer or attribute constructor. [C:\Work\LankaConnect\tests\LankaConnect.Application.Tests\LankaConnect.Application.Tests.csproj]
C:\Work\LankaConnect\tests\LankaConnect.Application.Tests\Common\Models\CulturalIntelligence\SecurityComplianceTypesTests.cs(340,30): error CS9035: Required member 'SOC2Gap.Severity' must be set in the object initializer or attribute constructor. [C:\Work\LankaConnect\tests\LankaConnect.Application.Tests\LankaConnect.Application.Tests.csproj]
C:\Work\LankaConnect\tests\LankaConnect.Application.Tests\Common\Models\CulturalIntelligence\SecurityComplianceTypesTests.cs(340,30): error CS9035: Required member 'SOC2Gap.IdentifiedDate' must be set in the object initializer or attribute constructor. [C:\Work\LankaConnect\tests\LankaConnect.Application.Tests\LankaConnect.Application.Tests.csproj]
C:\Work\LankaConnect\tests\LankaConnect.Application.Tests\Common\Models\CulturalIntelligence\SecurityComplianceTypesTests.cs(340,30): error CS9035: Required member 'SOC2Gap.ResponsibleTeam' must be set in the object initializer or attribute constructor. [C:\Work\LankaConnect\tests\LankaConnect.Application.Tests\LankaConnect.Application.Tests.csproj]
C:\Work\LankaConnect\tests\LankaConnect.Application.Tests\Common\Models\CulturalIntelligence\SecurityComplianceTypesTests.cs(352,23): error CS9035: Required member 'SOC2Gap.GapId' must be set in the object initializer or attribute constructor. [C:\Work\LankaConnect\tests\LankaConnect.Application.Tests\LankaConnect.Application.Tests.csproj]
C:\Work\LankaConnect\tests\LankaConnect.Application.Tests\Common\Models\CulturalIntelligence\SecurityComplianceTypesTests.cs(352,23): error CS9035: Required member 'SOC2Gap.GapCategory' must be set in the object initializer or attribute constructor. [C:\Work\LankaConnect\tests\LankaConnect.Application.Tests\LankaConnect.Application.Tests.csproj]
C:\Work\LankaConnect\tests\LankaConnect.Application.Tests\Common\Models\CulturalIntelligence\SecurityComplianceTypesTests.cs(352,23): error CS9035: Required member 'SOC2Gap.Description' must be set in the object initializer or attribute constructor. [C:\Work\LankaConnect\tests\LankaConnect.Application.Tests\LankaConnect.Application.Tests.csproj]
C:\Work\LankaConnect\tests\LankaConnect.Application.Tests\Common\Models\CulturalIntelligence\SecurityComplianceTypesTests.cs(352,23): error CS9035: Required member 'SOC2Gap.Severity' must be set in the object initializer or attribute constructor. [C:\Work\LankaConnect\tests\LankaConnect.Application.Tests\LankaConnect.Application.Tests.csproj]
C:\Work\LankaConnect\tests\LankaConnect.Application.Tests\Common\Models\CulturalIntelligence\SecurityComplianceTypesTests.cs(352,23): error CS9035: Required member 'SOC2Gap.IdentifiedDate' must be set in the object initializer or attribute constructor. [C:\Work\LankaConnect\tests\LankaConnect.Application.Tests\LankaConnect.Application.Tests.csproj]
C:\Work\LankaConnect\tests\LankaConnect.Application.Tests\Common\Models\CulturalIntelligence\SecurityComplianceTypesTests.cs(352,23): error CS9035: Required member 'SOC2Gap.ResponsibleTeam' must be set in the object initializer or attribute constructor. [C:\Work\LankaConnect\tests\LankaConnect.Application.Tests\LankaConnect.Application.Tests.csproj]
C:\Work\LankaConnect\tests\LankaConnect.Application.Tests\Common\Monitoring\MonitoringTypesTests.cs(206,17): error CS0103: The name 'CulturalEventType' does not exist in the current context [C:\Work\LankaConnect\tests\LankaConnect.Application.Tests\LankaConnect.Application.Tests.csproj]
C:\Work\LankaConnect\tests\LankaConnect.Application.Tests\Common\Monitoring\MonitoringTypesTests.cs(208,17): error CS0103: The name 'CulturalEventType' does not exist in the current context [C:\Work\LankaConnect\tests\LankaConnect.Application.Tests\LankaConnect.Application.Tests.csproj]
C:\Work\LankaConnect\tests\LankaConnect.Application.Tests\Common\Monitoring\MonitoringTypesTests.cs(230,17): error CS0103: The name 'CulturalEventType' does not exist in the current context [C:\Work\LankaConnect\tests\LankaConnect.Application.Tests\LankaConnect.Application.Tests.csproj]
C:\Work\LankaConnect\tests\LankaConnect.Application.Tests\Common\Monitoring\MonitoringTypesTests.cs(233,96): error CS0103: The name 'CulturalEventType' does not exist in the current context [C:\Work\LankaConnect\tests\LankaConnect.Application.Tests\LankaConnect.Application.Tests.csproj]
C:\Work\LankaConnect\tests\LankaConnect.Application.Tests\Common\Monitoring\MonitoringTypesTests.cs(249,17): error CS0103: The name 'CulturalEventType' does not exist in the current context [C:\Work\LankaConnect\tests\LankaConnect.Application.Tests\LankaConnect.Application.Tests.csproj]
C:\Work\LankaConnect\tests\LankaConnect.Application.Tests\Common\Monitoring\MonitoringTypesTests.cs(251,17): error CS0103: The name 'CulturalEventType' does not exist in the current context [C:\Work\LankaConnect\tests\LankaConnect.Application.Tests\LankaConnect.Application.Tests.csproj]
C:\Work\LankaConnect\tests\LankaConnect.Application.Tests\Common\Revenue\RevenueOptimizationTypesTests.cs(270,48): error CS1061: 'NumericAssertions<decimal>' does not contain a definition for 'BeDefined' and no accessible extension method 'BeDefined' accepting a first argument of type 'NumericAssertions<decimal>' could be found (are you missing a using directive or an assembly reference?) [C:\Work\LankaConnect\tests\LankaConnect.Application.Tests\LankaConnect.Application.Tests.csproj]
C:\Work\LankaConnect\tests\LankaConnect.Application.Tests\Common\Revenue\RevenueOptimizationTypesTests.cs(353,55): error CS1061: 'BooleanAssertions' does not contain a definition for 'BeDefined' and no accessible extension method 'BeDefined' accepting a first argument of type 'BooleanAssertions' could be found (are you missing a using directive or an assembly reference?) [C:\Work\LankaConnect\tests\LankaConnect.Application.Tests\LankaConnect.Application.Tests.csproj]
C:\Work\LankaConnect\tests\LankaConnect.Application.Tests\Common\Revenue\RevenueOptimizationTypesTests.cs(376,13): error CS0103: The name 'ProtectionLevel' does not exist in the current context [C:\Work\LankaConnect\tests\LankaConnect.Application.Tests\LankaConnect.Application.Tests.csproj]
C:\Work\LankaConnect\tests\LankaConnect.Application.Tests\Common\Performance\PerformanceMonitoringResultTypesTests.cs(78,9): error CS8602: Dereference of a possibly null reference. [C:\Work\LankaConnect\tests\LankaConnect.Application.Tests\LankaConnect.Application.Tests.csproj]
C:\Work\LankaConnect\tests\LankaConnect.Application.Tests\Common\Performance\PerformanceMonitoringResultTypesTests.cs(133,9): error CS8602: Dereference of a possibly null reference. [C:\Work\LankaConnect\tests\LankaConnect.Application.Tests\LankaConnect.Application.Tests.csproj]
C:\Work\LankaConnect\tests\LankaConnect.Application.Tests\Common\Performance\PerformanceMonitoringResultTypesTests.cs(189,9): error CS8602: Dereference of a possibly null reference. [C:\Work\LankaConnect\tests\LankaConnect.Application.Tests\LankaConnect.Application.Tests.csproj]
C:\Work\LankaConnect\tests\LankaConnect.Application.Tests\Common\PerformanceObjectiveTests.cs(253,48): error CS0246: The type or namespace name 'IDatabasePerformanceMonitoringEngine' could not be found (are you missing a using directive or an assembly reference?) [C:\Work\LankaConnect\tests\LankaConnect.Application.Tests\LankaConnect.Application.Tests.csproj]
C:\Work\LankaConnect\tests\LankaConnect.Application.Tests\Common\PerformanceObjectiveTests.cs(255,46): error CS0246: The type or namespace name 'OptimizationScope' could not be found (are you missing a using directive or an assembly reference?) [C:\Work\LankaConnect\tests\LankaConnect.Application.Tests\LankaConnect.Application.Tests.csproj]
C:\Work\LankaConnect\tests\LankaConnect.Application.Tests\Common\PerformanceObjectiveTests.cs(259,26): error CS0246: The type or namespace name 'OptimizationScope' could not be found (are you missing a using directive or an assembly reference?) [C:\Work\LankaConnect\tests\LankaConnect.Application.Tests\LankaConnect.Application.Tests.csproj]
C:\Work\LankaConnect\tests\LankaConnect.Application.Tests\Common\PerformanceObjectiveTests.cs(273,22): error CS0246: The type or namespace name 'OptimizationScope' could not be found (are you missing a using directive or an assembly reference?) [C:\Work\LankaConnect\tests\LankaConnect.Application.Tests\LankaConnect.Application.Tests.csproj]
C:\Work\LankaConnect\tests\LankaConnect.Application.Tests\Common\Performance\AutoScalingPerformanceTypesTests.cs(23,13): error CS0117: 'ScalingEvent' does not contain a definition for 'EventType' [C:\Work\LankaConnect\tests\LankaConnect.Application.Tests\LankaConnect.Application.Tests.csproj]
C:\Work\LankaConnect\tests\LankaConnect.Application.Tests\Common\Performance\AutoScalingPerformanceTypesTests.cs(24,13): error CS0117: 'ScalingEvent' does not contain a definition for 'UserLoadIncrease' [C:\Work\LankaConnect\tests\LankaConnect.Application.Tests\LankaConnect.Application.Tests.csproj]
C:\Work\LankaConnect\tests\LankaConnect.Application.Tests\Common\Performance\AutoScalingPerformanceTypesTests.cs(25,13): error CS0117: 'ScalingEvent' does not contain a definition for 'ResourceScalingFactor' [C:\Work\LankaConnect\tests\LankaConnect.Application.Tests\LankaConnect.Application.Tests.csproj]
C:\Work\LankaConnect\tests\LankaConnect.Application.Tests\Common\Performance\AutoScalingPerformanceTypesTests.cs(26,13): error CS0117: 'ScalingEvent' does not contain a definition for 'ExpectedPerformanceImpact' [C:\Work\LankaConnect\tests\LankaConnect.Application.Tests\LankaConnect.Application.Tests.csproj]
C:\Work\LankaConnect\tests\LankaConnect.Application.Tests\Common\Performance\AutoScalingPerformanceTypesTests.cs(38,59): error CS1503: Argument 1: cannot convert from 'LankaConnect.Application.Tests.Common.ScalingEvent' to 'LankaConnect.Application.Common.Performance.ScalingEvent' [C:\Work\LankaConnect\tests\LankaConnect.Application.Tests\LankaConnect.Application.Tests.csproj]
C:\Work\LankaConnect\tests\LankaConnect.Application.Tests\Common\Performance\AutoScalingPerformanceTypesTests.cs(56,13): error CS0117: 'ScalingEvent' does not contain a definition for 'EventType' [C:\Work\LankaConnect\tests\LankaConnect.Application.Tests\LankaConnect.Application.Tests.csproj]
C:\Work\LankaConnect\tests\LankaConnect.Application.Tests\Common\Performance\AutoScalingPerformanceTypesTests.cs(57,13): error CS0117: 'ScalingEvent' does not contain a definition for 'UserLoadIncrease' [C:\Work\LankaConnect\tests\LankaConnect.Application.Tests\LankaConnect.Application.Tests.csproj]
C:\Work\LankaConnect\tests\LankaConnect.Application.Tests\Common\Performance\AutoScalingPerformanceTypesTests.cs(58,13): error CS0117: 'ScalingEvent' does not contain a definition for 'ResourceScalingFactor' [C:\Work\LankaConnect\tests\LankaConnect.Application.Tests\LankaConnect.Application.Tests.csproj]
C:\Work\LankaConnect\tests\LankaConnect.Application.Tests\Common\Performance\AutoScalingPerformanceTypesTests.cs(59,13): error CS0117: 'ScalingEvent' does not contain a definition for 'ExpectedPerformanceImpact' [C:\Work\LankaConnect\tests\LankaConnect.Application.Tests\LankaConnect.Application.Tests.csproj]
C:\Work\LankaConnect\tests\LankaConnect.Application.Tests\Common\Performance\AutoScalingPerformanceTypesTests.cs(71,59): error CS1503: Argument 1: cannot convert from 'LankaConnect.Application.Tests.Common.ScalingEvent' to 'LankaConnect.Application.Common.Performance.ScalingEvent' [C:\Work\LankaConnect\tests\LankaConnect.Application.Tests\LankaConnect.Application.Tests.csproj]
C:\Work\LankaConnect\tests\LankaConnect.Application.Tests\Common\Performance\AutoScalingPerformanceTypesTests.cs(231,51): error CS1061: 'BooleanAssertions' does not contain a definition for 'BeDefined' and no accessible extension method 'BeDefined' accepting a first argument of type 'BooleanAssertions' could be found (are you missing a using directive or an assembly reference?) [C:\Work\LankaConnect\tests\LankaConnect.Application.Tests\LankaConnect.Application.Tests.csproj]
C:\Work\LankaConnect\tests\LankaConnect.Application.Tests\Common\Performance\AutoScalingPerformanceTypesTests.cs(286,21): error CS0104: 'PerformanceDataPoint' is an ambiguous reference between 'LankaConnect.Domain.Common.PerformanceDataPoint' and 'LankaConnect.Application.Common.Performance.PerformanceDataPoint' [C:\Work\LankaConnect\tests\LankaConnect.Application.Tests\LankaConnect.Application.Tests.csproj]
C:\Work\LankaConnect\tests\LankaConnect.Application.Tests\Common\Performance\AutoScalingPerformanceTypesTests.cs(287,21): error CS0104: 'PerformanceDataPoint' is an ambiguous reference between 'LankaConnect.Domain.Common.PerformanceDataPoint' and 'LankaConnect.Application.Common.Performance.PerformanceDataPoint' [C:\Work\LankaConnect\tests\LankaConnect.Application.Tests\LankaConnect.Application.Tests.csproj]
C:\Work\LankaConnect\tests\LankaConnect.Application.Tests\Common\Performance\AutoScalingPerformanceTypesTests.cs(288,21): error CS0104: 'PerformanceDataPoint' is an ambiguous reference between 'LankaConnect.Domain.Common.PerformanceDataPoint' and 'LankaConnect.Application.Common.Performance.PerformanceDataPoint' [C:\Work\LankaConnect\tests\LankaConnect.Application.Tests\LankaConnect.Application.Tests.csproj]
C:\Work\LankaConnect\tests\LankaConnect.Application.Tests\Common\Performance\AutoScalingPerformanceTypesTests.cs(334,38): error CS0104: 'PerformanceRequirement' is an ambiguous reference between 'LankaConnect.Domain.Common.PerformanceRequirement' and 'LankaConnect.Application.Common.Performance.PerformanceRequirement' [C:\Work\LankaConnect\tests\LankaConnect.Application.Tests\LankaConnect.Application.Tests.csproj]
C:\Work\LankaConnect\tests\LankaConnect.Application.Tests\Common\Performance\AutoScalingPerformanceTypesTests.cs(343,49): error CS1061: 'BooleanAssertions' does not contain a definition for 'BeDefined' and no accessible extension method 'BeDefined' accepting a first argument of type 'BooleanAssertions' could be found (are you missing a using directive or an assembly reference?) [C:\Work\LankaConnect\tests\LankaConnect.Application.Tests\LankaConnect.Application.Tests.csproj]
C:\Work\LankaConnect\tests\LankaConnect.Application.Tests\Common\Performance\AutoScalingPerformanceTypesTests.cs(367,38): error CS0104: 'PerformanceRequirement' is an ambiguous reference between 'LankaConnect.Domain.Common.PerformanceRequirement' and 'LankaConnect.Application.Common.Performance.PerformanceRequirement' [C:\Work\LankaConnect\tests\LankaConnect.Application.Tests\LankaConnect.Application.Tests.csproj]
C:\Work\LankaConnect\tests\LankaConnect.Application.Tests\Common\Performance\AutoScalingPerformanceTypesTests.cs(389,32): error CS0117: 'ScalingEvent' does not contain a definition for 'EventType' [C:\Work\LankaConnect\tests\LankaConnect.Application.Tests\LankaConnect.Application.Tests.csproj]
C:\Work\LankaConnect\tests\LankaConnect.Application.Tests\Common\Performance\AutoScalingPerformanceTypesTests.cs(389,81): error CS0117: 'ScalingEvent' does not contain a definition for 'UserLoadIncrease' [C:\Work\LankaConnect\tests\LankaConnect.Application.Tests\LankaConnect.Application.Tests.csproj]
C:\Work\LankaConnect\tests\LankaConnect.IntegrationTests\Cache\CacheAsidePatternIntegrationTests.cs(17,22): error CS0246: The type or namespace name 'ICulturalIntelligenceCacheService' could not be found (are you missing a using directive or an assembly reference?) [C:\Work\LankaConnect\tests\LankaConnect.IntegrationTests\LankaConnect.IntegrationTests.csproj]
C:\Work\LankaConnect\tests\LankaConnect.IntegrationTests\Cache\CacheAsidePatternIntegrationTests.cs(20,46): error CS0246: The type or namespace name 'IntegrationTestWebApplicationFactory' could not be found (are you missing a using directive or an assembly reference?) [C:\Work\LankaConnect\tests\LankaConnect.IntegrationTests\LankaConnect.IntegrationTests.csproj]
    0 Warning(s)
    294 Error(s)

Time Elapsed 00:00:07.36
