<?xml version="1.0" encoding="utf-8"?>
<TestRun id="e5df7124-1c6f-4a4f-9285-2998e5e9e3a8" name="Niroshana@LAPTOP-23VGHTR6 2025-09-08 17:20:39" runUser="LAPTOP-23VGHTR6\Niroshana" xmlns="http://microsoft.com/schemas/VisualStudio/TeamTest/2010">
  <Times creation="2025-09-08T17:20:39.9307042-04:00" queuing="2025-09-08T17:20:39.9307046-04:00" start="2025-09-08T17:19:55.2753491-04:00" finish="2025-09-08T17:20:43.1392549-04:00" />
  <TestSettings name="default" id="ee865268-839a-4949-964c-bc8d1f20471c">
    <Deployment runDeploymentRoot="Niroshana_LAPTOP-23VGHTR6_2025-09-08_17_20_39" />
  </TestSettings>
  <Results>
    <UnitTestResult executionId="546df446-3ba0-4566-b97e-9283d315c339" testId="215b40cc-482a-1e49-ac39-07bb02cd9581" testName="LankaConnect.Application.Tests.Businesses.Commands.CreateBusinessCommandHandlerTests.Handle_WithDifferentUsBusinessCategories_ShouldCreateSuccessfully(category: Restaurant)" computerName="LAPTOP-23VGHTR6" duration="00:00:00.0004626" startTime="2025-09-08T17:20:40.1126736-04:00" endTime="2025-09-08T17:20:40.1126739-04:00" testType="13cdc9d9-ddb5-4fa4-a97d-d965ccfc6d4b" outcome="Passed" testListId="8c84fa94-04c1-424b-9868-57a2d4851a1d" relativeResultsDirectory="546df446-3ba0-4566-b97e-9283d315c339" />
    <UnitTestResult executionId="330d99b3-ae2e-4a9e-a17d-16c08ec4916b" testId="6cc6241b-a21c-53db-f350-35baddf625e4" testName="LankaConnect.Application.Tests.Mappings.BusinessMappingProfileTests.Map_EmptyBusinessCollection_ShouldReturnEmptyCollection" computerName="LAPTOP-23VGHTR6" duration="00:00:00.0174147" startTime="2025-09-08T17:20:40.6768109-04:00" endTime="2025-09-08T17:20:40.6768115-04:00" testType="13cdc9d9-ddb5-4fa4-a97d-d965ccfc6d4b" outcome="Passed" testListId="8c84fa94-04c1-424b-9868-57a2d4851a1d" relativeResultsDirectory="330d99b3-ae2e-4a9e-a17d-16c08ec4916b" />
    <UnitTestResult executionId="8adcb75c-c085-45e3-a7a8-19be67b2694b" testId="cc95cec6-f3e1-cd23-cfca-619eb54e8f3e" testName="LankaConnect.Application.Tests.Businesses.Commands.UpdateBusinessCommandHandlerTests.Handle_WithValidUpdateCommand_ShouldUpdateBusinessSuccessfully" computerName="LAPTOP-23VGHTR6" duration="00:00:00.0053570" startTime="2025-09-08T17:20:40.5043957-04:00" endTime="2025-09-08T17:20:40.5043959-04:00" testType="13cdc9d9-ddb5-4fa4-a97d-d965ccfc6d4b" outcome="Passed" testListId="8c84fa94-04c1-424b-9868-57a2d4851a1d" relativeResultsDirectory="8adcb75c-c085-45e3-a7a8-19be67b2694b" />
    <UnitTestResult executionId="b991e580-7d15-49c4-9695-741867c37b4c" testId="f1d366a1-ff55-b0df-ed51-df7303b79085" testName="LankaConnect.Application.Tests.Mappings.BusinessMappingProfileTests.Map_BusinessToBusinessDto_ShouldPreserveDateTimeKind" computerName="LAPTOP-23VGHTR6" duration="00:00:00.0177984" startTime="2025-09-08T17:20:40.6246990-04:00" endTime="2025-09-08T17:20:40.6246996-04:00" testType="13cdc9d9-ddb5-4fa4-a97d-d965ccfc6d4b" outcome="Passed" testListId="8c84fa94-04c1-424b-9868-57a2d4851a1d" relativeResultsDirectory="b991e580-7d15-49c4-9695-741867c37b4c" />
    <UnitTestResult executionId="a1ab8226-a86a-4469-88c1-d094f5acf290" testId="03263704-7a9e-cb46-929a-e2c63fd13578" testName="LankaConnect.Application.Tests.Auth.LoginUserHandlerTests.Handle_WithUnverifiedEmail_ShouldReturnFailure" computerName="LAPTOP-23VGHTR6" duration="00:00:00.0086479" startTime="2025-09-08T17:20:40.2022504-04:00" endTime="2025-09-08T17:20:40.2022514-04:00" testType="13cdc9d9-ddb5-4fa4-a97d-d965ccfc6d4b" outcome="Passed" testListId="8c84fa94-04c1-424b-9868-57a2d4851a1d" relativeResultsDirectory="a1ab8226-a86a-4469-88c1-d094f5acf290" />
    <UnitTestResult executionId="a14893f6-5277-491c-9f53-ada746c9ac3d" testId="5c798527-6470-dc11-927a-732350bb1883" testName="LankaConnect.Application.Tests.Validators.CreateUserCommandValidatorTests.Validate_WithInvalidLastName_ShouldHaveLastNameError(lastName: &quot;&quot;)" computerName="LAPTOP-23VGHTR6" duration="00:00:00.0022593" startTime="2025-09-08T17:20:40.0032909-04:00" endTime="2025-09-08T17:20:40.0032912-04:00" testType="13cdc9d9-ddb5-4fa4-a97d-d965ccfc6d4b" outcome="Passed" testListId="8c84fa94-04c1-424b-9868-57a2d4851a1d" relativeResultsDirectory="a14893f6-5277-491c-9f53-ada746c9ac3d" />
    <UnitTestResult executionId="ba9bba1d-48ac-42dd-8ee9-41765912ed51" testId="22e5d9fb-f65b-65ed-774d-b46d0291c036" testName="LankaConnect.Application.Tests.Validators.CreateUserCommandValidatorTests.Validate_WithInvalidFirstName_ShouldHaveFirstNameError(firstName: &quot; &quot;)" computerName="LAPTOP-23VGHTR6" duration="00:00:00.0010767" startTime="2025-09-08T17:20:40.0564634-04:00" endTime="2025-09-08T17:20:40.0564636-04:00" testType="13cdc9d9-ddb5-4fa4-a97d-d965ccfc6d4b" outcome="Passed" testListId="8c84fa94-04c1-424b-9868-57a2d4851a1d" relativeResultsDirectory="ba9bba1d-48ac-42dd-8ee9-41765912ed51" />
    <UnitTestResult executionId="266cb3f6-0713-4f36-9f57-5116296029e3" testId="ef254b80-03c1-8a92-e69e-9c45c9e4161e" testName="LankaConnect.Application.Tests.Validators.CreateUserCommandValidatorTests.Validate_WithInvalidEmailFormat_ShouldHaveEmailFormatError(email: &quot;invalid-email&quot;)" computerName="LAPTOP-23VGHTR6" duration="00:00:00.0006305" startTime="2025-09-08T17:20:39.9864758-04:00" endTime="2025-09-08T17:20:39.9864759-04:00" testType="13cdc9d9-ddb5-4fa4-a97d-d965ccfc6d4b" outcome="Passed" testListId="8c84fa94-04c1-424b-9868-57a2d4851a1d" relativeResultsDirectory="266cb3f6-0713-4f36-9f57-5116296029e3" />
    <UnitTestResult executionId="fa6742c4-eb70-4583-8d4f-c0d5fd361adf" testId="c8f4ee02-1f42-2a39-5a77-236ba750a8ce" testName="LankaConnect.Application.Tests.Users.Commands.CreateUserCommandHandlerTests.Handle_WithoutOptionalFields_ShouldCreateUser" computerName="LAPTOP-23VGHTR6" duration="00:00:00.0058372" startTime="2025-09-08T17:20:40.5355107-04:00" endTime="2025-09-08T17:20:40.5355109-04:00" testType="13cdc9d9-ddb5-4fa4-a97d-d965ccfc6d4b" outcome="Passed" testListId="8c84fa94-04c1-424b-9868-57a2d4851a1d" relativeResultsDirectory="fa6742c4-eb70-4583-8d4f-c0d5fd361adf" />
    <UnitTestResult executionId="c4616b33-e835-49dc-9606-ddc225854fad" testId="7a9b8f1a-02fb-a654-69a8-f1e07538559b" testName="LankaConnect.Application.Tests.Users.Commands.CreateUserCommandHandlerTests.Handle_WithEmptyFirstName_ShouldReturnFailure" computerName="LAPTOP-23VGHTR6" duration="00:00:00.0045554" startTime="2025-09-08T17:20:40.4815155-04:00" endTime="2025-09-08T17:20:40.4815158-04:00" testType="13cdc9d9-ddb5-4fa4-a97d-d965ccfc6d4b" outcome="Passed" testListId="8c84fa94-04c1-424b-9868-57a2d4851a1d" relativeResultsDirectory="c4616b33-e835-49dc-9606-ddc225854fad" />
    <UnitTestResult executionId="649f86d1-28ff-4e4a-92f2-c449cd056a7b" testId="dc4e8029-dde9-7f56-0274-19cbec7312cd" testName="LankaConnect.Application.Tests.Communications.Queries.GetEmailStatusQueryHandlerTests.Handle_WithPageSizeTooLarge_ShouldReturnFailure" computerName="LAPTOP-23VGHTR6" duration="00:00:00.0015405" startTime="2025-09-08T17:20:40.4536398-04:00" endTime="2025-09-08T17:20:40.4536400-04:00" testType="13cdc9d9-ddb5-4fa4-a97d-d965ccfc6d4b" outcome="Passed" testListId="8c84fa94-04c1-424b-9868-57a2d4851a1d" relativeResultsDirectory="649f86d1-28ff-4e4a-92f2-c449cd056a7b" />
    <UnitTestResult executionId="13f4a761-abc3-4112-ab2c-a4acc8a27d9e" testId="f6675fcd-89c3-f232-6394-a8f2ca8cd6dc" testName="LankaConnect.Application.Tests.Businesses.Commands.AddServiceCommandHandlerTests.Handle_WithVariousUsRestaurantServices_ShouldAddSuccessfully(serviceName: &quot;Takeout Service&quot;, description: &quot;Quick takeout for busy professionals&quot;, price: 15.5)" computerName="LAPTOP-23VGHTR6" duration="00:00:00.0033046" startTime="2025-09-08T17:20:40.5087159-04:00" endTime="2025-09-08T17:20:40.5087162-04:00" testType="13cdc9d9-ddb5-4fa4-a97d-d965ccfc6d4b" outcome="Passed" testListId="8c84fa94-04c1-424b-9868-57a2d4851a1d" relativeResultsDirectory="13f4a761-abc3-4112-ab2c-a4acc8a27d9e" />
    <UnitTestResult executionId="48237054-e3d2-4ed1-8b4c-f83740125607" testId="06c9618a-ca69-080d-e4b9-e84afd8f4f7f" testName="LankaConnect.Application.Tests.Businesses.Queries.GetBusinessQueryHandlerTests.Handle_WhenMapperThrows_ShouldPropagateException" computerName="LAPTOP-23VGHTR6" duration="00:00:00.0213715" startTime="2025-09-08T17:20:40.3805911-04:00" endTime="2025-09-08T17:20:40.3805915-04:00" testType="13cdc9d9-ddb5-4fa4-a97d-d965ccfc6d4b" outcome="Passed" testListId="8c84fa94-04c1-424b-9868-57a2d4851a1d" relativeResultsDirectory="48237054-e3d2-4ed1-8b4c-f83740125607" />
    <UnitTestResult executionId="0bf711f8-5c2a-4938-ad04-5fa2fa6dbb3c" testId="b5f976b3-c77f-3307-bb17-65b16f0af727" testName="LankaConnect.Application.Tests.Behaviors.LoggingPipelineBehaviorTests.Handle_WhenExceptionThrown_ShouldLogException" computerName="LAPTOP-23VGHTR6" duration="00:00:00.0101403" startTime="2025-09-08T17:20:40.5769454-04:00" endTime="2025-09-08T17:20:40.5769455-04:00" testType="13cdc9d9-ddb5-4fa4-a97d-d965ccfc6d4b" outcome="Passed" testListId="8c84fa94-04c1-424b-9868-57a2d4851a1d" relativeResultsDirectory="0bf711f8-5c2a-4938-ad04-5fa2fa6dbb3c" />
    <UnitTestResult executionId="598eb576-ec45-4b67-ab1a-e49b52e196e5" testId="88681dcf-2572-ee29-56ec-826cfd9b682c" testName="LankaConnect.Application.Tests.Common.ExceptionHandlingTests.NotFoundException_WithDifferentEntityTypes_ShouldFormatCorrectly(entityName: &quot;Order&quot;, key: &quot;789&quot;)" computerName="LAPTOP-23VGHTR6" duration="00:00:00.0795102" startTime="2025-09-08T17:20:39.7565831-04:00" endTime="2025-09-08T17:20:39.7566403-04:00" testType="13cdc9d9-ddb5-4fa4-a97d-d965ccfc6d4b" outcome="Passed" testListId="8c84fa94-04c1-424b-9868-57a2d4851a1d" relativeResultsDirectory="598eb576-ec45-4b67-ab1a-e49b52e196e5" />
    <UnitTestResult executionId="8f800cf5-d7bf-422d-85a9-3f8a14207c82" testId="f46bfbb0-4a43-fe7e-7707-dd58519f358a" testName="LankaConnect.Application.Tests.Validators.CreateUserCommandValidatorTests.Validate_WithInvalidEmailFormat_ShouldHaveEmailFormatError(email: &quot;@test.com&quot;)" computerName="LAPTOP-23VGHTR6" duration="00:00:00.0006989" startTime="2025-09-08T17:20:39.9876172-04:00" endTime="2025-09-08T17:20:39.9876175-04:00" testType="13cdc9d9-ddb5-4fa4-a97d-d965ccfc6d4b" outcome="Passed" testListId="8c84fa94-04c1-424b-9868-57a2d4851a1d" relativeResultsDirectory="8f800cf5-d7bf-422d-85a9-3f8a14207c82" />
    <UnitTestResult executionId="fa202d39-7829-453a-ba76-6dfe1a7fe390" testId="d139303e-65af-27e5-7df9-75a1ef51e3b5" testName="LankaConnect.Application.Tests.Businesses.Commands.CreateBusinessCommandHandlerTests.Handle_WithDifferentUsBusinessCategories_ShouldCreateSuccessfully(category: Services)" computerName="LAPTOP-23VGHTR6" duration="00:00:00.0009538" startTime="2025-09-08T17:20:40.1114453-04:00" endTime="2025-09-08T17:20:40.1114457-04:00" testType="13cdc9d9-ddb5-4fa4-a97d-d965ccfc6d4b" outcome="Passed" testListId="8c84fa94-04c1-424b-9868-57a2d4851a1d" relativeResultsDirectory="fa202d39-7829-453a-ba76-6dfe1a7fe390" />
    <UnitTestResult executionId="0c2f2a42-544f-4500-8701-2cb7d217701d" testId="6487e637-56bc-f63d-4840-320afea030b3" testName="LankaConnect.Application.Tests.Businesses.Commands.CreateBusinessCommandHandlerTests.Handle_WhenRepositoryThrowsException_ShouldPropagateException" computerName="LAPTOP-23VGHTR6" duration="00:00:00.0381382" startTime="2025-09-08T17:20:40.2590351-04:00" endTime="2025-09-08T17:20:40.2590352-04:00" testType="13cdc9d9-ddb5-4fa4-a97d-d965ccfc6d4b" outcome="Passed" testListId="8c84fa94-04c1-424b-9868-57a2d4851a1d" relativeResultsDirectory="0c2f2a42-544f-4500-8701-2cb7d217701d" />
    <UnitTestResult executionId="2683e6bf-55c3-4229-bf56-ee760e5265ff" testId="63892745-e303-074c-8beb-9d0e89f37c0f" testName="LankaConnect.Application.Tests.Validators.CreateUserCommandValidatorTests.Validate_WithValidPhoneNumber_ShouldNotHavePhoneNumberError" computerName="LAPTOP-23VGHTR6" duration="00:00:00.0074106" startTime="2025-09-08T17:20:40.0869047-04:00" endTime="2025-09-08T17:20:40.0869049-04:00" testType="13cdc9d9-ddb5-4fa4-a97d-d965ccfc6d4b" outcome="Passed" testListId="8c84fa94-04c1-424b-9868-57a2d4851a1d" relativeResultsDirectory="2683e6bf-55c3-4229-bf56-ee760e5265ff" />
    <UnitTestResult executionId="884b9380-4c9f-4976-ab15-143eb7cb08d0" testId="2b6da5d4-103e-5d5a-2114-504b70717d9c" testName="LankaConnect.Application.Tests.Mappings.BusinessMappingProfileTests.Map_BusinessToBusinessDto_ShouldPreserveCoordinates" computerName="LAPTOP-23VGHTR6" duration="00:00:00.0179388" startTime="2025-09-08T17:20:40.6066784-04:00" endTime="2025-09-08T17:20:40.6066789-04:00" testType="13cdc9d9-ddb5-4fa4-a97d-d965ccfc6d4b" outcome="Passed" testListId="8c84fa94-04c1-424b-9868-57a2d4851a1d" relativeResultsDirectory="884b9380-4c9f-4976-ab15-143eb7cb08d0" />
    <UnitTestResult executionId="ce4d4485-f610-4ddc-a518-0ce21334fe71" testId="a8349f62-32a9-39e5-2e3f-cb26c1ff3655" testName="LankaConnect.Application.Tests.Common.ExceptionHandlingTests.NotFoundException_WithDifferentEntityTypes_ShouldFormatCorrectly(entityName: &quot;Business&quot;, key: &quot;456&quot;)" computerName="LAPTOP-23VGHTR6" duration="00:00:00.0004555" startTime="2025-09-08T17:20:39.8237204-04:00" endTime="2025-09-08T17:20:39.8237209-04:00" testType="13cdc9d9-ddb5-4fa4-a97d-d965ccfc6d4b" outcome="Passed" testListId="8c84fa94-04c1-424b-9868-57a2d4851a1d" relativeResultsDirectory="ce4d4485-f610-4ddc-a518-0ce21334fe71" />
    <UnitTestResult executionId="8e0ab5f1-35b4-443b-aa12-74d6c891fd96" testId="a7cb133f-d2e5-d228-7ed4-a3372c28a971" testName="LankaConnect.Application.Tests.Auth.RegisterUserHandlerTests.Handle_WithDifferentRoles_ShouldCreateUserWithCorrectRole(role: Admin)" computerName="LAPTOP-23VGHTR6" duration="00:00:00.0108353" startTime="2025-09-08T17:20:40.2707525-04:00" endTime="2025-09-08T17:20:40.2707527-04:00" testType="13cdc9d9-ddb5-4fa4-a97d-d965ccfc6d4b" outcome="Passed" testListId="8c84fa94-04c1-424b-9868-57a2d4851a1d" relativeResultsDirectory="8e0ab5f1-35b4-443b-aa12-74d6c891fd96" />
    <UnitTestResult executionId="e204aa19-115f-4474-b288-ec20b2071a6d" testId="1b0d5321-79e4-83e1-d6cb-4e60c7bfbaba" testName="LankaConnect.Application.Tests.Validators.CreateUserCommandValidatorTests.Validate_WithNullPhoneNumber_ShouldNotHaveError" computerName="LAPTOP-23VGHTR6" duration="00:00:00.0390401" startTime="2025-09-08T17:20:39.9717775-04:00" endTime="2025-09-08T17:20:39.9717777-04:00" testType="13cdc9d9-ddb5-4fa4-a97d-d965ccfc6d4b" outcome="Passed" testListId="8c84fa94-04c1-424b-9868-57a2d4851a1d" relativeResultsDirectory="e204aa19-115f-4474-b288-ec20b2071a6d" />
    <UnitTestResult executionId="e6415c0d-484e-465e-97eb-8f54b7625784" testId="1b887165-fc35-69db-d757-dc50436bb550" testName="LankaConnect.Application.Tests.Auth.LoginUserHandlerTests.Handle_WithRefreshTokenGenerationFailure_ShouldReturnFailure" computerName="LAPTOP-23VGHTR6" duration="00:00:00.0078311" startTime="2025-09-08T17:20:40.4465984-04:00" endTime="2025-09-08T17:20:40.4465986-04:00" testType="13cdc9d9-ddb5-4fa4-a97d-d965ccfc6d4b" outcome="Passed" testListId="8c84fa94-04c1-424b-9868-57a2d4851a1d" relativeResultsDirectory="e6415c0d-484e-465e-97eb-8f54b7625784" />
    <UnitTestResult executionId="5249e45b-cf6d-4894-b9de-7392220a5fdb" testId="d336543c-d021-f060-b199-d37b5407cf0f" testName="LankaConnect.Application.Tests.Users.Queries.GetUserByIdQueryHandlerTests.Handle_WithCancellationRequested_ShouldThrowOperationCancelledException" computerName="LAPTOP-23VGHTR6" duration="00:00:00.0077656" startTime="2025-09-08T17:20:40.1483674-04:00" endTime="2025-09-08T17:20:40.1483676-04:00" testType="13cdc9d9-ddb5-4fa4-a97d-d965ccfc6d4b" outcome="Passed" testListId="8c84fa94-04c1-424b-9868-57a2d4851a1d" relativeResultsDirectory="5249e45b-cf6d-4894-b9de-7392220a5fdb" />
    <UnitTestResult executionId="98cd848d-fffc-44bc-ab3c-2674bf65dda2" testId="65f1bad8-f649-ae19-4182-041c223d5762" testName="LankaConnect.Application.Tests.Businesses.Commands.DeleteBusinessCommandHandlerTests.Handle_WithValidGuids_ShouldProcessCorrectly(guidString: &quot;d290f1ee-6c54-4b01-90e6-d701748f0851&quot;)" computerName="LAPTOP-23VGHTR6" duration="00:00:00.0194837" startTime="2025-09-08T17:20:40.3197207-04:00" endTime="2025-09-08T17:20:40.3197210-04:00" testType="13cdc9d9-ddb5-4fa4-a97d-d965ccfc6d4b" outcome="Passed" testListId="8c84fa94-04c1-424b-9868-57a2d4851a1d" relativeResultsDirectory="98cd848d-fffc-44bc-ab3c-2674bf65dda2" />
    <UnitTestResult executionId="3b00942b-703d-4ad8-abd1-69595d98c382" testId="583371f0-2139-d010-71f1-4f9f59540246" testName="LankaConnect.Application.Tests.Mappings.UserMappingProfileTests.Configuration_ShouldBeValid" computerName="LAPTOP-23VGHTR6" duration="00:00:00.0088474" startTime="2025-09-08T17:20:40.5282988-04:00" endTime="2025-09-08T17:20:40.5282990-04:00" testType="13cdc9d9-ddb5-4fa4-a97d-d965ccfc6d4b" outcome="Passed" testListId="8c84fa94-04c1-424b-9868-57a2d4851a1d" relativeResultsDirectory="3b00942b-703d-4ad8-abd1-69595d98c382" />
    <UnitTestResult executionId="7019300d-4ec6-43cf-a529-fcf5087d9c1a" testId="b70ef95c-2df2-351f-86b7-c8b964825c3f" testName="LankaConnect.Application.Tests.Common.ExceptionHandlingTests.NotFoundException_WithInnerException_ShouldPreserveInnerException" computerName="LAPTOP-23VGHTR6" duration="00:00:00.0318621" startTime="2025-09-08T17:20:39.9587672-04:00" endTime="2025-09-08T17:20:39.9587674-04:00" testType="13cdc9d9-ddb5-4fa4-a97d-d965ccfc6d4b" outcome="Passed" testListId="8c84fa94-04c1-424b-9868-57a2d4851a1d" relativeResultsDirectory="7019300d-4ec6-43cf-a529-fcf5087d9c1a" />
    <UnitTestResult executionId="193d3bb4-b74e-4c15-a022-90f018c51c0e" testId="6895d523-241f-05a2-0833-cbdecedef13c" testName="LankaConnect.Application.Tests.Auth.RegisterUserHandlerTests.Handle_WithDifferentRoles_ShouldCreateUserWithCorrectRole(role: Moderator)" computerName="LAPTOP-23VGHTR6" duration="00:00:00.0053040" startTime="2025-09-08T17:20:40.2832585-04:00" endTime="2025-09-08T17:20:40.2832587-04:00" testType="13cdc9d9-ddb5-4fa4-a97d-d965ccfc6d4b" outcome="Passed" testListId="8c84fa94-04c1-424b-9868-57a2d4851a1d" relativeResultsDirectory="193d3bb4-b74e-4c15-a022-90f018c51c0e" />
    <UnitTestResult executionId="81f83600-151b-41bb-964f-8fdc5e1d1f67" testId="8f7bedea-fbb1-41f2-941b-69ce762516a2" testName="LankaConnect.Application.Tests.Common.ExceptionHandlingTests.NotFoundException_WithEntityNameAndKey_ShouldSetCorrectMessage" computerName="LAPTOP-23VGHTR6" duration="00:00:00.0004710" startTime="2025-09-08T17:20:39.9648709-04:00" endTime="2025-09-08T17:20:39.9648711-04:00" testType="13cdc9d9-ddb5-4fa4-a97d-d965ccfc6d4b" outcome="Passed" testListId="8c84fa94-04c1-424b-9868-57a2d4851a1d" relativeResultsDirectory="81f83600-151b-41bb-964f-8fdc5e1d1f67" />
    <UnitTestResult executionId="36b8fce4-026a-43a0-8fc6-8b66bafa3b6e" testId="e46791a4-ed0a-5ac4-5027-412c37f15524" testName="LankaConnect.Application.Tests.Mappings.BusinessMappingProfileTests.Map_MultipleBusinesses_ShouldMaintainOrder" computerName="LAPTOP-23VGHTR6" duration="00:00:00.0335632" startTime="2025-09-08T17:20:40.7105687-04:00" endTime="2025-09-08T17:20:40.7105693-04:00" testType="13cdc9d9-ddb5-4fa4-a97d-d965ccfc6d4b" outcome="Passed" testListId="8c84fa94-04c1-424b-9868-57a2d4851a1d" relativeResultsDirectory="36b8fce4-026a-43a0-8fc6-8b66bafa3b6e" />
    <UnitTestResult executionId="886d3800-510f-4e0c-a190-ffb13e0f2273" testId="044bda5f-ecda-50b2-7310-d26561c2960f" testName="LankaConnect.Application.Tests.Behaviors.LoggingPipelineBehaviorTests.Handle_WithSuccessfulRequest_ShouldLogStartAndComplete" computerName="LAPTOP-23VGHTR6" duration="00:00:00.0130290" startTime="2025-09-08T17:20:40.5675786-04:00" endTime="2025-09-08T17:20:40.5675789-04:00" testType="13cdc9d9-ddb5-4fa4-a97d-d965ccfc6d4b" outcome="Passed" testListId="8c84fa94-04c1-424b-9868-57a2d4851a1d" relativeResultsDirectory="886d3800-510f-4e0c-a190-ffb13e0f2273" />
    <UnitTestResult executionId="59ef8c7a-ddd1-4c3f-81a7-f6aaee23b7d3" testId="127613a0-27b0-b16b-542d-f58291680340" testName="LankaConnect.Application.Tests.Users.Commands.CreateUserCommandHandlerTests.Handle_WhenRepositoryThrows_ShouldPropagateException" computerName="LAPTOP-23VGHTR6" duration="00:00:00.0073012" startTime="2025-09-08T17:20:40.4892639-04:00" endTime="2025-09-08T17:20:40.4892642-04:00" testType="13cdc9d9-ddb5-4fa4-a97d-d965ccfc6d4b" outcome="Passed" testListId="8c84fa94-04c1-424b-9868-57a2d4851a1d" relativeResultsDirectory="59ef8c7a-ddd1-4c3f-81a7-f6aaee23b7d3" />
    <UnitTestResult executionId="375ed4b7-e3db-4405-9a82-9cec5ba2c459" testId="34597867-5331-f3f9-17c2-ddc954d826bd" testName="LankaConnect.Application.Tests.Auth.RegisterUserHandlerTests.Handle_WithWeakPassword_ShouldReturnFailure" computerName="LAPTOP-23VGHTR6" duration="00:00:00.0205628" startTime="2025-09-08T17:20:40.3859498-04:00" endTime="2025-09-08T17:20:40.3859500-04:00" testType="13cdc9d9-ddb5-4fa4-a97d-d965ccfc6d4b" outcome="Passed" testListId="8c84fa94-04c1-424b-9868-57a2d4851a1d" relativeResultsDirectory="375ed4b7-e3db-4405-9a82-9cec5ba2c459" />
    <UnitTestResult executionId="c47447dd-1543-4c4c-9be6-8bf21e61ef8d" testId="38c99fe5-2c5e-6128-8134-e81b7aa3b9dd" testName="LankaConnect.Application.Tests.Businesses.Commands.AddServiceCommandHandlerTests.Handle_WithUsRestaurantService_ShouldAddServiceWithUsdPricing" computerName="LAPTOP-23VGHTR6" duration="00:00:00.0236284" startTime="2025-09-08T17:20:40.5658174-04:00" endTime="2025-09-08T17:20:40.5658176-04:00" testType="13cdc9d9-ddb5-4fa4-a97d-d965ccfc6d4b" outcome="Passed" testListId="8c84fa94-04c1-424b-9868-57a2d4851a1d" relativeResultsDirectory="c47447dd-1543-4c4c-9be6-8bf21e61ef8d" />
    <UnitTestResult executionId="6cdc406b-6295-4f4a-a3c8-48cd80a532b5" testId="4c0c0bfb-7b0a-e17b-8ec3-c271b6c0be15" testName="LankaConnect.Application.Tests.Behaviors.LoggingPipelineBehaviorTests.Handle_ShouldMeasureExecutionTime" computerName="LAPTOP-23VGHTR6" duration="00:00:00.6538680" startTime="2025-09-08T17:20:40.5385126-04:00" endTime="2025-09-08T17:20:40.5385129-04:00" testType="13cdc9d9-ddb5-4fa4-a97d-d965ccfc6d4b" outcome="Passed" testListId="8c84fa94-04c1-424b-9868-57a2d4851a1d" relativeResultsDirectory="6cdc406b-6295-4f4a-a3c8-48cd80a532b5" />
    <UnitTestResult executionId="5813ba44-11bd-4134-8c0d-9a18a1fddd8c" testId="ee807b8f-2fe2-481c-1056-695335dac54f" testName="LankaConnect.Application.Tests.Auth.RegisterUserHandlerTests.Handle_ShouldSetEmailVerificationToken" computerName="LAPTOP-23VGHTR6" duration="00:00:00.0514637" startTime="2025-09-08T17:20:40.2210643-04:00" endTime="2025-09-08T17:20:40.2210647-04:00" testType="13cdc9d9-ddb5-4fa4-a97d-d965ccfc6d4b" outcome="Passed" testListId="8c84fa94-04c1-424b-9868-57a2d4851a1d" relativeResultsDirectory="5813ba44-11bd-4134-8c0d-9a18a1fddd8c" />
    <UnitTestResult executionId="deadc003-2719-4cf2-91d4-5307c38c0691" testId="f76c97d7-615b-48e1-bad8-2dbe1a0d0eb6" testName="LankaConnect.Application.Tests.Validators.CreateUserCommandValidatorTests.Validate_WithInvalidPhoneNumber_ShouldHavePhoneNumberError(phoneNumber: &quot;invalid-phone&quot;)" computerName="LAPTOP-23VGHTR6" duration="00:00:00.0019094" startTime="2025-09-08T17:20:39.9672723-04:00" endTime="2025-09-08T17:20:39.9672725-04:00" testType="13cdc9d9-ddb5-4fa4-a97d-d965ccfc6d4b" outcome="Passed" testListId="8c84fa94-04c1-424b-9868-57a2d4851a1d" relativeResultsDirectory="deadc003-2719-4cf2-91d4-5307c38c0691" />
    <UnitTestResult executionId="ea4dc07d-034f-4085-8ac1-9080408a6c17" testId="3ebf3986-3317-3676-3c98-061973523421" testName="LankaConnect.Application.Tests.Mappings.UserMappingProfileTests.Map_UserWithoutOptionalFields_ShouldMapWithNulls" computerName="LAPTOP-23VGHTR6" duration="00:00:00.0081159" startTime="2025-09-08T17:20:40.5537528-04:00" endTime="2025-09-08T17:20:40.5537535-04:00" testType="13cdc9d9-ddb5-4fa4-a97d-d965ccfc6d4b" outcome="Passed" testListId="8c84fa94-04c1-424b-9868-57a2d4851a1d" relativeResultsDirectory="ea4dc07d-034f-4085-8ac1-9080408a6c17" />
    <UnitTestResult executionId="791c9aaf-5371-45de-aff3-c37770cb12a8" testId="a7cced4f-2eb8-f098-af54-cc200a571cd6" testName="LankaConnect.Application.Tests.Mappings.UserMappingProfileTests.Map_UserToUserDto_ShouldPreserveDateTimeKind" computerName="LAPTOP-23VGHTR6" duration="00:00:00.0084901" startTime="2025-09-08T17:20:40.5702699-04:00" endTime="2025-09-08T17:20:40.5702702-04:00" testType="13cdc9d9-ddb5-4fa4-a97d-d965ccfc6d4b" outcome="Passed" testListId="8c84fa94-04c1-424b-9868-57a2d4851a1d" relativeResultsDirectory="791c9aaf-5371-45de-aff3-c37770cb12a8" />
    <UnitTestResult executionId="c8e34d2a-aef2-474d-a9c0-3d12b26d3d7a" testId="1a53e7cc-3421-ab28-902f-2dfa7a29a70d" testName="LankaConnect.Application.Tests.Behaviors.LoggingPipelineBehaviorTests.Handle_WithMultipleErrors_ShouldLogAllErrors" computerName="LAPTOP-23VGHTR6" duration="00:00:00.0072077" startTime="2025-09-08T17:20:40.5564354-04:00" endTime="2025-09-08T17:20:40.5564356-04:00" testType="13cdc9d9-ddb5-4fa4-a97d-d965ccfc6d4b" outcome="Passed" testListId="8c84fa94-04c1-424b-9868-57a2d4851a1d" relativeResultsDirectory="c8e34d2a-aef2-474d-a9c0-3d12b26d3d7a" />
    <UnitTestResult executionId="729532e0-1155-419c-b607-557d5aa10fb8" testId="97d41b49-2b7c-1f8f-da5b-1ed11efc8b1e" testName="LankaConnect.Application.Tests.Users.Commands.CreateUserCommandHandlerTests.Handle_WhenEmailAlreadyExists_ShouldReturnFailure" computerName="LAPTOP-23VGHTR6" duration="00:00:00.0087574" startTime="2025-09-08T17:20:40.5258474-04:00" endTime="2025-09-08T17:20:40.5258476-04:00" testType="13cdc9d9-ddb5-4fa4-a97d-d965ccfc6d4b" outcome="Passed" testListId="8c84fa94-04c1-424b-9868-57a2d4851a1d" relativeResultsDirectory="729532e0-1155-419c-b607-557d5aa10fb8" />
    <UnitTestResult executionId="835e05c1-ab9c-4223-b887-d2409fb60b89" testId="097bd678-1cd7-d33e-aae7-3d47a27f9a63" testName="LankaConnect.Application.Tests.Communications.Queries.GetEmailStatusQueryHandlerTests.Handle_WithInvalidPageNumber_ShouldReturnFailure" computerName="LAPTOP-23VGHTR6" duration="00:00:00.0015493" startTime="2025-09-08T17:20:40.4560744-04:00" endTime="2025-09-08T17:20:40.4560747-04:00" testType="13cdc9d9-ddb5-4fa4-a97d-d965ccfc6d4b" outcome="Passed" testListId="8c84fa94-04c1-424b-9868-57a2d4851a1d" relativeResultsDirectory="835e05c1-ab9c-4223-b887-d2409fb60b89" />
    <UnitTestResult executionId="29704497-f68c-45e8-a3c0-c2134ee39544" testId="7f9ca4e8-51e6-d2e8-5cd1-457bffed0183" testName="LankaConnect.Application.Tests.Businesses.Commands.UpdateBusinessCommandHandlerTests.Handle_WithVariousUsPhoneFormats_ShouldUpdateSuccessfully(phoneNumber: &quot;+1-800-555-0199&quot;)" computerName="LAPTOP-23VGHTR6" duration="00:00:00.0053030" startTime="2025-09-08T17:20:40.4877136-04:00" endTime="2025-09-08T17:20:40.4877141-04:00" testType="13cdc9d9-ddb5-4fa4-a97d-d965ccfc6d4b" outcome="Passed" testListId="8c84fa94-04c1-424b-9868-57a2d4851a1d" relativeResultsDirectory="29704497-f68c-45e8-a3c0-c2134ee39544" />
    <UnitTestResult executionId="8548f449-8afd-4b45-9aa5-1b59ce727959" testId="d02b2211-b0bf-5635-a16e-08a6b0055990" testName="LankaConnect.Application.Tests.Mappings.BusinessMappingProfileTests.Map_BusinessToBusinessDto_ShouldHandleWebsiteCorrectly" computerName="LAPTOP-23VGHTR6" duration="00:00:00.0482078" startTime="2025-09-08T17:20:40.5885129-04:00" endTime="2025-09-08T17:20:40.5885134-04:00" testType="13cdc9d9-ddb5-4fa4-a97d-d965ccfc6d4b" outcome="Passed" testListId="8c84fa94-04c1-424b-9868-57a2d4851a1d" relativeResultsDirectory="8548f449-8afd-4b45-9aa5-1b59ce727959" />
    <UnitTestResult executionId="e7fc779d-1abc-4068-bc6e-c768d002fcc0" testId="fddc6144-9aa1-9a61-b22e-59ab9a5e113a" testName="LankaConnect.Application.Tests.Businesses.Commands.CreateBusinessCommandHandlerTests.Handle_WithCancellationToken_ShouldPassTokenToRepository" computerName="LAPTOP-23VGHTR6" duration="00:00:00.0059950" startTime="2025-09-08T17:20:40.1264059-04:00" endTime="2025-09-08T17:20:40.1264063-04:00" testType="13cdc9d9-ddb5-4fa4-a97d-d965ccfc6d4b" outcome="Passed" testListId="8c84fa94-04c1-424b-9868-57a2d4851a1d" relativeResultsDirectory="e7fc779d-1abc-4068-bc6e-c768d002fcc0" />
    <UnitTestResult executionId="af62431d-b49a-4da5-8ed8-cb9beec341fb" testId="3cbd82b9-a0c9-c1ba-cdf4-2f8eb2374f2c" testName="LankaConnect.Application.Tests.Businesses.Commands.AddServiceCommandHandlerTests.Handle_WithInvalidServiceName_ShouldReturnFailureResult(invalidName: &quot;&quot;)" computerName="LAPTOP-23VGHTR6" duration="00:00:00.0044275" startTime="2025-09-08T17:20:40.5501222-04:00" endTime="2025-09-08T17:20:40.5501224-04:00" testType="13cdc9d9-ddb5-4fa4-a97d-d965ccfc6d4b" outcome="Passed" testListId="8c84fa94-04c1-424b-9868-57a2d4851a1d" relativeResultsDirectory="af62431d-b49a-4da5-8ed8-cb9beec341fb" />
    <UnitTestResult executionId="b1f74b44-3d7c-42b1-a2e9-cac2c35a8d9c" testId="53a7467b-8e8d-6d34-5c34-04f77a462ed9" testName="LankaConnect.Application.Tests.Mappings.UserMappingProfileTests.Map_UserToUserDto_ShouldMapAllProperties" computerName="LAPTOP-23VGHTR6" duration="00:00:00.0277321" startTime="2025-09-08T17:20:40.5050648-04:00" endTime="2025-09-08T17:20:40.5050650-04:00" testType="13cdc9d9-ddb5-4fa4-a97d-d965ccfc6d4b" outcome="Passed" testListId="8c84fa94-04c1-424b-9868-57a2d4851a1d" relativeResultsDirectory="b1f74b44-3d7c-42b1-a2e9-cac2c35a8d9c" />
    <UnitTestResult executionId="80c0b559-0e7a-416a-b99d-b8c94100e39e" testId="5be4f516-4f57-76bb-a39d-3751214e1048" testName="LankaConnect.Application.Tests.Validators.CreateUserCommandValidatorTests.Validate_WithValidBio_ShouldNotHaveError" computerName="LAPTOP-23VGHTR6" duration="00:00:00.0010877" startTime="2025-09-08T17:20:40.0543552-04:00" endTime="2025-09-08T17:20:40.0543558-04:00" testType="13cdc9d9-ddb5-4fa4-a97d-d965ccfc6d4b" outcome="Passed" testListId="8c84fa94-04c1-424b-9868-57a2d4851a1d" relativeResultsDirectory="80c0b559-0e7a-416a-b99d-b8c94100e39e" />
    <UnitTestResult executionId="3b594ba3-47f0-40d2-bb2c-ea42e31ebca3" testId="cb754688-2c5c-025b-093d-300fe523e57c" testName="LankaConnect.Application.Tests.Businesses.Commands.UpdateBusinessCommandHandlerTests.Handle_WithVariousUsPhoneFormats_ShouldUpdateSuccessfully(phoneNumber: &quot;+1-555-123-4567&quot;)" computerName="LAPTOP-23VGHTR6" duration="00:00:00.0102688" startTime="2025-09-08T17:20:40.4827952-04:00" endTime="2025-09-08T17:20:40.4827955-04:00" testType="13cdc9d9-ddb5-4fa4-a97d-d965ccfc6d4b" outcome="Passed" testListId="8c84fa94-04c1-424b-9868-57a2d4851a1d" relativeResultsDirectory="3b594ba3-47f0-40d2-bb2c-ea42e31ebca3" />
    <UnitTestResult executionId="5bf782bb-d9a3-4bdb-a12f-8bd374eee833" testId="5fd47cde-33f5-60eb-cfdb-214a07e1895c" testName="LankaConnect.Application.Tests.Users.Queries.GetUserByIdQueryHandlerTests.Handle_WithValidRequest_ShouldCallRepositoryOnce" computerName="LAPTOP-23VGHTR6" duration="00:00:00.0392641" startTime="2025-09-08T17:20:40.1213791-04:00" endTime="2025-09-08T17:20:40.1213793-04:00" testType="13cdc9d9-ddb5-4fa4-a97d-d965ccfc6d4b" outcome="Passed" testListId="8c84fa94-04c1-424b-9868-57a2d4851a1d" relativeResultsDirectory="5bf782bb-d9a3-4bdb-a12f-8bd374eee833" />
    <UnitTestResult executionId="4e9d7dd3-5c20-4afb-81d9-5e8a984a4ee6" testId="14d40842-2a9b-fc46-fd09-563c714a0529" testName="LankaConnect.Application.Tests.Validators.CreateUserCommandValidatorTests.Validate_WithInvalidPhoneNumber_ShouldHavePhoneNumberError(phoneNumber: &quot;++94771234567&quot;)" computerName="LAPTOP-23VGHTR6" duration="00:00:00.0006333" startTime="2025-09-08T17:20:39.9696477-04:00" endTime="2025-09-08T17:20:39.9696479-04:00" testType="13cdc9d9-ddb5-4fa4-a97d-d965ccfc6d4b" outcome="Passed" testListId="8c84fa94-04c1-424b-9868-57a2d4851a1d" relativeResultsDirectory="4e9d7dd3-5c20-4afb-81d9-5e8a984a4ee6" />
    <UnitTestResult executionId="fcf98952-cdd8-46c9-8f9d-10ffa2604b72" testId="a3f571ed-7133-34a2-4b93-3ba9fadfd765" testName="LankaConnect.Application.Tests.Auth.LoginUserHandlerTests.Handle_WithNonExistentUser_ShouldReturnFailure" computerName="LAPTOP-23VGHTR6" duration="00:00:00.0038194" startTime="2025-09-08T17:20:40.4403605-04:00" endTime="2025-09-08T17:20:40.4403607-04:00" testType="13cdc9d9-ddb5-4fa4-a97d-d965ccfc6d4b" outcome="Passed" testListId="8c84fa94-04c1-424b-9868-57a2d4851a1d" relativeResultsDirectory="fcf98952-cdd8-46c9-8f9d-10ffa2604b72" />
    <UnitTestResult executionId="d19e3a79-1feb-48ad-a83d-3d8d80c80ca2" testId="e512b37c-9592-3f99-067b-6aa2487d71cd" testName="LankaConnect.Application.Tests.Auth.LoginUserHandlerTests.Handle_WithLockedAccount_ShouldReturnFailure" computerName="LAPTOP-23VGHTR6" duration="00:00:00.0267509" startTime="2025-09-08T17:20:40.3838109-04:00" endTime="2025-09-08T17:20:40.3838111-04:00" testType="13cdc9d9-ddb5-4fa4-a97d-d965ccfc6d4b" outcome="Passed" testListId="8c84fa94-04c1-424b-9868-57a2d4851a1d" relativeResultsDirectory="d19e3a79-1feb-48ad-a83d-3d8d80c80ca2" />
    <UnitTestResult executionId="1c87b651-ec58-4f75-8c52-9b929f21470b" testId="a0b916fc-43f9-f3b5-9133-2f15badd5dc3" testName="LankaConnect.Application.Tests.Businesses.Commands.DeleteBusinessCommandHandlerTests.Handle_WhenBusinessNotFound_ShouldThrowBusinessNotFoundException" computerName="LAPTOP-23VGHTR6" duration="00:00:00.0221267" startTime="2025-09-08T17:20:40.3822349-04:00" endTime="2025-09-08T17:20:40.3822353-04:00" testType="13cdc9d9-ddb5-4fa4-a97d-d965ccfc6d4b" outcome="Passed" testListId="8c84fa94-04c1-424b-9868-57a2d4851a1d" relativeResultsDirectory="1c87b651-ec58-4f75-8c52-9b929f21470b" />
    <UnitTestResult executionId="b78a3c79-c455-47c6-98e3-96d11c716c73" testId="ad5583b9-3151-f13c-7d2f-3676e709db00" testName="LankaConnect.Application.Tests.Businesses.Commands.DeleteBusinessCommandHandlerTests.Handle_WithValidBusinessId_ShouldDeleteBusinessSuccessfully" computerName="LAPTOP-23VGHTR6" duration="00:00:00.0594035" startTime="2025-09-08T17:20:40.2655735-04:00" endTime="2025-09-08T17:20:40.2655737-04:00" testType="13cdc9d9-ddb5-4fa4-a97d-d965ccfc6d4b" outcome="Passed" testListId="8c84fa94-04c1-424b-9868-57a2d4851a1d" relativeResultsDirectory="b78a3c79-c455-47c6-98e3-96d11c716c73" />
    <UnitTestResult executionId="74ffd2a9-1b8b-4e7d-a76e-b9d109d2a429" testId="9c17067b-5c35-43fd-5705-9993167b8d44" testName="LankaConnect.Application.Tests.Validators.CreateUserCommandValidatorTests.Validate_WithInvalidEmail_ShouldHaveEmailError(email: null)" computerName="LAPTOP-23VGHTR6" duration="00:00:00.0013416" startTime="2025-09-08T17:20:39.9890051-04:00" endTime="2025-09-08T17:20:39.9890053-04:00" testType="13cdc9d9-ddb5-4fa4-a97d-d965ccfc6d4b" outcome="Passed" testListId="8c84fa94-04c1-424b-9868-57a2d4851a1d" relativeResultsDirectory="74ffd2a9-1b8b-4e7d-a76e-b9d109d2a429" />
    <UnitTestResult executionId="f69ff337-93ff-4955-93cb-cba499084bae" testId="8dca8689-a60f-1245-d922-6c90c6b7f8ee" testName="LankaConnect.Application.Tests.Auth.RegisterUserHandlerTests.Handle_WithEmptyRequiredFields_ShouldReturnFailure(email: &quot;test@example.com&quot;, password: &quot;&quot;, firstName: &quot;John&quot;, lastName: &quot;Doe&quot;)" computerName="LAPTOP-23VGHTR6" duration="00:00:00.0003491" startTime="2025-09-08T17:20:40.2617818-04:00" endTime="2025-09-08T17:20:40.2617819-04:00" testType="13cdc9d9-ddb5-4fa4-a97d-d965ccfc6d4b" outcome="Passed" testListId="8c84fa94-04c1-424b-9868-57a2d4851a1d" relativeResultsDirectory="f69ff337-93ff-4955-93cb-cba499084bae" />
    <UnitTestResult executionId="4ef620d9-0b0c-45ff-a9dc-1f022c45fe79" testId="b0078b34-513a-06f9-0ffe-35505225c6db" testName="LankaConnect.Application.Tests.Auth.RegisterUserHandlerTests.Handle_WithDifferentRoles_ShouldCreateUserWithCorrectRole(role: User)" computerName="LAPTOP-23VGHTR6" duration="00:00:00.0055057" startTime="2025-09-08T17:20:40.2751634-04:00" endTime="2025-09-08T17:20:40.2751635-04:00" testType="13cdc9d9-ddb5-4fa4-a97d-d965ccfc6d4b" outcome="Passed" testListId="8c84fa94-04c1-424b-9868-57a2d4851a1d" relativeResultsDirectory="4ef620d9-0b0c-45ff-a9dc-1f022c45fe79" />
    <UnitTestResult executionId="04c7b62e-9d06-49b3-b06c-c5e7227831ff" testId="ec98f02f-fee2-cfb4-760c-96c1ecea1220" testName="LankaConnect.Application.Tests.Mappings.BusinessMappingProfileTests.Map_BusinessToBusinessDto_ShouldPreserveContactInformation" computerName="LAPTOP-23VGHTR6" duration="00:00:00.0687989" startTime="2025-09-08T17:20:40.2668620-04:00" endTime="2025-09-08T17:20:40.2668622-04:00" testType="13cdc9d9-ddb5-4fa4-a97d-d965ccfc6d4b" outcome="Passed" testListId="8c84fa94-04c1-424b-9868-57a2d4851a1d" relativeResultsDirectory="04c7b62e-9d06-49b3-b06c-c5e7227831ff" />
    <UnitTestResult executionId="44ad5dd8-f458-4c51-bb7d-e46a2661191e" testId="c5fd952d-f04d-f657-a9b6-1d0e06ddbfb9" testName="LankaConnect.Application.Tests.Businesses.Commands.DeleteBusinessCommandHandlerTests.Handle_WhenUnitOfWorkFails_ShouldPropagateException" computerName="LAPTOP-23VGHTR6" duration="00:00:00.0151570" startTime="2025-09-08T17:20:40.2770025-04:00" endTime="2025-09-08T17:20:40.2770027-04:00" testType="13cdc9d9-ddb5-4fa4-a97d-d965ccfc6d4b" outcome="Passed" testListId="8c84fa94-04c1-424b-9868-57a2d4851a1d" relativeResultsDirectory="44ad5dd8-f458-4c51-bb7d-e46a2661191e" />
    <UnitTestResult executionId="40152dd2-1acb-47a4-892f-e99474d966a8" testId="09fc3fc5-7b1a-3675-f0d0-1003577e03b1" testName="LankaConnect.Application.Tests.Businesses.Commands.AddServiceCommandHandlerTests.Handle_WithInvalidPrice_ShouldThrowInvalidOperationException(invalidPrice: -100)" computerName="LAPTOP-23VGHTR6" duration="00:00:00.0052479" startTime="2025-09-08T17:20:40.5391914-04:00" endTime="2025-09-08T17:20:40.5391917-04:00" testType="13cdc9d9-ddb5-4fa4-a97d-d965ccfc6d4b" outcome="Passed" testListId="8c84fa94-04c1-424b-9868-57a2d4851a1d" relativeResultsDirectory="40152dd2-1acb-47a4-892f-e99474d966a8" />
    <UnitTestResult executionId="00b02ead-39d6-4c67-9009-2d75ae7c827d" testId="67326c1c-0ef3-8cd3-b8e8-7eb52a6596b8" testName="LankaConnect.Application.Tests.Validators.CreateUserCommandValidatorTests.Validate_WithInvalidFirstName_ShouldHaveFirstNameError(firstName: null)" computerName="LAPTOP-23VGHTR6" duration="00:00:00.0005945" startTime="2025-09-08T17:20:40.0683794-04:00" endTime="2025-09-08T17:20:40.0683797-04:00" testType="13cdc9d9-ddb5-4fa4-a97d-d965ccfc6d4b" outcome="Passed" testListId="8c84fa94-04c1-424b-9868-57a2d4851a1d" relativeResultsDirectory="00b02ead-39d6-4c67-9009-2d75ae7c827d" />
    <UnitTestResult executionId="df1bd029-b2a7-413e-9220-38658c4829cc" testId="0aa762c6-531b-10df-10d5-238dd224ede6" testName="LankaConnect.Application.Tests.Validators.CreateUserCommandValidatorTests.Validate_WithInvalidEmail_ShouldHaveEmailError(email: &quot;&quot;)" computerName="LAPTOP-23VGHTR6" duration="00:00:00.0012537" startTime="2025-09-08T17:20:39.9905504-04:00" endTime="2025-09-08T17:20:39.9905508-04:00" testType="13cdc9d9-ddb5-4fa4-a97d-d965ccfc6d4b" outcome="Passed" testListId="8c84fa94-04c1-424b-9868-57a2d4851a1d" relativeResultsDirectory="df1bd029-b2a7-413e-9220-38658c4829cc" />
    <UnitTestResult executionId="128f417d-adca-4a87-a9ce-3240192c7359" testId="a7e7eea8-886b-a6ee-c305-0b8a3d24a157" testName="LankaConnect.Application.Tests.Validators.CreateUserCommandValidatorTests.Validate_WithValidFirstNames_ShouldNotHaveError(firstName: &quot;john&quot;)" computerName="LAPTOP-23VGHTR6" duration="00:00:00.0012343" startTime="2025-09-08T17:20:40.0317886-04:00" endTime="2025-09-08T17:20:40.0317890-04:00" testType="13cdc9d9-ddb5-4fa4-a97d-d965ccfc6d4b" outcome="Passed" testListId="8c84fa94-04c1-424b-9868-57a2d4851a1d" relativeResultsDirectory="128f417d-adca-4a87-a9ce-3240192c7359" />
    <UnitTestResult executionId="2f44405b-0308-446e-b87d-5f1abf41b7e5" testId="870e148a-b334-ce13-28ed-182c7cb43af6" testName="LankaConnect.Application.Tests.Auth.LoginUserHandlerTests.Handle_WithTokenGenerationFailure_ShouldReturnFailure" computerName="LAPTOP-23VGHTR6" duration="00:00:00.0078156" startTime="2025-09-08T17:20:40.3967611-04:00" endTime="2025-09-08T17:20:40.3967613-04:00" testType="13cdc9d9-ddb5-4fa4-a97d-d965ccfc6d4b" outcome="Passed" testListId="8c84fa94-04c1-424b-9868-57a2d4851a1d" relativeResultsDirectory="2f44405b-0308-446e-b87d-5f1abf41b7e5" />
    <UnitTestResult executionId="f42e47f7-c2fa-40e4-aa8a-c98f2ed8b605" testId="c64f587d-2d06-d49d-7f4a-c44079c44af9" testName="LankaConnect.Application.Tests.Users.Queries.GetUserByIdQueryHandlerTests.Handle_WithExistingUser_ShouldReturnUserDto" computerName="LAPTOP-23VGHTR6" duration="00:00:00.0100544" startTime="2025-09-08T17:20:40.1586032-04:00" endTime="2025-09-08T17:20:40.1586037-04:00" testType="13cdc9d9-ddb5-4fa4-a97d-d965ccfc6d4b" outcome="Passed" testListId="8c84fa94-04c1-424b-9868-57a2d4851a1d" relativeResultsDirectory="f42e47f7-c2fa-40e4-aa8a-c98f2ed8b605" />
    <UnitTestResult executionId="4aa403e2-cc52-41e2-8105-afb3e18ece6b" testId="f033fbb9-7c98-10bf-05bc-fbca1d6a1543" testName="LankaConnect.Application.Tests.Businesses.Queries.GetBusinessQueryHandlerTests.Handle_WhenRepositoryThrows_ShouldPropagateException" computerName="LAPTOP-23VGHTR6" duration="00:00:00.0234462" startTime="2025-09-08T17:20:40.4840330-04:00" endTime="2025-09-08T17:20:40.4840332-04:00" testType="13cdc9d9-ddb5-4fa4-a97d-d965ccfc6d4b" outcome="Passed" testListId="8c84fa94-04c1-424b-9868-57a2d4851a1d" relativeResultsDirectory="4aa403e2-cc52-41e2-8105-afb3e18ece6b" />
    <UnitTestResult executionId="7ed59d32-9efc-41bf-806f-bdf6e8253cc2" testId="871c8004-b7bf-0d5a-1bbb-a2084aa52c65" testName="LankaConnect.Application.Tests.Auth.LoginUserHandlerTests.Handle_WithDatabaseException_ShouldReturnFailure" computerName="LAPTOP-23VGHTR6" duration="00:00:00.0038913" startTime="2025-09-08T17:20:40.4738221-04:00" endTime="2025-09-08T17:20:40.4738224-04:00" testType="13cdc9d9-ddb5-4fa4-a97d-d965ccfc6d4b" outcome="Passed" testListId="8c84fa94-04c1-424b-9868-57a2d4851a1d" relativeResultsDirectory="7ed59d32-9efc-41bf-806f-bdf6e8253cc2" />
    <UnitTestResult executionId="299ca7f3-891c-47a4-ba03-0c016ef32bf1" testId="df1c7772-8d3f-de09-a0ef-390302cc0ec2" testName="LankaConnect.Application.Tests.Common.ExceptionHandlingTests.NotFoundException_WithNullOrWhitespaceMessage_ShouldHandleGracefully(message: &quot;&quot;)" computerName="LAPTOP-23VGHTR6" duration="00:00:00.0000223" startTime="2025-09-08T17:20:39.9103850-04:00" endTime="2025-09-08T17:20:39.9103854-04:00" testType="13cdc9d9-ddb5-4fa4-a97d-d965ccfc6d4b" outcome="Passed" testListId="8c84fa94-04c1-424b-9868-57a2d4851a1d" relativeResultsDirectory="299ca7f3-891c-47a4-ba03-0c016ef32bf1" />
    <UnitTestResult executionId="6ed1cfef-5af7-44e6-b573-b2c777d0e730" testId="349a8787-88c8-73d5-e46a-2e9104d664c1" testName="LankaConnect.Application.Tests.Users.Commands.CreateUserCommandHandlerTests.Handle_WithCancellationRequested_ShouldThrowOperationCancelledException" computerName="LAPTOP-23VGHTR6" duration="00:00:00.0156279" startTime="2025-09-08T17:20:40.4775198-04:00" endTime="2025-09-08T17:20:40.4775201-04:00" testType="13cdc9d9-ddb5-4fa4-a97d-d965ccfc6d4b" outcome="Passed" testListId="8c84fa94-04c1-424b-9868-57a2d4851a1d" relativeResultsDirectory="6ed1cfef-5af7-44e6-b573-b2c777d0e730" />
    <UnitTestResult executionId="cc878106-54ae-49eb-8bdc-c0135622597d" testId="aa4309f1-c6fd-9885-973e-dd889dbfc395" testName="LankaConnect.Application.Tests.Businesses.Commands.UploadBusinessImageCommandTests.Handle_WithNonExistentBusiness_ShouldReturnFailure" computerName="LAPTOP-23VGHTR6" duration="00:00:00.0082971" startTime="2025-09-08T17:20:40.2807422-04:00" endTime="2025-09-08T17:20:40.2807424-04:00" testType="13cdc9d9-ddb5-4fa4-a97d-d965ccfc6d4b" outcome="Passed" testListId="8c84fa94-04c1-424b-9868-57a2d4851a1d" relativeResultsDirectory="cc878106-54ae-49eb-8bdc-c0135622597d" />
    <UnitTestResult executionId="6f2b237e-adf8-44f3-8f41-6aac3a3b2176" testId="2dcbf03e-c294-c2d6-d86b-2a77bdf7c0fc" testName="LankaConnect.Application.Tests.Mappings.UserMappingProfileTests.Map_MultipleUsers_ShouldMaintainOrder" computerName="LAPTOP-23VGHTR6" duration="00:00:00.0103276" startTime="2025-09-08T17:20:40.5447636-04:00" endTime="2025-09-08T17:20:40.5447639-04:00" testType="13cdc9d9-ddb5-4fa4-a97d-d965ccfc6d4b" outcome="Passed" testListId="8c84fa94-04c1-424b-9868-57a2d4851a1d" relativeResultsDirectory="6f2b237e-adf8-44f3-8f41-6aac3a3b2176" />
    <UnitTestResult executionId="c88a56f5-8aac-49ff-974a-3b53244ce475" testId="4da1fd6c-0efc-688b-cf3a-a3dd8785eca3" testName="LankaConnect.Application.Tests.Mappings.UserMappingProfileTests.Map_UserToUserDto_ShouldHandleEmailValueObjectCorrectly" computerName="LAPTOP-23VGHTR6" duration="00:00:00.0183946" startTime="2025-09-08T17:20:40.5805393-04:00" endTime="2025-09-08T17:20:40.5805395-04:00" testType="13cdc9d9-ddb5-4fa4-a97d-d965ccfc6d4b" outcome="Passed" testListId="8c84fa94-04c1-424b-9868-57a2d4851a1d" relativeResultsDirectory="c88a56f5-8aac-49ff-974a-3b53244ce475" />
    <UnitTestResult executionId="6cb0c646-469a-4336-a2ab-8688575c266a" testId="9047c013-3a20-8c0b-f249-5e2e45abdcdc" testName="LankaConnect.Application.Tests.Common.ExceptionHandlingTests.NotFoundException_WithSpecialCharacters_ShouldPreserveMessage" computerName="LAPTOP-23VGHTR6" duration="00:00:00.0013392" startTime="2025-09-08T17:20:39.9441927-04:00" endTime="2025-09-08T17:20:39.9441930-04:00" testType="13cdc9d9-ddb5-4fa4-a97d-d965ccfc6d4b" outcome="Passed" testListId="8c84fa94-04c1-424b-9868-57a2d4851a1d" relativeResultsDirectory="6cb0c646-469a-4336-a2ab-8688575c266a" />
    <UnitTestResult executionId="20929a5e-8f49-4f2e-a675-18267203a0c9" testId="aa405a09-4884-83fc-10cf-254abfa50294" testName="LankaConnect.Application.Tests.Behaviors.ValidationPipelineBehaviorTests.Handle_WithNoValidators_ShouldCallNext" computerName="LAPTOP-23VGHTR6" duration="00:00:00.0036400" startTime="2025-09-08T17:20:40.1467196-04:00" endTime="2025-09-08T17:20:40.1467201-04:00" testType="13cdc9d9-ddb5-4fa4-a97d-d965ccfc6d4b" outcome="Passed" testListId="8c84fa94-04c1-424b-9868-57a2d4851a1d" relativeResultsDirectory="20929a5e-8f49-4f2e-a675-18267203a0c9" />
    <UnitTestResult executionId="02867833-3ae8-47c9-b9b5-7e4d8b28a2b6" testId="8960551e-4159-27e3-f872-7f6e83b6e1e7" testName="LankaConnect.Application.Tests.Validators.CreateUserCommandValidatorTests.Validate_WithInvalidEmail_ShouldHaveEmailError(email: &quot; &quot;)" computerName="LAPTOP-23VGHTR6" duration="00:00:00.0006177" startTime="2025-09-08T17:20:39.9933209-04:00" endTime="2025-09-08T17:20:39.9933212-04:00" testType="13cdc9d9-ddb5-4fa4-a97d-d965ccfc6d4b" outcome="Passed" testListId="8c84fa94-04c1-424b-9868-57a2d4851a1d" relativeResultsDirectory="02867833-3ae8-47c9-b9b5-7e4d8b28a2b6" />
    <UnitTestResult executionId="389307df-28ce-409d-9aa3-7bd0e6bbacd8" testId="f895f749-5418-0480-bde7-6aba62631f38" testName="LankaConnect.Application.Tests.Mappings.BusinessMappingProfileTests.Configuration_ShouldBeValid" computerName="LAPTOP-23VGHTR6" duration="00:00:00.1040829" startTime="2025-09-08T17:20:40.5294607-04:00" endTime="2025-09-08T17:20:40.5294610-04:00" testType="13cdc9d9-ddb5-4fa4-a97d-d965ccfc6d4b" outcome="Passed" testListId="8c84fa94-04c1-424b-9868-57a2d4851a1d" relativeResultsDirectory="389307df-28ce-409d-9aa3-7bd0e6bbacd8" />
    <UnitTestResult executionId="b6c7ec74-56c6-4dec-b928-c703f1a7cb88" testId="e15169eb-81c6-ba43-caad-cc19d6d85d75" testName="LankaConnect.Application.Tests.Communications.Queries.GetEmailStatusQueryHandlerTests.Handle_WithValidQuery_ShouldReturnEmailStatus" computerName="LAPTOP-23VGHTR6" duration="00:00:00.0110622" startTime="2025-09-08T17:20:40.4489662-04:00" endTime="2025-09-08T17:20:40.4489664-04:00" testType="13cdc9d9-ddb5-4fa4-a97d-d965ccfc6d4b" outcome="Passed" testListId="8c84fa94-04c1-424b-9868-57a2d4851a1d" relativeResultsDirectory="b6c7ec74-56c6-4dec-b928-c703f1a7cb88" />
    <UnitTestResult executionId="60b07927-edf9-423d-b89f-e43f92d16d2a" testId="bff2cf66-ec33-af63-444f-613870e50746" testName="LankaConnect.Application.Tests.Users.Commands.CreateUserCommandHandlerTests.Handle_WhenUnitOfWorkFails_ShouldPropagateException" computerName="LAPTOP-23VGHTR6" duration="00:00:00.0336651" startTime="2025-09-08T17:20:40.4070961-04:00" endTime="2025-09-08T17:20:40.4070964-04:00" testType="13cdc9d9-ddb5-4fa4-a97d-d965ccfc6d4b" outcome="Passed" testListId="8c84fa94-04c1-424b-9868-57a2d4851a1d" relativeResultsDirectory="60b07927-edf9-423d-b89f-e43f92d16d2a" />
    <UnitTestResult executionId="ba2014a4-2e28-4465-8ce7-91c8a8ed9967" testId="4bdfb67c-0c68-6a7f-c05b-10c787b373da" testName="LankaConnect.Application.Tests.Validators.CreateUserCommandValidatorTests.Validate_WithBioTooLong_ShouldHaveBioLengthError" computerName="LAPTOP-23VGHTR6" duration="00:00:00.0011156" startTime="2025-09-08T17:20:40.0848088-04:00" endTime="2025-09-08T17:20:40.0848089-04:00" testType="13cdc9d9-ddb5-4fa4-a97d-d965ccfc6d4b" outcome="Passed" testListId="8c84fa94-04c1-424b-9868-57a2d4851a1d" relativeResultsDirectory="ba2014a4-2e28-4465-8ce7-91c8a8ed9967" />
    <UnitTestResult executionId="b781647f-713d-4272-a0cf-cf1315c1624e" testId="42cdf0bc-4d67-6c1f-808f-bf987d3a8376" testName="LankaConnect.Application.Tests.Businesses.Commands.DeleteBusinessCommandHandlerTests.Handle_WithEmptyGuid_ShouldThrowBusinessNotFoundException" computerName="LAPTOP-23VGHTR6" duration="00:00:00.0080750" startTime="2025-09-08T17:20:40.3941020-04:00" endTime="2025-09-08T17:20:40.3941022-04:00" testType="13cdc9d9-ddb5-4fa4-a97d-d965ccfc6d4b" outcome="Passed" testListId="8c84fa94-04c1-424b-9868-57a2d4851a1d" relativeResultsDirectory="b781647f-713d-4272-a0cf-cf1315c1624e" />
    <UnitTestResult executionId="d7b2c776-2997-4c33-9ff1-768193aa1be3" testId="8082864e-e791-6ee0-32fd-884a3d2b4996" testName="LankaConnect.Application.Tests.Businesses.Commands.AddServiceCommandHandlerTests.Handle_WithVariousUsRestaurantServices_ShouldAddSuccessfully(serviceName: &quot;Catering Package&quot;, description: &quot;Full-service catering for events up to 50 people&quot;, price: 450)" computerName="LAPTOP-23VGHTR6" duration="00:00:00.0048195" startTime="2025-09-08T17:20:40.5270556-04:00" endTime="2025-09-08T17:20:40.5270558-04:00" testType="13cdc9d9-ddb5-4fa4-a97d-d965ccfc6d4b" outcome="Passed" testListId="8c84fa94-04c1-424b-9868-57a2d4851a1d" relativeResultsDirectory="d7b2c776-2997-4c33-9ff1-768193aa1be3" />
    <UnitTestResult executionId="2371b4f6-6164-40e2-b671-d48f585f6131" testId="7c006e39-6ed5-91b3-faa3-01dd5e533a90" testName="LankaConnect.Application.Tests.Behaviors.ValidationPipelineBehaviorTests.Handle_WithMultipleValidatorsHavingErrors_ShouldCombineAllErrors" computerName="LAPTOP-23VGHTR6" duration="00:00:00.0061373" startTime="2025-09-08T17:20:40.1429082-04:00" endTime="2025-09-08T17:20:40.1429087-04:00" testType="13cdc9d9-ddb5-4fa4-a97d-d965ccfc6d4b" outcome="Passed" testListId="8c84fa94-04c1-424b-9868-57a2d4851a1d" relativeResultsDirectory="2371b4f6-6164-40e2-b671-d48f585f6131" />
    <UnitTestResult executionId="50eeb80e-926e-4b7e-8c1a-4bfaa461f5ed" testId="19c2a708-23fc-1f0a-453e-7ae4bd1d570c" testName="LankaConnect.Application.Tests.Mappings.UserMappingProfileTests.Map_NullUser_ShouldReturnNull" computerName="LAPTOP-23VGHTR6" duration="00:00:00.0063930" startTime="2025-09-08T17:20:40.5643841-04:00" endTime="2025-09-08T17:20:40.5643843-04:00" testType="13cdc9d9-ddb5-4fa4-a97d-d965ccfc6d4b" outcome="Passed" testListId="8c84fa94-04c1-424b-9868-57a2d4851a1d" relativeResultsDirectory="50eeb80e-926e-4b7e-8c1a-4bfaa461f5ed" />
    <UnitTestResult executionId="1651a879-284c-4641-995e-bcf745990c95" testId="e9bf4936-02fc-3506-50c3-d39ab29231d9" testName="LankaConnect.Application.Tests.Communications.Commands.SendEmailVerificationCommandHandlerTests.Handle_WithInvalidEmail_ShouldReturnFailure" computerName="LAPTOP-23VGHTR6" duration="00:00:00.0027384" startTime="2025-09-08T17:20:40.5001403-04:00" endTime="2025-09-08T17:20:40.5001405-04:00" testType="13cdc9d9-ddb5-4fa4-a97d-d965ccfc6d4b" outcome="Passed" testListId="8c84fa94-04c1-424b-9868-57a2d4851a1d" relativeResultsDirectory="1651a879-284c-4641-995e-bcf745990c95" />
    <UnitTestResult executionId="da5501ac-0db0-48c2-a1d0-ea70f55e19de" testId="86b40edb-4c93-644f-aa63-18094d06362c" testName="LankaConnect.Application.Tests.Validators.CreateUserCommandValidatorTests.Validate_WithValidFirstNames_ShouldNotHaveError(firstName: &quot;John123&quot;)" computerName="LAPTOP-23VGHTR6" duration="00:00:00.0008760" startTime="2025-09-08T17:20:40.0484127-04:00" endTime="2025-09-08T17:20:40.0484131-04:00" testType="13cdc9d9-ddb5-4fa4-a97d-d965ccfc6d4b" outcome="Passed" testListId="8c84fa94-04c1-424b-9868-57a2d4851a1d" relativeResultsDirectory="da5501ac-0db0-48c2-a1d0-ea70f55e19de" />
    <UnitTestResult executionId="49431d1f-aca0-4f82-9bc1-3535d4a4be14" testId="03aaffb7-c66e-1eb7-d6b7-e9a3211c987e" testName="LankaConnect.Application.Tests.Behaviors.ValidationPipelineBehaviorTests.Handle_WithValidRequest_ShouldCallNext" computerName="LAPTOP-23VGHTR6" duration="00:00:00.0076219" startTime="2025-09-08T17:20:40.1846986-04:00" endTime="2025-09-08T17:20:40.1846990-04:00" testType="13cdc9d9-ddb5-4fa4-a97d-d965ccfc6d4b" outcome="Passed" testListId="8c84fa94-04c1-424b-9868-57a2d4851a1d" relativeResultsDirectory="49431d1f-aca0-4f82-9bc1-3535d4a4be14" />
    <UnitTestResult executionId="18783561-9d8f-406a-9e22-58d8edfea3dd" testId="74a7e929-40b0-9570-473a-476319125eb9" testName="LankaConnect.Application.Tests.Common.ExceptionHandlingTests.NotFoundException_WithVeryLongMessage_ShouldPreserveMessage" computerName="LAPTOP-23VGHTR6" duration="00:00:00.0098323" startTime="2025-09-08T17:20:39.9622764-04:00" endTime="2025-09-08T17:20:39.9622766-04:00" testType="13cdc9d9-ddb5-4fa4-a97d-d965ccfc6d4b" outcome="Passed" testListId="8c84fa94-04c1-424b-9868-57a2d4851a1d" relativeResultsDirectory="18783561-9d8f-406a-9e22-58d8edfea3dd" />
    <UnitTestResult executionId="56f96095-8778-433e-a763-28add18f4cd6" testId="613af0fc-54c9-c6cc-f493-bfada07e2603" testName="LankaConnect.Application.Tests.Businesses.Queries.SearchBusinessesQueryHandlerTests.Handle_WithEmptyResults_ShouldReturnEmptyPaginatedList" computerName="LAPTOP-23VGHTR6" duration="00:00:00.0179559" startTime="2025-09-08T17:20:40.1511617-04:00" endTime="2025-09-08T17:20:40.1511621-04:00" testType="13cdc9d9-ddb5-4fa4-a97d-d965ccfc6d4b" outcome="Passed" testListId="8c84fa94-04c1-424b-9868-57a2d4851a1d" relativeResultsDirectory="56f96095-8778-433e-a763-28add18f4cd6" />
    <UnitTestResult executionId="629aa451-30bc-4c9b-9354-67b95b487993" testId="db15c946-f17e-67c6-a419-48100ddc2f84" testName="LankaConnect.Application.Tests.Validators.CreateUserCommandValidatorTests.Validate_WithValidEmails_ShouldNotHaveError(email: &quot;valid.email@subdomain.example.org&quot;)" computerName="LAPTOP-23VGHTR6" duration="00:00:00.0006076" startTime="2025-09-08T17:20:39.9982999-04:00" endTime="2025-09-08T17:20:39.9983001-04:00" testType="13cdc9d9-ddb5-4fa4-a97d-d965ccfc6d4b" outcome="Passed" testListId="8c84fa94-04c1-424b-9868-57a2d4851a1d" relativeResultsDirectory="629aa451-30bc-4c9b-9354-67b95b487993" />
    <UnitTestResult executionId="247fbff9-99ae-43e2-ac9b-5f7fd99c9cdb" testId="e6424aaf-4c64-7bcb-e2d2-54857fc60120" testName="LankaConnect.Application.Tests.Businesses.Queries.GetBusinessQueryHandlerTests.Handle_WithValidRequest_ShouldCallRepositoryOnce" computerName="LAPTOP-23VGHTR6" duration="00:00:00.0193248" startTime="2025-09-08T17:20:40.3656100-04:00" endTime="2025-09-08T17:20:40.3656104-04:00" testType="13cdc9d9-ddb5-4fa4-a97d-d965ccfc6d4b" outcome="Passed" testListId="8c84fa94-04c1-424b-9868-57a2d4851a1d" relativeResultsDirectory="247fbff9-99ae-43e2-ac9b-5f7fd99c9cdb" />
    <UnitTestResult executionId="37111cb6-dfbf-4410-acad-ae054db15d21" testId="d4785982-ffa0-9465-6843-dac287e53346" testName="LankaConnect.Application.Tests.Validators.CreateUserCommandValidatorTests.Validate_WithValidEmails_ShouldNotHaveError(email: &quot;test@example.com&quot;)" computerName="LAPTOP-23VGHTR6" duration="00:00:00.0011325" startTime="2025-09-08T17:20:39.9958310-04:00" endTime="2025-09-08T17:20:39.9958313-04:00" testType="13cdc9d9-ddb5-4fa4-a97d-d965ccfc6d4b" outcome="Passed" testListId="8c84fa94-04c1-424b-9868-57a2d4851a1d" relativeResultsDirectory="37111cb6-dfbf-4410-acad-ae054db15d21" />
    <UnitTestResult executionId="64989377-ecbb-423b-b54c-0a5f73f1c7ff" testId="09c2705b-e2b7-8b40-25f0-2e9825c7292d" testName="LankaConnect.Application.Tests.Users.Queries.GetUserByIdQueryHandlerTests.Handle_WithUserWithoutPhoneNumber_ShouldReturnUserDtoWithNullPhone" computerName="LAPTOP-23VGHTR6" duration="00:00:00.5232584" startTime="2025-09-08T17:20:40.0880261-04:00" endTime="2025-09-08T17:20:40.0880263-04:00" testType="13cdc9d9-ddb5-4fa4-a97d-d965ccfc6d4b" outcome="Passed" testListId="8c84fa94-04c1-424b-9868-57a2d4851a1d" relativeResultsDirectory="64989377-ecbb-423b-b54c-0a5f73f1c7ff" />
    <UnitTestResult executionId="09d190bb-67b1-435b-a974-4088e5f59d85" testId="357565f8-81df-4ad1-d2a7-4716fb2dab43" testName="LankaConnect.Application.Tests.Behaviors.ValidationPipelineBehaviorTests.Handle_WithCancellationRequested_ShouldThrowOperationCancelledException" computerName="LAPTOP-23VGHTR6" duration="00:00:00.0073845" startTime="2025-09-08T17:20:40.1601451-04:00" endTime="2025-09-08T17:20:40.1601453-04:00" testType="13cdc9d9-ddb5-4fa4-a97d-d965ccfc6d4b" outcome="Passed" testListId="8c84fa94-04c1-424b-9868-57a2d4851a1d" relativeResultsDirectory="09d190bb-67b1-435b-a974-4088e5f59d85" />
    <UnitTestResult executionId="1717c73f-f577-47d3-b517-d5c8dcc01b68" testId="71d85204-3aa2-6fff-4906-354ac4f66485" testName="LankaConnect.Application.Tests.Mappings.UserMappingProfileTests.Map_UserWithPhoneNumber_ShouldMapPhoneNumber" computerName="LAPTOP-23VGHTR6" duration="00:00:00.0201973" startTime="2025-09-08T17:20:40.5343239-04:00" endTime="2025-09-08T17:20:40.5343241-04:00" testType="13cdc9d9-ddb5-4fa4-a97d-d965ccfc6d4b" outcome="Passed" testListId="8c84fa94-04c1-424b-9868-57a2d4851a1d" relativeResultsDirectory="1717c73f-f577-47d3-b517-d5c8dcc01b68" />
    <UnitTestResult executionId="d14fd37c-98ad-477e-ba14-9bde518675c9" testId="2d82da25-2fff-9ef5-42bd-e1738d416278" testName="LankaConnect.Application.Tests.Businesses.Queries.SearchBusinessesQueryHandlerTests.Handle_WithNullSearchTerm_ShouldSearchAllBusinesses" computerName="LAPTOP-23VGHTR6" duration="00:00:00.0106848" startTime="2025-09-08T17:20:40.1176367-04:00" endTime="2025-09-08T17:20:40.1176370-04:00" testType="13cdc9d9-ddb5-4fa4-a97d-d965ccfc6d4b" outcome="Passed" testListId="8c84fa94-04c1-424b-9868-57a2d4851a1d" relativeResultsDirectory="d14fd37c-98ad-477e-ba14-9bde518675c9" />
    <UnitTestResult executionId="15d52a2d-d641-4216-9017-ee36fc85b50c" testId="efdbf384-0d37-a243-4b1c-cfd166cbb36d" testName="LankaConnect.Application.Tests.Auth.RegisterUserHandlerTests.Handle_WithValidRequest_ShouldReturnSuccessWithUserResponse" computerName="LAPTOP-23VGHTR6" duration="00:00:00.0134041" startTime="2025-09-08T17:20:40.3130030-04:00" endTime="2025-09-08T17:20:40.3130033-04:00" testType="13cdc9d9-ddb5-4fa4-a97d-d965ccfc6d4b" outcome="Passed" testListId="8c84fa94-04c1-424b-9868-57a2d4851a1d" relativeResultsDirectory="15d52a2d-d641-4216-9017-ee36fc85b50c" />
    <UnitTestResult executionId="97223762-1b70-4b4b-a6e3-e4852bc9dd42" testId="373c39eb-6f72-13a6-b684-8d0f258ed325" testName="LankaConnect.Application.Tests.Validators.CreateUserCommandValidatorTests.Validate_WithInvalidPhoneNumber_ShouldHavePhoneNumberError(phoneNumber: &quot;123&quot;)" computerName="LAPTOP-23VGHTR6" duration="00:00:00.0006393" startTime="2025-09-08T17:20:39.9707291-04:00" endTime="2025-09-08T17:20:39.9707293-04:00" testType="13cdc9d9-ddb5-4fa4-a97d-d965ccfc6d4b" outcome="Passed" testListId="8c84fa94-04c1-424b-9868-57a2d4851a1d" relativeResultsDirectory="97223762-1b70-4b4b-a6e3-e4852bc9dd42" />
    <UnitTestResult executionId="78ccdad7-4f7d-4883-a8b3-c7a08d37bc5d" testId="b220f852-21d2-aeac-dd03-92a6fdb2e062" testName="LankaConnect.Application.Tests.Businesses.Commands.AddServiceCommandHandlerTests.Handle_WithInvalidPrice_ShouldThrowInvalidOperationException(invalidPrice: -0.01)" computerName="LAPTOP-23VGHTR6" duration="00:00:00.0193190" startTime="2025-09-08T17:20:40.5331289-04:00" endTime="2025-09-08T17:20:40.5331292-04:00" testType="13cdc9d9-ddb5-4fa4-a97d-d965ccfc6d4b" outcome="Passed" testListId="8c84fa94-04c1-424b-9868-57a2d4851a1d" relativeResultsDirectory="78ccdad7-4f7d-4883-a8b3-c7a08d37bc5d" />
    <UnitTestResult executionId="6a01778f-9c83-4ee3-8e11-606fa9a36b9d" testId="bd78af59-b0bb-ba4b-4283-fb81f2dd737d" testName="LankaConnect.Application.Tests.Businesses.Commands.AddServiceCommandHandlerTests.Handle_WithInvalidPrice_ShouldThrowInvalidOperationException(invalidPrice: -1)" computerName="LAPTOP-23VGHTR6" duration="00:00:00.0036873" startTime="2025-09-08T17:20:40.5363800-04:00" endTime="2025-09-08T17:20:40.5363802-04:00" testType="13cdc9d9-ddb5-4fa4-a97d-d965ccfc6d4b" outcome="Passed" testListId="8c84fa94-04c1-424b-9868-57a2d4851a1d" relativeResultsDirectory="6a01778f-9c83-4ee3-8e11-606fa9a36b9d" />
    <UnitTestResult executionId="835e2a38-5b0f-4ac4-8f35-07b05a1b9d2b" testId="69b3ae3f-e23f-a90c-69a4-5e02573107cb" testName="LankaConnect.Application.Tests.Users.Queries.GetUserByIdQueryHandlerTests.Handle_WithNonExistentUser_ShouldReturnFailure" computerName="LAPTOP-23VGHTR6" duration="00:00:00.0063359" startTime="2025-09-08T17:20:40.1303691-04:00" endTime="2025-09-08T17:20:40.1303695-04:00" testType="13cdc9d9-ddb5-4fa4-a97d-d965ccfc6d4b" outcome="Passed" testListId="8c84fa94-04c1-424b-9868-57a2d4851a1d" relativeResultsDirectory="835e2a38-5b0f-4ac4-8f35-07b05a1b9d2b" />
    <UnitTestResult executionId="749e2179-ce1a-483c-a83b-c9716407deaa" testId="a313de40-3120-0c03-cfcf-c4dcfa700789" testName="LankaConnect.Application.Tests.Businesses.Commands.UpdateBusinessCommandHandlerTests.Handle_WithUsPhoneNumberUpdate_ShouldUpdateContactInfo" computerName="LAPTOP-23VGHTR6" duration="00:00:00.0055810" startTime="2025-09-08T17:20:40.4928105-04:00" endTime="2025-09-08T17:20:40.4928106-04:00" testType="13cdc9d9-ddb5-4fa4-a97d-d965ccfc6d4b" outcome="Passed" testListId="8c84fa94-04c1-424b-9868-57a2d4851a1d" relativeResultsDirectory="749e2179-ce1a-483c-a83b-c9716407deaa" />
    <UnitTestResult executionId="503246de-bbc7-4d1e-aac4-f1bd9fcb6027" testId="e2e05097-87d8-3126-cdc9-bacd4beb06b5" testName="LankaConnect.Application.Tests.Communications.Commands.SendEmailVerificationCommandHandlerTests.Handle_WithValidEmail_ShouldSendVerificationEmail" computerName="LAPTOP-23VGHTR6" duration="00:00:00.0408534" startTime="2025-09-08T17:20:40.4916792-04:00" endTime="2025-09-08T17:20:40.4916794-04:00" testType="13cdc9d9-ddb5-4fa4-a97d-d965ccfc6d4b" outcome="Passed" testListId="8c84fa94-04c1-424b-9868-57a2d4851a1d" relativeResultsDirectory="503246de-bbc7-4d1e-aac4-f1bd9fcb6027" />
    <UnitTestResult executionId="7b642398-9f1a-411d-9e26-f94bc518d646" testId="c9fd9ef7-a240-dc0d-a0cf-2874c3fe1308" testName="LankaConnect.Application.Tests.Validators.CreateUserCommandValidatorTests.Validate_WithValidCommand_ShouldNotHaveErrors" computerName="LAPTOP-23VGHTR6" duration="00:00:00.0010901" startTime="2025-09-08T17:20:40.0288332-04:00" endTime="2025-09-08T17:20:40.0288334-04:00" testType="13cdc9d9-ddb5-4fa4-a97d-d965ccfc6d4b" outcome="Passed" testListId="8c84fa94-04c1-424b-9868-57a2d4851a1d" relativeResultsDirectory="7b642398-9f1a-411d-9e26-f94bc518d646" />
    <UnitTestResult executionId="f1169953-5bd8-47b2-9502-51486f00cea6" testId="b60eb520-71f6-5d09-e783-89c839aac7b7" testName="LankaConnect.Application.Tests.Businesses.Commands.UpdateBusinessCommandHandlerTests.Handle_WithCancellationToken_ShouldPassTokenToRepository" computerName="LAPTOP-23VGHTR6" duration="00:00:00.0104870" startTime="2025-09-08T17:20:40.4477688-04:00" endTime="2025-09-08T17:20:40.4477690-04:00" testType="13cdc9d9-ddb5-4fa4-a97d-d965ccfc6d4b" outcome="Passed" testListId="8c84fa94-04c1-424b-9868-57a2d4851a1d" relativeResultsDirectory="f1169953-5bd8-47b2-9502-51486f00cea6" />
    <UnitTestResult executionId="e76dd40a-3c29-4246-9c8d-f6743c713bd3" testId="65ac0acc-134e-eac3-ba3d-6497ae6b45ac" testName="LankaConnect.Application.Tests.Validators.CreateUserCommandValidatorTests.Validate_WithLastNameTooLong_ShouldHaveLastNameLengthError" computerName="LAPTOP-23VGHTR6" duration="00:00:00.0012602" startTime="2025-09-08T17:20:40.0815599-04:00" endTime="2025-09-08T17:20:40.0815601-04:00" testType="13cdc9d9-ddb5-4fa4-a97d-d965ccfc6d4b" outcome="Passed" testListId="8c84fa94-04c1-424b-9868-57a2d4851a1d" relativeResultsDirectory="e76dd40a-3c29-4246-9c8d-f6743c713bd3" />
    <UnitTestResult executionId="e344f75a-d794-4116-8557-8b418ebee882" testId="ebcb5f13-70a1-493f-e71f-d35515f9332e" testName="LankaConnect.Application.Tests.Businesses.Queries.GetBusinessQueryHandlerTests.Handle_WithVerifiedUsBusiness_ShouldReturnVerificationStatus" computerName="LAPTOP-23VGHTR6" duration="00:00:00.0079753" startTime="2025-09-08T17:20:40.5687795-04:00" endTime="2025-09-08T17:20:40.5687798-04:00" testType="13cdc9d9-ddb5-4fa4-a97d-d965ccfc6d4b" outcome="Passed" testListId="8c84fa94-04c1-424b-9868-57a2d4851a1d" relativeResultsDirectory="e344f75a-d794-4116-8557-8b418ebee882" />
    <UnitTestResult executionId="1121887f-cb17-4d44-a55f-0d88e1fb0578" testId="56d6f8d5-41d8-492b-12ec-372c502bfbf0" testName="LankaConnect.Application.Tests.Communications.Queries.GetEmailStatusQueryHandlerTests.Handle_WithInvalidPageSize_ShouldReturnFailure" computerName="LAPTOP-23VGHTR6" duration="00:00:00.0016690" startTime="2025-09-08T17:20:40.4573303-04:00" endTime="2025-09-08T17:20:40.4573306-04:00" testType="13cdc9d9-ddb5-4fa4-a97d-d965ccfc6d4b" outcome="Passed" testListId="8c84fa94-04c1-424b-9868-57a2d4851a1d" relativeResultsDirectory="1121887f-cb17-4d44-a55f-0d88e1fb0578" />
    <UnitTestResult executionId="9257eb7e-7055-40dc-a2dd-1b96e73da1ae" testId="05c76d85-fc2a-0534-d741-1b96d6ab4933" testName="LankaConnect.Application.Tests.Common.ExceptionHandlingTests.NotFoundException_WithDifferentEntityTypes_ShouldFormatCorrectly(entityName: &quot;User&quot;, key: &quot;123&quot;)" computerName="LAPTOP-23VGHTR6" duration="00:00:00.0000565" startTime="2025-09-08T17:20:39.8263382-04:00" endTime="2025-09-08T17:20:39.8263386-04:00" testType="13cdc9d9-ddb5-4fa4-a97d-d965ccfc6d4b" outcome="Passed" testListId="8c84fa94-04c1-424b-9868-57a2d4851a1d" relativeResultsDirectory="9257eb7e-7055-40dc-a2dd-1b96e73da1ae" />
    <UnitTestResult executionId="00319b66-965a-4771-89dd-2bc3031f4d81" testId="00e5e9ad-d67d-bcf8-7a49-2a0dfa2f3ee8" testName="LankaConnect.Application.Tests.Mappings.BusinessMappingProfileTests.Map_BusinessCollectionToBusinessDtoCollection_ShouldMapAll" computerName="LAPTOP-23VGHTR6" duration="00:00:00.6493660" startTime="2025-09-08T17:20:40.1937307-04:00" endTime="2025-09-08T17:20:40.1937311-04:00" testType="13cdc9d9-ddb5-4fa4-a97d-d965ccfc6d4b" outcome="Passed" testListId="8c84fa94-04c1-424b-9868-57a2d4851a1d" relativeResultsDirectory="00319b66-965a-4771-89dd-2bc3031f4d81" />
    <UnitTestResult executionId="c4a2bef1-b7df-4b2d-bccf-8eecfce53411" testId="aa48cc4c-d8bf-8e4a-3bea-01670c0629da" testName="LankaConnect.Application.Tests.Communications.Queries.GetEmailStatusQueryHandlerTests.Handle_WithInvalidDateRange_ShouldReturnFailure" computerName="LAPTOP-23VGHTR6" duration="00:00:00.0029619" startTime="2025-09-08T17:20:40.4026642-04:00" endTime="2025-09-08T17:20:40.4026646-04:00" testType="13cdc9d9-ddb5-4fa4-a97d-d965ccfc6d4b" outcome="Passed" testListId="8c84fa94-04c1-424b-9868-57a2d4851a1d" relativeResultsDirectory="c4a2bef1-b7df-4b2d-bccf-8eecfce53411" />
    <UnitTestResult executionId="5bfdc79c-378d-467f-af36-95e534ce277c" testId="cf923591-0c00-54a8-9a6d-d960182db957" testName="LankaConnect.Application.Tests.Validators.CreateUserCommandValidatorTests.Validate_WithValidFirstNames_ShouldNotHaveError(firstName: &quot;John-Paul&quot;)" computerName="LAPTOP-23VGHTR6" duration="00:00:00.0004651" startTime="2025-09-08T17:20:40.0519744-04:00" endTime="2025-09-08T17:20:40.0519747-04:00" testType="13cdc9d9-ddb5-4fa4-a97d-d965ccfc6d4b" outcome="Passed" testListId="8c84fa94-04c1-424b-9868-57a2d4851a1d" relativeResultsDirectory="5bfdc79c-378d-467f-af36-95e534ce277c" />
    <UnitTestResult executionId="f4ab96c0-e905-4b7c-b63e-4a4932e47eb4" testId="506ed49d-5bec-f4fe-6c66-a0dc6b21b1f8" testName="LankaConnect.Application.Tests.Common.ExceptionHandlingTests.NotFoundException_WithNullOrWhitespaceMessage_ShouldHandleGracefully(message: null)" computerName="LAPTOP-23VGHTR6" duration="00:00:00.0003248" startTime="2025-09-08T17:20:39.9035771-04:00" endTime="2025-09-08T17:20:39.9035773-04:00" testType="13cdc9d9-ddb5-4fa4-a97d-d965ccfc6d4b" outcome="Passed" testListId="8c84fa94-04c1-424b-9868-57a2d4851a1d" relativeResultsDirectory="f4ab96c0-e905-4b7c-b63e-4a4932e47eb4" />
    <UnitTestResult executionId="4ed5c6b6-321a-4906-8abb-f94d448af8e4" testId="c68e419a-85a7-dada-99d9-63f9f6454a70" testName="LankaConnect.Application.Tests.Businesses.Commands.DeleteBusinessCommandHandlerTests.Handle_WithValidGuids_ShouldProcessCorrectly(guidString: &quot;123e4567-e89b-12d3-a456-426614174000&quot;)" computerName="LAPTOP-23VGHTR6" duration="00:00:00.0061491" startTime="2025-09-08T17:20:40.3701710-04:00" endTime="2025-09-08T17:20:40.3701713-04:00" testType="13cdc9d9-ddb5-4fa4-a97d-d965ccfc6d4b" outcome="Passed" testListId="8c84fa94-04c1-424b-9868-57a2d4851a1d" relativeResultsDirectory="4ed5c6b6-321a-4906-8abb-f94d448af8e4" />
    <UnitTestResult executionId="62fd97a5-ea5c-414c-9c7a-11773a75ea88" testId="5cd6fd90-3a62-96ee-0871-8061a5a16ddc" testName="LankaConnect.Application.Tests.Businesses.Commands.AddServiceCommandHandlerTests.Handle_WithVariousUsRestaurantServices_ShouldAddSuccessfully(serviceName: &quot;Lunch Special&quot;, description: &quot;Daily lunch special with rice, curry, and beverage&quot;, price: 12.99)" computerName="LAPTOP-23VGHTR6" duration="00:00:00.0039211" startTime="2025-09-08T17:20:40.5032119-04:00" endTime="2025-09-08T17:20:40.5032121-04:00" testType="13cdc9d9-ddb5-4fa4-a97d-d965ccfc6d4b" outcome="Passed" testListId="8c84fa94-04c1-424b-9868-57a2d4851a1d" relativeResultsDirectory="62fd97a5-ea5c-414c-9c7a-11773a75ea88" />
    <UnitTestResult executionId="2af7afe2-c6f1-4b75-b79c-76c34daf2384" testId="c49e6438-dd1c-6934-0521-d8fb5ed45274" testName="LankaConnect.Application.Tests.Validators.CreateUserCommandValidatorTests.Validate_WithInvalidEmailFormat_ShouldHaveEmailFormatError(email: &quot;test&quot;)" computerName="LAPTOP-23VGHTR6" duration="00:00:00.0024562" startTime="2025-09-08T17:20:39.9780141-04:00" endTime="2025-09-08T17:20:39.9780147-04:00" testType="13cdc9d9-ddb5-4fa4-a97d-d965ccfc6d4b" outcome="Passed" testListId="8c84fa94-04c1-424b-9868-57a2d4851a1d" relativeResultsDirectory="2af7afe2-c6f1-4b75-b79c-76c34daf2384" />
    <UnitTestResult executionId="bc0423ff-6ecb-4200-ab69-0ab34109b354" testId="e9be142b-8db1-a4eb-1a28-6267c8c593bc" testName="LankaConnect.Application.Tests.Businesses.Commands.CreateBusinessCommandHandlerTests.Handle_WithUsCoordinates_ShouldCreateBusinessWithCorrectLocation" computerName="LAPTOP-23VGHTR6" duration="00:00:00.0210139" startTime="2025-09-08T17:20:40.1202281-04:00" endTime="2025-09-08T17:20:40.1202283-04:00" testType="13cdc9d9-ddb5-4fa4-a97d-d965ccfc6d4b" outcome="Passed" testListId="8c84fa94-04c1-424b-9868-57a2d4851a1d" relativeResultsDirectory="bc0423ff-6ecb-4200-ab69-0ab34109b354" />
    <UnitTestResult executionId="3c5c4f9c-b8de-4a63-9ccc-3965f125feca" testId="b6057eaf-82b2-fda1-2209-be22374dca62" testName="LankaConnect.Application.Tests.Businesses.Commands.UpdateBusinessCommandHandlerTests.Handle_WithVariousUsPhoneFormats_ShouldUpdateSuccessfully(phoneNumber: &quot;+1-212-555-1234&quot;)" computerName="LAPTOP-23VGHTR6" duration="00:00:00.0063664" startTime="2025-09-08T17:20:40.4580173-04:00" endTime="2025-09-08T17:20:40.4580175-04:00" testType="13cdc9d9-ddb5-4fa4-a97d-d965ccfc6d4b" outcome="Passed" testListId="8c84fa94-04c1-424b-9868-57a2d4851a1d" relativeResultsDirectory="3c5c4f9c-b8de-4a63-9ccc-3965f125feca" />
    <UnitTestResult executionId="c8b4e23b-3cd3-4c77-b6ba-1733515b8464" testId="c64fc3d9-1f49-c507-891d-9bf607421ee5" testName="LankaConnect.Application.Tests.Businesses.Commands.AddServiceCommandHandlerTests.Handle_WithInvalidServiceName_ShouldReturnFailureResult(invalidName: null)" computerName="LAPTOP-23VGHTR6" duration="00:00:00.0028262" startTime="2025-09-08T17:20:40.5551552-04:00" endTime="2025-09-08T17:20:40.5551554-04:00" testType="13cdc9d9-ddb5-4fa4-a97d-d965ccfc6d4b" outcome="Passed" testListId="8c84fa94-04c1-424b-9868-57a2d4851a1d" relativeResultsDirectory="c8b4e23b-3cd3-4c77-b6ba-1733515b8464" />
    <UnitTestResult executionId="2331c227-0009-4de0-8a21-4cd8a5264855" testId="90462144-cb0f-8c62-4efa-82a93f75b454" testName="LankaConnect.Application.Tests.Users.Queries.GetUserByIdQueryHandlerTests.Handle_WithEmptyGuid_ShouldReturnFailure" computerName="LAPTOP-23VGHTR6" duration="00:00:00.0089356" startTime="2025-09-08T17:20:40.1251981-04:00" endTime="2025-09-08T17:20:40.1251984-04:00" testType="13cdc9d9-ddb5-4fa4-a97d-d965ccfc6d4b" outcome="Passed" testListId="8c84fa94-04c1-424b-9868-57a2d4851a1d" relativeResultsDirectory="2331c227-0009-4de0-8a21-4cd8a5264855" />
    <UnitTestResult executionId="1fad2669-2fa2-490d-8bed-dfe2c60c2b16" testId="6e4ffa57-4c78-aa2d-4fc0-7e69add3abd5" testName="LankaConnect.Application.Tests.Businesses.Queries.GetBusinessQueryHandlerTests.Handle_WithEmptyGuid_ShouldReturnSuccessWithNull" computerName="LAPTOP-23VGHTR6" duration="00:00:00.0051374" startTime="2025-09-08T17:20:40.3980619-04:00" endTime="2025-09-08T17:20:40.3980621-04:00" testType="13cdc9d9-ddb5-4fa4-a97d-d965ccfc6d4b" outcome="Passed" testListId="8c84fa94-04c1-424b-9868-57a2d4851a1d" relativeResultsDirectory="1fad2669-2fa2-490d-8bed-dfe2c60c2b16" />
    <UnitTestResult executionId="e39f85bb-7ef1-48c7-93ab-eef437b499a8" testId="32efd8b3-9ffd-807d-ef63-3f99799440fb" testName="LankaConnect.Application.Tests.Businesses.Commands.UpdateBusinessCommandHandlerTests.Handle_WithEmptyFields_ShouldHandleGracefully" computerName="LAPTOP-23VGHTR6" duration="00:00:00.0094687" startTime="2025-09-08T17:20:40.4377835-04:00" endTime="2025-09-08T17:20:40.4377838-04:00" testType="13cdc9d9-ddb5-4fa4-a97d-d965ccfc6d4b" outcome="Passed" testListId="8c84fa94-04c1-424b-9868-57a2d4851a1d" relativeResultsDirectory="e39f85bb-7ef1-48c7-93ab-eef437b499a8" />
    <UnitTestResult executionId="752b8619-02b1-400b-9945-035c5117a633" testId="e52cd935-35bb-2812-dbee-ea9bfc72f197" testName="LankaConnect.Application.Tests.Auth.RegisterUserHandlerTests.Handle_WithEmptyRequiredFields_ShouldReturnFailure(email: &quot;&quot;, password: &quot;ValidPassword123!&quot;, firstName: &quot;John&quot;, lastName: &quot;Doe&quot;)" computerName="LAPTOP-23VGHTR6" duration="00:00:00.0005706" startTime="2025-09-08T17:20:40.2604534-04:00" endTime="2025-09-08T17:20:40.2604538-04:00" testType="13cdc9d9-ddb5-4fa4-a97d-d965ccfc6d4b" outcome="Passed" testListId="8c84fa94-04c1-424b-9868-57a2d4851a1d" relativeResultsDirectory="752b8619-02b1-400b-9945-035c5117a633" />
    <UnitTestResult executionId="fb3ef74d-877c-4314-b87c-a0bdb9c2e640" testId="337013b7-18ce-1ade-1833-2298087c60ff" testName="LankaConnect.Application.Tests.Businesses.Commands.AddServiceCommandHandlerTests.Handle_WithInactiveService_ShouldAddInactiveService" computerName="LAPTOP-23VGHTR6" duration="00:00:00.0067173" startTime="2025-09-08T17:20:40.5436012-04:00" endTime="2025-09-08T17:20:40.5436014-04:00" testType="13cdc9d9-ddb5-4fa4-a97d-d965ccfc6d4b" outcome="Passed" testListId="8c84fa94-04c1-424b-9868-57a2d4851a1d" relativeResultsDirectory="fb3ef74d-877c-4314-b87c-a0bdb9c2e640" />
    <UnitTestResult executionId="618f46ad-ce3e-4e88-988f-0dc570373bc1" testId="46b8c695-d8c1-272b-b86d-482000f6d448" testName="LankaConnect.Application.Tests.Businesses.Queries.GetBusinessQueryHandlerTests.Handle_WithUsBusinessData_ShouldReturnUsFormattedData" computerName="LAPTOP-23VGHTR6" duration="00:00:00.0187204" startTime="2025-09-08T17:20:40.5599243-04:00" endTime="2025-09-08T17:20:40.5599246-04:00" testType="13cdc9d9-ddb5-4fa4-a97d-d965ccfc6d4b" outcome="Passed" testListId="8c84fa94-04c1-424b-9868-57a2d4851a1d" relativeResultsDirectory="618f46ad-ce3e-4e88-988f-0dc570373bc1" />
    <UnitTestResult executionId="acdc3ff5-79b9-4e53-989b-1bde4bfbd749" testId="fc6155df-18b7-47c7-a351-e4ab65a3fdec" testName="LankaConnect.Application.Tests.Businesses.Commands.UploadBusinessImageCommandTests.Handle_WhenAddingImageToBusinessFails_ShouldCleanupUploadedImages" computerName="LAPTOP-23VGHTR6" duration="00:00:00.0154211" startTime="2025-09-08T17:20:40.3072485-04:00" endTime="2025-09-08T17:20:40.3072487-04:00" testType="13cdc9d9-ddb5-4fa4-a97d-d965ccfc6d4b" outcome="Passed" testListId="8c84fa94-04c1-424b-9868-57a2d4851a1d" relativeResultsDirectory="acdc3ff5-79b9-4e53-989b-1bde4bfbd749" />
    <UnitTestResult executionId="77090986-b07d-4642-918e-5014e6515f74" testId="5f316226-e68f-9fdc-1907-b9850614254d" testName="LankaConnect.Application.Tests.Validators.CreateUserCommandValidatorTests.Validate_WithInvalidFirstName_ShouldHaveFirstNameError(firstName: &quot;&quot;)" computerName="LAPTOP-23VGHTR6" duration="00:00:00.0009041" startTime="2025-09-08T17:20:40.0574371-04:00" endTime="2025-09-08T17:20:40.0574373-04:00" testType="13cdc9d9-ddb5-4fa4-a97d-d965ccfc6d4b" outcome="Passed" testListId="8c84fa94-04c1-424b-9868-57a2d4851a1d" relativeResultsDirectory="77090986-b07d-4642-918e-5014e6515f74" />
    <UnitTestResult executionId="ed95850d-94f1-4705-b72f-fc0dea52fef5" testId="1ce3f8cc-c760-fd12-c804-6e510ce0e4f2" testName="LankaConnect.Application.Tests.Users.Queries.GetUserByIdQueryHandlerTests.Handle_WhenRepositoryThrows_ShouldPropagateException" computerName="LAPTOP-23VGHTR6" duration="00:00:00.0196442" startTime="2025-09-08T17:20:40.1403928-04:00" endTime="2025-09-08T17:20:40.1403933-04:00" testType="13cdc9d9-ddb5-4fa4-a97d-d965ccfc6d4b" outcome="Passed" testListId="8c84fa94-04c1-424b-9868-57a2d4851a1d" relativeResultsDirectory="ed95850d-94f1-4705-b72f-fc0dea52fef5" />
    <UnitTestResult executionId="592de3db-dc39-454c-b6fb-e43d3cf0c427" testId="2a114787-2f3e-10ee-5ca8-53fe61dec841" testName="LankaConnect.Application.Tests.Communications.Commands.VerifyEmailCommandHandlerTests.Handle_WithUserNotFound_ShouldReturnFailure" computerName="LAPTOP-23VGHTR6" duration="00:00:00.0734230" startTime="2025-09-08T17:20:40.2630217-04:00" endTime="2025-09-08T17:20:40.2630219-04:00" testType="13cdc9d9-ddb5-4fa4-a97d-d965ccfc6d4b" outcome="Passed" testListId="8c84fa94-04c1-424b-9868-57a2d4851a1d" relativeResultsDirectory="592de3db-dc39-454c-b6fb-e43d3cf0c427" />
    <UnitTestResult executionId="433402c9-b110-4e23-9626-2e41c22659ed" testId="85268f11-a673-df6f-f579-9d84d8be532a" testName="LankaConnect.Application.Tests.Mappings.BusinessMappingProfileTests.Map_NullBusiness_ShouldReturnNull" computerName="LAPTOP-23VGHTR6" duration="00:00:00.0170581" startTime="2025-09-08T17:20:40.6419789-04:00" endTime="2025-09-08T17:20:40.6419797-04:00" testType="13cdc9d9-ddb5-4fa4-a97d-d965ccfc6d4b" outcome="Passed" testListId="8c84fa94-04c1-424b-9868-57a2d4851a1d" relativeResultsDirectory="433402c9-b110-4e23-9626-2e41c22659ed" />
    <UnitTestResult executionId="9a15156e-3967-44de-bd71-bfc4f17a24c3" testId="3efe11be-6527-7198-d00e-f9f742d8f4f1" testName="LankaConnect.Application.Tests.Communications.Commands.VerifyEmailCommandHandlerTests.Handle_WithAlreadyVerifiedUser_ShouldReturnSuccess" computerName="LAPTOP-23VGHTR6" duration="00:00:00.0086322" startTime="2025-09-08T17:20:40.2732189-04:00" endTime="2025-09-08T17:20:40.2732191-04:00" testType="13cdc9d9-ddb5-4fa4-a97d-d965ccfc6d4b" outcome="Passed" testListId="8c84fa94-04c1-424b-9868-57a2d4851a1d" relativeResultsDirectory="9a15156e-3967-44de-bd71-bfc4f17a24c3" />
[...]
    <TestEntry testId="c68e419a-85a7-dada-99d9-63f9f6454a70" executionId="4ed5c6b6-321a-4906-8abb-f94d448af8e4" testListId="8c84fa94-04c1-424b-9868-57a2d4851a1d" />
    <TestEntry testId="5cd6fd90-3a62-96ee-0871-8061a5a16ddc" executionId="62fd97a5-ea5c-414c-9c7a-11773a75ea88" testListId="8c84fa94-04c1-424b-9868-57a2d4851a1d" />
    <TestEntry testId="c49e6438-dd1c-6934-0521-d8fb5ed45274" executionId="2af7afe2-c6f1-4b75-b79c-76c34daf2384" testListId="8c84fa94-04c1-424b-9868-57a2d4851a1d" />
    <TestEntry testId="e9be142b-8db1-a4eb-1a28-6267c8c593bc" executionId="bc0423ff-6ecb-4200-ab69-0ab34109b354" testListId="8c84fa94-04c1-424b-9868-57a2d4851a1d" />
    <TestEntry testId="b6057eaf-82b2-fda1-2209-be22374dca62" executionId="3c5c4f9c-b8de-4a63-9ccc-3965f125feca" testListId="8c84fa94-04c1-424b-9868-57a2d4851a1d" />
    <TestEntry testId="c64fc3d9-1f49-c507-891d-9bf607421ee5" executionId="c8b4e23b-3cd3-4c77-b6ba-1733515b8464" testListId="8c84fa94-04c1-424b-9868-57a2d4851a1d" />
    <TestEntry testId="90462144-cb0f-8c62-4efa-82a93f75b454" executionId="2331c227-0009-4de0-8a21-4cd8a5264855" testListId="8c84fa94-04c1-424b-9868-57a2d4851a1d" />
    <TestEntry testId="6e4ffa57-4c78-aa2d-4fc0-7e69add3abd5" executionId="1fad2669-2fa2-490d-8bed-dfe2c60c2b16" testListId="8c84fa94-04c1-424b-9868-57a2d4851a1d" />
    <TestEntry testId="32efd8b3-9ffd-807d-ef63-3f99799440fb" executionId="e39f85bb-7ef1-48c7-93ab-eef437b499a8" testListId="8c84fa94-04c1-424b-9868-57a2d4851a1d" />
    <TestEntry testId="e52cd935-35bb-2812-dbee-ea9bfc72f197" executionId="752b8619-02b1-400b-9945-035c5117a633" testListId="8c84fa94-04c1-424b-9868-57a2d4851a1d" />
    <TestEntry testId="337013b7-18ce-1ade-1833-2298087c60ff" executionId="fb3ef74d-877c-4314-b87c-a0bdb9c2e640" testListId="8c84fa94-04c1-424b-9868-57a2d4851a1d" />
    <TestEntry testId="46b8c695-d8c1-272b-b86d-482000f6d448" executionId="618f46ad-ce3e-4e88-988f-0dc570373bc1" testListId="8c84fa94-04c1-424b-9868-57a2d4851a1d" />
    <TestEntry testId="fc6155df-18b7-47c7-a351-e4ab65a3fdec" executionId="acdc3ff5-79b9-4e53-989b-1bde4bfbd749" testListId="8c84fa94-04c1-424b-9868-57a2d4851a1d" />
    <TestEntry testId="5f316226-e68f-9fdc-1907-b9850614254d" executionId="77090986-b07d-4642-918e-5014e6515f74" testListId="8c84fa94-04c1-424b-9868-57a2d4851a1d" />
    <TestEntry testId="1ce3f8cc-c760-fd12-c804-6e510ce0e4f2" executionId="ed95850d-94f1-4705-b72f-fc0dea52fef5" testListId="8c84fa94-04c1-424b-9868-57a2d4851a1d" />
    <TestEntry testId="2a114787-2f3e-10ee-5ca8-53fe61dec841" executionId="592de3db-dc39-454c-b6fb-e43d3cf0c427" testListId="8c84fa94-04c1-424b-9868-57a2d4851a1d" />
    <TestEntry testId="85268f11-a673-df6f-f579-9d84d8be532a" executionId="433402c9-b110-4e23-9626-2e41c22659ed" testListId="8c84fa94-04c1-424b-9868-57a2d4851a1d" />
    <TestEntry testId="3efe11be-6527-7198-d00e-f9f742d8f4f1" executionId="9a15156e-3967-44de-bd71-bfc4f17a24c3" testListId="8c84fa94-04c1-424b-9868-57a2d4851a1d" />
    <TestEntry testId="dcbaf97f-8695-ef52-9f8e-9dccd92cb4f6" executionId="5e9f4640-d197-45ce-9a8f-15b8074f476f" testListId="8c84fa94-04c1-424b-9868-57a2d4851a1d" />
    <TestEntry testId="68f43f75-a227-0d2a-4219-3e1da34b4c8e" executionId="f307d8a7-aa23-472a-bbe3-2a7e6193dd65" testListId="8c84fa94-04c1-424b-9868-57a2d4851a1d" />
    <TestEntry testId="059da565-2da5-aec5-13d2-7b048c78db6e" executionId="3dc23edc-74e4-46ab-86e8-a848a57e550b" testListId="8c84fa94-04c1-424b-9868-57a2d4851a1d" />
    <TestEntry testId="e09dd948-3d50-2978-945b-4ec49b0e20c1" executionId="0f513549-41ce-4ea8-bd84-103f8abdc933" testListId="8c84fa94-04c1-424b-9868-57a2d4851a1d" />
    <TestEntry testId="7b1cb197-1e00-8e68-639c-4670d0e0820c" executionId="d95ec3a9-43a0-4602-9b09-3c46d0b9c67f" testListId="8c84fa94-04c1-424b-9868-57a2d4851a1d" />
    <TestEntry testId="ff61a9c7-54e8-ca9e-99a8-5ae1bb69c59a" executionId="fe24267d-09a2-4e72-be7d-3c77e1f60247" testListId="8c84fa94-04c1-424b-9868-57a2d4851a1d" />
    <TestEntry testId="6fe7787c-13a8-825c-e7b7-b06bce85377d" executionId="72a44e6b-27fd-40e2-a267-9322ef0beecb" testListId="8c84fa94-04c1-424b-9868-57a2d4851a1d" />
    <TestEntry testId="3b12f609-f392-671a-919d-b57c7ad5a89b" executionId="c176da59-a163-4e64-aa70-9f354d5b8933" testListId="8c84fa94-04c1-424b-9868-57a2d4851a1d" />
    <TestEntry testId="4016bf96-6e81-cef2-26ef-af156ab40494" executionId="3b146cad-3207-43d0-8833-106defdcd464" testListId="8c84fa94-04c1-424b-9868-57a2d4851a1d" />
    <TestEntry testId="23781a3f-d88c-ebc2-b860-85c99033ffb1" executionId="2eb146b6-e391-415b-a4a8-82ad585ca4e6" testListId="8c84fa94-04c1-424b-9868-57a2d4851a1d" />
    <TestEntry testId="44883867-953e-7a1c-fd64-5a7029021108" executionId="eb27d9fc-dea1-4db3-a7a7-2dbdddd570b3" testListId="8c84fa94-04c1-424b-9868-57a2d4851a1d" />
    <TestEntry testId="ec32bb9f-4685-85a3-fe5d-79227fd7adf8" executionId="4d70332d-6b35-4fbd-bf87-3e6912910ef4" testListId="8c84fa94-04c1-424b-9868-57a2d4851a1d" />
    <TestEntry testId="693081aa-c8c7-0908-b029-96c2d89be3e9" executionId="2d34f3be-f796-4cf7-bbb7-6906bdb90a04" testListId="8c84fa94-04c1-424b-9868-57a2d4851a1d" />
    <TestEntry testId="3233cff2-86c7-c5f9-5bd3-b60dfc937474" executionId="0cf3b40c-7ada-4b9a-b4a1-886b5444e473" testListId="8c84fa94-04c1-424b-9868-57a2d4851a1d" />
    <TestEntry testId="6eb59fe2-4bdd-72d1-79a5-e28893a545c8" executionId="bf879321-fdf9-4907-b64f-51852ffadc30" testListId="8c84fa94-04c1-424b-9868-57a2d4851a1d" />
    <TestEntry testId="39d38e67-74f1-7027-0d2f-188f268ca45d" executionId="dec4b37c-1c61-4261-a5c3-63ffb8ab260d" testListId="8c84fa94-04c1-424b-9868-57a2d4851a1d" />
    <TestEntry testId="5704046f-1e0f-80fd-1c47-01c2165dde23" executionId="97bd3ae3-b5d6-498f-87a9-2d6cf3097517" testListId="8c84fa94-04c1-424b-9868-57a2d4851a1d" />
    <TestEntry testId="f68bb589-6141-5e3c-858b-4fb18e03640e" executionId="5adac797-f7b9-4c65-b959-fd119ba6cbe5" testListId="8c84fa94-04c1-424b-9868-57a2d4851a1d" />
    <TestEntry testId="d628475e-8a67-20d5-79ad-10bd43a348b1" executionId="9558ecb8-3585-4119-9b8d-daba2dd13d14" testListId="8c84fa94-04c1-424b-9868-57a2d4851a1d" />
    <TestEntry testId="b0338c89-0337-b362-52bd-089091af0fc6" executionId="2d769896-aa37-4a29-97d4-2303edef330a" testListId="8c84fa94-04c1-424b-9868-57a2d4851a1d" />
    <TestEntry testId="2ba2d7fe-12ca-30ed-7398-f536804288bc" executionId="472461e6-0e4c-466a-ab51-1aa8ea6cb30d" testListId="8c84fa94-04c1-424b-9868-57a2d4851a1d" />
    <TestEntry testId="3b48bf0c-284e-3936-71ee-c12e16903cad" executionId="60053d26-ea45-4b09-977f-56db15b16216" testListId="8c84fa94-04c1-424b-9868-57a2d4851a1d" />
    <TestEntry testId="93c11641-3fc9-67ca-cc24-b28a7e60bb6b" executionId="c1f5fcd0-af12-4245-8e00-84eaf79b690c" testListId="8c84fa94-04c1-424b-9868-57a2d4851a1d" />
    <TestEntry testId="7240557b-0ef3-f1bc-bb40-9b9584e3314e" executionId="a6f1617c-180b-4586-b69c-9c6925872620" testListId="8c84fa94-04c1-424b-9868-57a2d4851a1d" />
    <TestEntry testId="2144583e-66ef-1918-b246-42e8c12e4f92" executionId="d60e09e3-9c8c-4097-9e23-97211fd925fc" testListId="8c84fa94-04c1-424b-9868-57a2d4851a1d" />
    <TestEntry testId="016a284b-6d44-9b6e-b616-14c8b1534424" executionId="8c43fc72-d834-4d58-a3c5-a812b8cb9a37" testListId="8c84fa94-04c1-424b-9868-57a2d4851a1d" />
    <TestEntry testId="aac00059-80c1-8704-4281-bc9715433057" executionId="0fc10f96-0213-4b1f-b81d-b071089e8add" testListId="8c84fa94-04c1-424b-9868-57a2d4851a1d" />
    <TestEntry testId="7531f71a-efbc-8a74-f684-a5c0ece42593" executionId="4fcd62db-d091-4be6-a1db-21eea20563f2" testListId="8c84fa94-04c1-424b-9868-57a2d4851a1d" />
    <TestEntry testId="6fd8d1f9-14ef-ce87-ee45-523c76f776f3" executionId="507a469c-30fa-4314-8f05-e4520e0df970" testListId="8c84fa94-04c1-424b-9868-57a2d4851a1d" />
    <TestEntry testId="6cc7e3c8-f3ef-d493-5c71-c18b759b4a29" executionId="34cb8ae2-1452-4420-bc34-38c8c2e4aff4" testListId="8c84fa94-04c1-424b-9868-57a2d4851a1d" />
    <TestEntry testId="051bbbe3-ef9a-1d45-aba6-fb7a44977210" executionId="8a0877ec-1b8a-4f7c-9231-c82c75e7285c" testListId="8c84fa94-04c1-424b-9868-57a2d4851a1d" />
    <TestEntry testId="f089e27c-6bae-f3b9-3a70-7120b39f3222" executionId="050affd7-32b6-4193-99bf-64c661bbfcec" testListId="8c84fa94-04c1-424b-9868-57a2d4851a1d" />
    <TestEntry testId="8e38b767-4080-9f05-ad83-38ba4ccadf37" executionId="59540800-19fd-4286-9528-4035c633fcf0" testListId="8c84fa94-04c1-424b-9868-57a2d4851a1d" />
    <TestEntry testId="4a4445fd-13f1-5024-882b-a933c5f57ff1" executionId="e546f52f-9563-4303-8727-7842759f7f7a" testListId="8c84fa94-04c1-424b-9868-57a2d4851a1d" />
    <TestEntry testId="559a5005-5e05-509b-d2af-748e46ef1cbc" executionId="5cfb9e48-4596-4ed8-b671-7fcb5cdaaa99" testListId="8c84fa94-04c1-424b-9868-57a2d4851a1d" />
    <TestEntry testId="f5ed253b-2d51-9512-d3f5-f07a0e087328" executionId="dd0d1e79-3ba3-483c-b02b-e3fb952d816a" testListId="8c84fa94-04c1-424b-9868-57a2d4851a1d" />
    <TestEntry testId="3f6e1c3e-8934-100c-951b-00287622ab8b" executionId="1f442d4c-3e9e-4ac0-94cd-cc46bf354ab6" testListId="8c84fa94-04c1-424b-9868-57a2d4851a1d" />
    <TestEntry testId="8b914b11-936b-e2e3-ae36-9ec866b819dc" executionId="a094c98e-a364-4144-9eca-208d6499fb9d" testListId="8c84fa94-04c1-424b-9868-57a2d4851a1d" />
    <TestEntry testId="9c69ecde-1825-9507-356c-4dd528a8e7d5" executionId="802ae87e-d53f-4e83-bb4b-a34369eb96d0" testListId="8c84fa94-04c1-424b-9868-57a2d4851a1d" />
    <TestEntry testId="a19fc36b-1072-d204-a814-34b0be37449f" executionId="e23d667d-e3ba-42cd-b87b-eace6a867666" testListId="8c84fa94-04c1-424b-9868-57a2d4851a1d" />
    <TestEntry testId="ba249c89-bcab-860d-ecfe-557aaefd4b71" executionId="4715526f-4c3a-4383-bbc1-0153c023c09b" testListId="8c84fa94-04c1-424b-9868-57a2d4851a1d" />
    <TestEntry testId="6e1311de-3e0b-7c4b-8709-e2ef8decda3f" executionId="f46751b7-8479-46c5-86ae-804a155b3a0c" testListId="8c84fa94-04c1-424b-9868-57a2d4851a1d" />
    <TestEntry testId="db9b34ad-951a-b1ee-a504-8d9333c68916" executionId="b5f99933-be94-4264-99c0-c9becf929ac7" testListId="8c84fa94-04c1-424b-9868-57a2d4851a1d" />
    <TestEntry testId="73e2734e-530f-b51f-eca0-0ec03feb140a" executionId="f63ea357-454f-4d6d-aa8e-86648bda6677" testListId="8c84fa94-04c1-424b-9868-57a2d4851a1d" />
    <TestEntry testId="005bf3cd-c0a8-f0f1-f988-0eb35d0f251d" executionId="a1247322-7ada-4f5f-8a43-0ba24b695bee" testListId="8c84fa94-04c1-424b-9868-57a2d4851a1d" />
    <TestEntry testId="5d89bd00-a7a0-0ce2-1a92-e57fa15a7f9e" executionId="8602b2cd-95bf-48b5-b431-bda3960726f8" testListId="8c84fa94-04c1-424b-9868-57a2d4851a1d" />
    <TestEntry testId="31d940dc-a4e6-bb90-6e22-dcc9d6fab9c2" executionId="33974f80-6c00-4dda-8b09-b4c14ecf197f" testListId="8c84fa94-04c1-424b-9868-57a2d4851a1d" />
    <TestEntry testId="45d5bbed-bb04-7e10-7247-34add14ea520" executionId="017d464d-ab83-4886-bad2-860364741343" testListId="8c84fa94-04c1-424b-9868-57a2d4851a1d" />
    <TestEntry testId="ab9c2660-4002-6716-f43b-c1a2f461d264" executionId="22048d45-257c-4c6b-a251-cff74829d548" testListId="8c84fa94-04c1-424b-9868-57a2d4851a1d" />
    <TestEntry testId="7b3252c7-23b3-484a-2f28-a17353713c1c" executionId="b3733ea7-34aa-4623-8b2d-94e63b6f2dc4" testListId="8c84fa94-04c1-424b-9868-57a2d4851a1d" />
    <TestEntry testId="e0718bc9-a570-81f5-a225-dbe2f0a05217" executionId="7f6ba66d-9be3-4465-9a4a-9d70489f873d" testListId="8c84fa94-04c1-424b-9868-57a2d4851a1d" />
    <TestEntry testId="36da5bd9-356e-3139-00f8-73f1bf013823" executionId="b53c4558-f617-4205-abda-455d282d2aae" testListId="8c84fa94-04c1-424b-9868-57a2d4851a1d" />
    <TestEntry testId="c1f73e03-ff2e-6e6f-7685-67b65b8cf6b5" executionId="a826860a-6275-4a1a-b019-fbc36f891c40" testListId="8c84fa94-04c1-424b-9868-57a2d4851a1d" />
    <TestEntry testId="36a88a36-f1f9-d640-6760-bbb9790ed8b0" executionId="38109255-a2bd-429a-a1ac-41bb00c7ac69" testListId="8c84fa94-04c1-424b-9868-57a2d4851a1d" />
    <TestEntry testId="350c2821-5738-202a-f332-7cdeb0b13769" executionId="a2ae8bad-3893-49b3-851d-f0b793a07656" testListId="8c84fa94-04c1-424b-9868-57a2d4851a1d" />
    <TestEntry testId="7ba65943-5070-1070-0925-35ef3ff548d9" executionId="6d0326cd-f1a1-4160-aef4-724c29249b7c" testListId="8c84fa94-04c1-424b-9868-57a2d4851a1d" />
    <TestEntry testId="735c1a4f-aa44-68c3-69de-bb93dacede10" executionId="68fc9ce6-ae81-4699-a0bb-a93c64dd1047" testListId="8c84fa94-04c1-424b-9868-57a2d4851a1d" />
    <TestEntry testId="35dd10e7-4bc2-b950-491d-ba1375386b24" executionId="0c7370e5-f695-4e83-9103-0d7cb52ffcef" testListId="8c84fa94-04c1-424b-9868-57a2d4851a1d" />
    <TestEntry testId="254ab7f7-98f9-0a30-c75b-3b07bf59be91" executionId="c66d1fb3-4bc4-42e8-bc64-2d597fe32d64" testListId="8c84fa94-04c1-424b-9868-57a2d4851a1d" />
    <TestEntry testId="3741c591-5d03-3eaf-1e55-9603c17789b6" executionId="a30bfcf2-b7aa-4b15-87a9-f4ef384c2a17" testListId="8c84fa94-04c1-424b-9868-57a2d4851a1d" />
    <TestEntry testId="c86abc80-5a43-afd8-e7d8-aecaa414f324" executionId="be744c27-fb5d-47cd-86d3-99132a13eb41" testListId="8c84fa94-04c1-424b-9868-57a2d4851a1d" />
    <TestEntry testId="b6955bcc-9e42-fcb6-435b-b4a74581779a" executionId="bbf8dd13-8307-4520-ba9b-39df4f04d76c" testListId="8c84fa94-04c1-424b-9868-57a2d4851a1d" />
    <TestEntry testId="97af2621-ca23-e487-45db-f35e904c4db6" executionId="bdef2a19-762e-4eeb-96da-ae57ac5095e6" testListId="8c84fa94-04c1-424b-9868-57a2d4851a1d" />
    <TestEntry testId="a16a3ef3-5d6f-34fe-c7a5-f4c99aefd292" executionId="b4abc3f1-91df-4597-971d-0205b552cd1c" testListId="8c84fa94-04c1-424b-9868-57a2d4851a1d" />
    <TestEntry testId="60205562-50ae-67b2-8665-2de0ae2a52d4" executionId="e2f05c89-5ab4-49fa-99fb-06088762ae59" testListId="8c84fa94-04c1-424b-9868-57a2d4851a1d" />
    <TestEntry testId="4289f93b-8743-fdbf-d09e-dc93eba5ad09" executionId="2c7c86d8-0af2-4946-9e91-0e7763659646" testListId="8c84fa94-04c1-424b-9868-57a2d4851a1d" />
    <TestEntry testId="1009273b-be84-aab5-7e4d-547a78dece02" executionId="c8de5512-57c8-4e9d-9ec3-0ccdd352e2a0" testListId="8c84fa94-04c1-424b-9868-57a2d4851a1d" />
    <TestEntry testId="65bda07b-6fa4-89f6-505e-ddc08a52a3f1" executionId="f742e4eb-5e8b-487a-801c-c06108572757" testListId="8c84fa94-04c1-424b-9868-57a2d4851a1d" />
    <TestEntry testId="b18e30ac-519c-48f4-3dea-1a3f8e439432" executionId="e6fbb6b8-bab0-4f3e-97e9-67eca0ba428e" testListId="8c84fa94-04c1-424b-9868-57a2d4851a1d" />
    <TestEntry testId="cc20ac27-5d80-291f-66f5-f559f02cb73a" executionId="e6be2b65-3f2e-4a44-8c23-5404102fce4e" testListId="8c84fa94-04c1-424b-9868-57a2d4851a1d" />
    <TestEntry testId="97cb0c94-f3bf-6b19-773d-6863ff64863c" executionId="1037a526-daca-436c-8a08-51ad5a19e9b9" testListId="8c84fa94-04c1-424b-9868-57a2d4851a1d" />
    <TestEntry testId="997eaaba-9f64-4bf0-f8ff-6f43edad9d22" executionId="0e6e4d02-6a42-436b-aec2-448f115431f1" testListId="8c84fa94-04c1-424b-9868-57a2d4851a1d" />
    <TestEntry testId="3d965447-1b00-746c-cef3-a6b35774daae" executionId="450c1a8f-00e2-4945-883e-ff9067aa26a9" testListId="8c84fa94-04c1-424b-9868-57a2d4851a1d" />
    <TestEntry testId="d7f10f50-31ef-fa5c-26cb-3ef72f086da5" executionId="6396fe38-3e31-48db-8b0e-89295d8c6790" testListId="8c84fa94-04c1-424b-9868-57a2d4851a1d" />
    <TestEntry testId="6b7e04ac-6d13-634b-ddc0-a6c0bc3b0448" executionId="c55db4c2-385a-458a-a9e0-6d32de8cfd63" testListId="8c84fa94-04c1-424b-9868-57a2d4851a1d" />
    <TestEntry testId="d80829c9-fdb9-11a8-a371-03a594bce247" executionId="90ee05e4-a35b-40b8-b460-28145e6461e2" testListId="8c84fa94-04c1-424b-9868-57a2d4851a1d" />
    <TestEntry testId="f37c84d0-92ca-76f7-2b89-faf164dfff20" executionId="4ffbf4de-19cc-44f5-81c1-1fd967dc13f1" testListId="8c84fa94-04c1-424b-9868-57a2d4851a1d" />
    <TestEntry testId="34007d6d-a711-5359-54bc-86202f35e652" executionId="62cc7e2b-409e-4931-951c-4045b29ad94f" testListId="8c84fa94-04c1-424b-9868-57a2d4851a1d" />
    <TestEntry testId="9873d795-88db-b8c3-2d53-f434a34b77da" executionId="f61da607-534c-4079-b7a0-3b4ad3152bac" testListId="8c84fa94-04c1-424b-9868-57a2d4851a1d" />
    <TestEntry testId="fc6d0755-48c6-466b-c481-040082870008" executionId="00040ca6-41e5-4cae-ae73-47cc31390df7" testListId="8c84fa94-04c1-424b-9868-57a2d4851a1d" />
    <TestEntry testId="b1db795a-c060-68de-c747-cb5ba98d8ee9" executionId="67dbd1dc-e8b9-4ce6-96dc-cec0cc222396" testListId="8c84fa94-04c1-424b-9868-57a2d4851a1d" />
    <TestEntry testId="248918a1-f93f-8df3-bb45-9bce3cfca904" executionId="bac68178-7d92-49c0-8a0b-f40e2f31608c" testListId="8c84fa94-04c1-424b-9868-57a2d4851a1d" />
    <TestEntry testId="5096cea6-2d71-e8d5-dc79-bc5b6eeadcd1" executionId="a72c3293-96cb-489f-a29a-4324d0b87921" testListId="8c84fa94-04c1-424b-9868-57a2d4851a1d" />
    <TestEntry testId="5c98c71c-c040-0b89-980a-9d1d26a20cb5" executionId="06e9e86a-fa60-4a88-a90d-9336918337e1" testListId="8c84fa94-04c1-424b-9868-57a2d4851a1d" />
    <TestEntry testId="216b9297-50a6-7dea-465e-32ff93a0691d" executionId="7504c310-5eb0-43ab-ae87-24862dedf2dd" testListId="8c84fa94-04c1-424b-9868-57a2d4851a1d" />
    <TestEntry testId="ab282b9d-22b6-3111-4415-0d72577140ac" executionId="93b286d8-bb99-4469-af58-30bbcb094646" testListId="8c84fa94-04c1-424b-9868-57a2d4851a1d" />
    <TestEntry testId="487ece7d-bf0f-9af9-011c-492d98026736" executionId="a666faff-c732-4fa0-adba-626340447a2d" testListId="8c84fa94-04c1-424b-9868-57a2d4851a1d" />
    <TestEntry testId="0b2db1ab-6b19-4046-2fcc-75273174094f" executionId="fdd24885-3961-4656-b5ca-34cfb0672c26" testListId="8c84fa94-04c1-424b-9868-57a2d4851a1d" />
    <TestEntry testId="71eaed43-5cd1-48aa-5732-8f9688c6cefd" executionId="b9fdaa91-c99e-4bc3-83ac-8219836b0960" testListId="8c84fa94-04c1-424b-9868-57a2d4851a1d" />
    <TestEntry testId="bb30ef8c-2116-35e3-a3c9-acf8e2ee9f6f" executionId="7a1df54a-a462-43d6-81c3-c3230bc79dbb" testListId="8c84fa94-04c1-424b-9868-57a2d4851a1d" />
    <TestEntry testId="a27c1d23-2c0a-aab9-4df7-896aae03dc9f" executionId="8b619857-fe61-42d9-97ce-4907fa21bb09" testListId="8c84fa94-04c1-424b-9868-57a2d4851a1d" />
    <TestEntry testId="64e97bc9-edf0-e2d5-c04b-5973aa9fee66" executionId="235b9c23-35c8-454b-9171-2448d62619c8" testListId="8c84fa94-04c1-424b-9868-57a2d4851a1d" />
    <TestEntry testId="8a68d6dd-6dbf-bc5a-5bb9-4e72b723e1e9" executionId="3c1e66ad-c532-4993-a894-86daf54652ec" testListId="8c84fa94-04c1-424b-9868-57a2d4851a1d" />
    <TestEntry testId="212b442f-9908-1751-1472-1a1b0aa8330b" executionId="9169e7d1-cbad-4688-9d61-95d3fefb225c" testListId="8c84fa94-04c1-424b-9868-57a2d4851a1d" />
  </TestEntries>
  <TestLists>
    <TestList name="Results Not in a List" id="8c84fa94-04c1-424b-9868-57a2d4851a1d" />
    <TestList name="All Loaded Results" id="19431567-8539-422a-85d7-44ee4e166bda" />
  </TestLists>
  <ResultSummary outcome="Completed">
    <Counters total="226" executed="226" passed="226" failed="0" error="0" timeout="0" aborted="0" inconclusive="0" passedButRunAborted="0" notRunnable="0" notExecuted="0" disconnected="0" warning="0" completed="0" inProgress="0" pending="0" />
    <Output>
      <StdOut>[xUnit.net 00:00:00.00] xUnit.net VSTest Adapter v2.5.3.1+6b60a9e56a (64-bit .NET 8.0.19)&#xD;
[xUnit.net 00:00:02.54]   Discovering: LankaConnect.Application.Tests&#xD;
[xUnit.net 00:00:02.81]   Discovered:  LankaConnect.Application.Tests&#xD;
[xUnit.net 00:00:02.83]   Starting:    LankaConnect.Application.Tests&#xD;
[xUnit.net 00:00:04.20]   Finished:    LankaConnect.Application.Tests&#xD;
</StdOut>
    </Output>
    <CollectorDataEntries>
      <Collector agentName="LAPTOP-23VGHTR6" uri="datacollector://microsoft/CoverletCodeCoverage/1.0" collectorDisplayName="XPlat code coverage">
        <UriAttachments>
          <UriAttachment>
            <A href="LAPTOP-23VGHTR6\coverage.cobertura.xml"></A>
          </UriAttachment>
        </UriAttachments>
      </Collector>
    </CollectorDataEntries>
  </ResultSummary>
</TestRun>